WdgMtb: ACCESS SldSrf@HLSWP is AVAILABLE (CB)
WdgMtb: ACCESS HlswpRmvMat@FEATMENU@HLSWP is invisible (UI)
WdgMtb: ACCESS HlswpThinChk@FEATMENU@HLSWP is AVAILABLE (CB)
WdgMtb: ACCESS Hand_opt_RG@HLSWP is AVAILABLE (CB)
WdgMtb: ACCESS DefineRmbBtn@FEATMENU@HLSWP is invisible (UI)
WdgMtb: ACCESS SketchRmbBtn@FEATMENU@HLSWP is invisible (UI)
WdgMtb: ACCESS axis_btn@HLSWP is AVAILABLE (CB)
WdgMtb: ACCESS int_sketch@HLSWP is unavailable (CB)
WdgMtb: ACCESS cap_btn@HLSWP is unavailable (CB)
WdgMtb: ACCESS sket_opt@HLSWP is AVAILABLE (CB)
WdgMtb: ACCESS helix_chk_btn@HLSWP is AVAILABLE (CB)
WdgMtb: ACCESS SldSrf@HLSWP is AVAILABLE (CB)
WdgMtb: ACCESS HlswpRmvMat@FEATMENU@HLSWP is invisible (UI)
WdgMtb: ACCESS HlswpThinChk@FEATMENU@HLSWP is AVAILABLE (CB)
WdgMtb: ACCESS Hand_opt_RG@HLSWP is AVAILABLE (CB)
WdgMtb: ACCESS DefineRmbBtn@FEATMENU@HLSWP is invisible (UI)
WdgMtb: ACCESS SketchRmbBtn@FEATMENU@HLSWP is invisible (UI)
WdgMtb: ACCESS axis_btn@HLSWP is AVAILABLE (CB)
WdgMtb: ACCESS int_sketch@HLSWP is unavailable (CB)
WdgMtb: ACCESS cap_btn@HLSWP is unavailable (CB)
WdgMtb: ACCESS sket_opt@HLSWP is AVAILABLE (CB)
WdgMtb: ACCESS helix_chk_btn@HLSWP is AVAILABLE (CB)
WdgMtb: ACCESS SldSrf@HLSWP is AVAILABLE (CB)
WdgMtb: ACCESS HlswpRmvMat@FEATMENU@HLSWP is invisible (UI)
WdgMtb: ACCESS HlswpThinChk@FEATMENU@HLSWP is AVAILABLE (CB)
WdgMtb: ACCESS Hand_opt_RG@HLSWP is AVAILABLE (CB)
WdgMtb: ACCESS DefineRmbBtn@FEATMENU@HLSWP is invisible (UI)
WdgMtb: ACCESS SketchRmbBtn@FEATMENU@HLSWP is invisible (UI)
WdgMtb: ACCESS axis_btn@HLSWP is AVAILABLE (CB)
WdgMtb: ACCESS int_sketch@HLSWP is unavailable (CB)
WdgMtb: ACCESS cap_btn@HLSWP is unavailable (CB)
WdgMtb: ACCESS sket_opt@HLSWP is AVAILABLE (CB)
WdgMtb: ACCESS helix_chk_btn@HLSWP is AVAILABLE (CB)
WdgMtb: ACCESS SldSrf@HLSWP is AVAILABLE (CB)
WdgMtb: ACCESS HlswpRmvMat@FEATMENU@HLSWP is invisible (UI)
WdgMtb: ACCESS HlswpThinChk@FEATMENU@HLSWP is AVAILABLE (CB)
WdgMtb: ACCESS Hand_opt_RG@HLSWP is AVAILABLE (CB)
WdgMtb: ACCESS DefineRmbBtn@FEATMENU@HLSWP is invisible (UI)
WdgMtb: ACCESS SketchRmbBtn@FEATMENU@HLSWP is invisible (UI)
WdgMtb: ACCESS axis_btn@HLSWP is AVAILABLE (CB)
WdgMtb: ACCESS int_sketch@HLSWP is unavailable (CB)
WdgMtb: ACCESS cap_btn@HLSWP is unavailable (CB)
WdgMtb: ACCESS sket_opt@HLSWP is AVAILABLE (CB)
WdgMtb: ACCESS helix_chk_btn@HLSWP is AVAILABLE (CB)
WdgMtb: ACCESS SldSrf@HLSWP is AVAILABLE (CB)
WdgMtb: ACCESS HlswpRmvMat@FEATMENU@HLSWP is invisible (UI)
WdgMtb: ACCESS HlswpThinChk@FEATMENU@HLSWP is AVAILABLE (CB)
WdgMtb: ACCESS Hand_opt_RG@HLSWP is AVAILABLE (CB)
WdgMtb: ACCESS DefineRmbBtn@FEATMENU@HLSWP is invisible (UI)
WdgMtb: ACCESS SketchRmbBtn@FEATMENU@HLSWP is invisible (UI)
WdgMtb: ACCESS axis_btn@HLSWP is AVAILABLE (CB)
WdgMtb: ACCESS int_sketch@HLSWP is unavailable (CB)
WdgMtb: ACCESS cap_btn@HLSWP is unavailable (CB)
WdgMtb: ACCESS sket_opt@HLSWP is AVAILABLE (CB)
WdgMtb: ACCESS helix_chk_btn@HLSWP is AVAILABLE (CB)
WdgMtb: ACCESS SldSrf@HLSWP is invisible (UI)
WdgMtb: ACCESS HlswpRmvMat@FEATMENU@HLSWP is invisible (UI)
WdgMtb: ACCESS HlswpThinChk@FEATMENU@HLSWP is invisible (UI)
WdgMtb: ACCESS Hand_opt_RG@HLSWP is invisible (UI)
WdgMtb: ACCESS DefineRmbBtn@FEATMENU@HLSWP is invisible (UI)
WdgMtb: ACCESS SketchRmbBtn@FEATMENU@HLSWP is invisible (UI)
WdgMtb: ACCESS axis_btn@HLSWP is invisible (UI)
WdgMtb: ACCESS int_sketch@HLSWP is invisible (UI)
WdgMtb: ACCESS cap_btn@HLSWP is invisible (UI)
WdgMtb: ACCESS sket_opt@HLSWP is invisible (UI)
WdgMtb: ACCESS helix_chk_btn@HLSWP is invisible (UI)
WdgMtb: ACCESS SldSrf@HLSWP is invisible (UI)
WdgMtb: ACCESS HlswpRmvMat@FEATMENU@HLSWP is invisible (UI)
WdgMtb: ACCESS HlswpThinChk@FEATMENU@HLSWP is invisible (UI)
WdgMtb: ACCESS Hand_opt_RG@HLSWP is invisible (UI)
WdgMtb: ACCESS DefineRmbBtn@FEATMENU@HLSWP is invisible (UI)
WdgMtb: ACCESS SketchRmbBtn@FEATMENU@HLSWP is invisible (UI)
WdgMtb: ACCESS axis_btn@HLSWP is invisible (UI)
WdgMtb: ACCESS int_sketch@HLSWP is invisible (UI)
WdgMtb: ACCESS cap_btn@HLSWP is invisible (UI)
WdgMtb: ACCESS sket_opt@HLSWP is invisible (UI)
WdgMtb: ACCESS helix_chk_btn@HLSWP is invisible (UI)
WdgMtb: ACCESS SldSrf@HLSWP is invisible (UI)
WdgMtb: ACCESS HlswpRmvMat@FEATMENU@HLSWP is invisible (UI)
WdgMtb: ACCESS HlswpThinChk@FEATMENU@HLSWP is invisible (UI)
WdgMtb: ACCESS Hand_opt_RG@HLSWP is invisible (UI)
WdgMtb: ACCESS DefineRmbBtn@FEATMENU@HLSWP is invisible (UI)
WdgMtb: ACCESS SketchRmbBtn@FEATMENU@HLSWP is invisible (UI)
WdgMtb: ACCESS axis_btn@HLSWP is invisible (UI)
WdgMtb: ACCESS int_sketch@HLSWP is invisible (UI)
WdgMtb: ACCESS cap_btn@HLSWP is invisible (UI)
WdgMtb: ACCESS sket_opt@HLSWP is invisible (UI)
WdgMtb: ACCESS helix_chk_btn@HLSWP is invisible (UI)
WdgMtb: ACCESS SldSrf@HLSWP is invisible (UI)
WdgMtb: ACCESS HlswpRmvMat@FEATMENU@HLSWP is invisible (UI)
WdgMtb: ACCESS HlswpThinChk@FEATMENU@HLSWP is invisible (UI)
WdgMtb: ACCESS Hand_opt_RG@HLSWP is invisible (UI)
WdgMtb: ACCESS DefineRmbBtn@FEATMENU@HLSWP is invisible (UI)
WdgMtb: ACCESS SketchRmbBtn@FEATMENU@HLSWP is invisible (UI)
WdgMtb: ACCESS axis_btn@HLSWP is invisible (UI)
WdgMtb: ACCESS int_sketch@HLSWP is invisible (UI)
WdgMtb: ACCESS cap_btn@HLSWP is invisible (UI)
WdgMtb: ACCESS sket_opt@HLSWP is invisible (UI)
WdgMtb: ACCESS helix_chk_btn@HLSWP is invisible (UI)
WdgMtb: ACCESS SldSrf@HLSWP is invisible (UI)
WdgMtb: ACCESS HlswpRmvMat@FEATMENU@HLSWP is invisible (UI)
WdgMtb: ACCESS HlswpThinChk@FEATMENU@HLSWP is invisible (UI)
WdgMtb: ACCESS Hand_opt_RG@HLSWP is invisible (UI)
WdgMtb: ACCESS DefineRmbBtn@FEATMENU@HLSWP is invisible (UI)
WdgMtb: ACCESS SketchRmbBtn@FEATMENU@HLSWP is invisible (UI)
WdgMtb: ACCESS axis_btn@HLSWP is invisible (UI)
WdgMtb: ACCESS int_sketch@HLSWP is invisible (UI)
WdgMtb: ACCESS cap_btn@HLSWP is invisible (UI)
WdgMtb: ACCESS sket_opt@HLSWP is invisible (UI)
WdgMtb: ACCESS helix_chk_btn@HLSWP is invisible (UI)
WdgMtb: ACCESS SldSrf@HLSWP is AVAILABLE (CB)
WdgMtb: ACCESS HlswpRmvMat@FEATMENU@HLSWP is invisible (UI)
WdgMtb: ACCESS HlswpThinChk@FEATMENU@HLSWP is AVAILABLE (CB)
WdgMtb: ACCESS Hand_opt_RG@HLSWP is AVAILABLE (CB)
WdgMtb: ACCESS DefineRmbBtn@FEATMENU@HLSWP is invisible (UI)
WdgMtb: ACCESS SketchRmbBtn@FEATMENU@HLSWP is invisible (UI)
WdgMtb: ACCESS axis_btn@HLSWP is AVAILABLE (CB)
WdgMtb: ACCESS int_sketch@HLSWP is unavailable (CB)
WdgMtb: ACCESS cap_btn@HLSWP is unavailable (CB)
WdgMtb: ACCESS sket_opt@HLSWP is AVAILABLE (CB)
WdgMtb: ACCESS helix_chk_btn@HLSWP is AVAILABLE (CB)
WdgMtb: ACCESS SldSrf@HLSWP is AVAILABLE (CB)
WdgMtb: ACCESS HlswpRmvMat@FEATMENU@HLSWP is invisible (UI)
WdgMtb: ACCESS HlswpThinChk@FEATMENU@HLSWP is AVAILABLE (CB)
WdgMtb: ACCESS Hand_opt_RG@HLSWP is AVAILABLE (CB)
WdgMtb: ACCESS DefineRmbBtn@FEATMENU@HLSWP is invisible (UI)
WdgMtb: ACCESS SketchRmbBtn@FEATMENU@HLSWP is invisible (UI)
WdgMtb: ACCESS axis_btn@HLSWP is AVAILABLE (CB)
WdgMtb: ACCESS int_sketch@HLSWP is unavailable (CB)
WdgMtb: ACCESS cap_btn@HLSWP is unavailable (CB)
WdgMtb: ACCESS sket_opt@HLSWP is AVAILABLE (CB)
WdgMtb: ACCESS helix_chk_btn@HLSWP is AVAILABLE (CB)
WdgMtb: ACCESS SldSrf@HLSWP is AVAILABLE (CB)
WdgMtb: ACCESS HlswpRmvMat@FEATMENU@HLSWP is invisible (UI)
WdgMtb: ACCESS HlswpThinChk@FEATMENU@HLSWP is AVAILABLE (CB)
WdgMtb: ACCESS Hand_opt_RG@HLSWP is AVAILABLE (CB)
WdgMtb: ACCESS DefineRmbBtn@FEATMENU@HLSWP is invisible (UI)
WdgMtb: ACCESS SketchRmbBtn@FEATMENU@HLSWP is invisible (UI)
WdgMtb: ACCESS axis_btn@HLSWP is AVAILABLE (CB)
WdgMtb: ACCESS int_sketch@HLSWP is unavailable (CB)
WdgMtb: ACCESS cap_btn@HLSWP is unavailable (CB)
WdgMtb: ACCESS sket_opt@HLSWP is AVAILABLE (CB)
WdgMtb: ACCESS helix_chk_btn@HLSWP is AVAILABLE (CB)
WdgMtb: ACCESS SldSrf@HLSWP is AVAILABLE (CB)
WdgMtb: ACCESS HlswpRmvMat@FEATMENU@HLSWP is invisible (UI)
WdgMtb: ACCESS HlswpThinChk@FEATMENU@HLSWP is AVAILABLE (CB)
WdgMtb: ACCESS Hand_opt_RG@HLSWP is AVAILABLE (CB)
WdgMtb: ACCESS DefineRmbBtn@FEATMENU@HLSWP is invisible (UI)
WdgMtb: ACCESS SketchRmbBtn@FEATMENU@HLSWP is invisible (UI)
WdgMtb: ACCESS axis_btn@HLSWP is AVAILABLE (CB)
WdgMtb: ACCESS int_sketch@HLSWP is unavailable (CB)
WdgMtb: ACCESS cap_btn@HLSWP is unavailable (CB)
WdgMtb: ACCESS sket_opt@HLSWP is AVAILABLE (CB)
WdgMtb: ACCESS helix_chk_btn@HLSWP is AVAILABLE (CB)
WdgMtb: ACCESS SldSrf@HLSWP is AVAILABLE (CB)
WdgMtb: ACCESS HlswpRmvMat@FEATMENU@HLSWP is invisible (UI)
WdgMtb: ACCESS HlswpThinChk@FEATMENU@HLSWP is AVAILABLE (CB)
WdgMtb: ACCESS Hand_opt_RG@HLSWP is AVAILABLE (CB)
WdgMtb: ACCESS DefineRmbBtn@FEATMENU@HLSWP is invisible (UI)
WdgMtb: ACCESS SketchRmbBtn@FEATMENU@HLSWP is invisible (UI)
WdgMtb: ACCESS axis_btn@HLSWP is AVAILABLE (CB)
WdgMtb: ACCESS int_sketch@HLSWP is unavailable (CB)
WdgMtb: ACCESS cap_btn@HLSWP is unavailable (CB)
WdgMtb: ACCESS sket_opt@HLSWP is AVAILABLE (CB)
WdgMtb: ACCESS helix_chk_btn@HLSWP is AVAILABLE (CB)
WdgMtb: ACCESS SldSrf@HLSWP is AVAILABLE (CB)
WdgMtb: ACCESS HlswpRmvMat@FEATMENU@HLSWP is invisible (UI)
WdgMtb: ACCESS HlswpThinChk@FEATMENU@HLSWP is AVAILABLE (CB)
WdgMtb: ACCESS Hand_opt_RG@HLSWP is AVAILABLE (CB)
WdgMtb: ACCESS DefineRmbBtn@FEATMENU@HLSWP is invisible (UI)
WdgMtb: ACCESS SketchRmbBtn@FEATMENU@HLSWP is invisible (UI)
WdgMtb: ACCESS axis_btn@HLSWP is AVAILABLE (CB)
WdgMtb: ACCESS int_sketch@HLSWP is unavailable (CB)
WdgMtb: ACCESS cap_btn@HLSWP is unavailable (CB)
WdgMtb: ACCESS sket_opt@HLSWP is AVAILABLE (CB)
WdgMtb: ACCESS helix_chk_btn@HLSWP is AVAILABLE (CB)
WdgMtb: ACCESS SldSrf@HLSWP is AVAILABLE (CB)
WdgMtb: ACCESS HlswpRmvMat@FEATMENU@HLSWP is invisible (UI)
WdgMtb: ACCESS HlswpThinChk@FEATMENU@HLSWP is AVAILABLE (CB)
WdgMtb: ACCESS Hand_opt_RG@HLSWP is AVAILABLE (CB)
WdgMtb: ACCESS DefineRmbBtn@FEATMENU@HLSWP is invisible (UI)
WdgMtb: ACCESS SketchRmbBtn@FEATMENU@HLSWP is invisible (UI)
WdgMtb: ACCESS axis_btn@HLSWP is AVAILABLE (CB)
WdgMtb: ACCESS int_sketch@HLSWP is unavailable (CB)
WdgMtb: ACCESS cap_btn@HLSWP is unavailable (CB)
WdgMtb: ACCESS sket_opt@HLSWP is AVAILABLE (CB)
WdgMtb: ACCESS helix_chk_btn@HLSWP is AVAILABLE (CB)
WdgMtb: ACCESS SldSrf@HLSWP is AVAILABLE (CB)
WdgMtb: ACCESS HlswpRmvMat@FEATMENU@HLSWP is invisible (UI)
WdgMtb: ACCESS HlswpThinChk@FEATMENU@HLSWP is AVAILABLE (CB)
WdgMtb: ACCESS Hand_opt_RG@HLSWP is AVAILABLE (CB)
WdgMtb: ACCESS DefineRmbBtn@FEATMENU@HLSWP is invisible (UI)
WdgMtb: ACCESS SketchRmbBtn@FEATMENU@HLSWP is invisible (UI)
WdgMtb: ACCESS axis_btn@HLSWP is AVAILABLE (CB)
WdgMtb: ACCESS int_sketch@HLSWP is unavailable (CB)
WdgMtb: ACCESS cap_btn@HLSWP is unavailable (CB)
WdgMtb: ACCESS sket_opt@HLSWP is AVAILABLE (CB)
WdgMtb: ACCESS helix_chk_btn@HLSWP is AVAILABLE (CB)
WdgMtb: ACCESS SldSrf@HLSWP is AVAILABLE (CB)
WdgMtb: ACCESS HlswpRmvMat@FEATMENU@HLSWP is invisible (UI)
WdgMtb: ACCESS HlswpThinChk@FEATMENU@HLSWP is AVAILABLE (CB)
WdgMtb: ACCESS Hand_opt_RG@HLSWP is AVAILABLE (CB)
WdgMtb: ACCESS DefineRmbBtn@FEATMENU@HLSWP is invisible (UI)
WdgMtb: ACCESS SketchRmbBtn@FEATMENU@HLSWP is invisible (UI)
WdgMtb: ACCESS axis_btn@HLSWP is AVAILABLE (CB)
WdgMtb: ACCESS int_sketch@HLSWP is unavailable (CB)
WdgMtb: ACCESS cap_btn@HLSWP is unavailable (CB)
WdgMtb: ACCESS sket_opt@HLSWP is AVAILABLE (CB)
WdgMtb: ACCESS helix_chk_btn@HLSWP is AVAILABLE (CB)
WdgMtb: ACCESS SldSrf@HLSWP is AVAILABLE (CB)
WdgMtb: ACCESS HlswpRmvMat@FEATMENU@HLSWP is invisible (UI)
WdgMtb: ACCESS HlswpThinChk@FEATMENU@HLSWP is AVAILABLE (CB)
WdgMtb: ACCESS Hand_opt_RG@HLSWP is AVAILABLE (CB)
WdgMtb: ACCESS DefineRmbBtn@FEATMENU@HLSWP is invisible (UI)
WdgMtb: ACCESS SketchRmbBtn@FEATMENU@HLSWP is invisible (UI)
WdgMtb: ACCESS axis_btn@HLSWP is AVAILABLE (CB)
WdgMtb: ACCESS int_sketch@HLSWP is unavailable (CB)
WdgMtb: ACCESS cap_btn@HLSWP is unavailable (CB)
WdgMtb: ACCESS sket_opt@HLSWP is AVAILABLE (CB)
WdgMtb: ACCESS helix_chk_btn@HLSWP is AVAILABLE (CB)
WdgMtb: ACCESS SldSrf@HLSWP is AVAILABLE (CB)
WdgMtb: ACCESS HlswpRmvMat@FEATMENU@HLSWP is invisible (UI)
WdgMtb: ACCESS HlswpThinChk@FEATMENU@HLSWP is AVAILABLE (CB)
WdgMtb: ACCESS Hand_opt_RG@HLSWP is AVAILABLE (CB)
WdgMtb: ACCESS DefineRmbBtn@FEATMENU@HLSWP is invisible (UI)
WdgMtb: ACCESS SketchRmbBtn@FEATMENU@HLSWP is invisible (UI)
WdgMtb: ACCESS axis_btn@HLSWP is AVAILABLE (CB)
WdgMtb: ACCESS int_sketch@HLSWP is unavailable (CB)
WdgMtb: ACCESS cap_btn@HLSWP is unavailable (CB)
WdgMtb: ACCESS sket_opt@HLSWP is AVAILABLE (CB)
WdgMtb: ACCESS helix_chk_btn@HLSWP is AVAILABLE (CB)
WdgMtb: ACCESS SldSrf@HLSWP is AVAILABLE (CB)
WdgMtb: ACCESS HlswpRmvMat@FEATMENU@HLSWP is invisible (UI)
WdgMtb: ACCESS HlswpThinChk@FEATMENU@HLSWP is AVAILABLE (CB)
WdgMtb: ACCESS Hand_opt_RG@HLSWP is AVAILABLE (CB)
WdgMtb: ACCESS DefineRmbBtn@FEATMENU@HLSWP is invisible (UI)
WdgMtb: ACCESS SketchRmbBtn@FEATMENU@HLSWP is invisible (UI)
WdgMtb: ACCESS axis_btn@HLSWP is AVAILABLE (CB)
WdgMtb: ACCESS int_sketch@HLSWP is unavailable (CB)
WdgMtb: ACCESS cap_btn@HLSWP is unavailable (CB)
WdgMtb: ACCESS sket_opt@HLSWP is AVAILABLE (CB)
WdgMtb: ACCESS helix_chk_btn@HLSWP is AVAILABLE (CB)
WdgMtb: ACCESS SldSrf@HLSWP is AVAILABLE (CB)
WdgMtb: ACCESS HlswpRmvMat@FEATMENU@HLSWP is invisible (UI)
WdgMtb: ACCESS HlswpThinChk@FEATMENU@HLSWP is AVAILABLE (CB)
WdgMtb: ACCESS Hand_opt_RG@HLSWP is AVAILABLE (CB)
WdgMtb: ACCESS DefineRmbBtn@FEATMENU@HLSWP is invisible (UI)
WdgMtb: ACCESS SketchRmbBtn@FEATMENU@HLSWP is invisible (UI)
WdgMtb: ACCESS axis_btn@HLSWP is AVAILABLE (CB)
WdgMtb: ACCESS int_sketch@HLSWP is unavailable (CB)
WdgMtb: ACCESS cap_btn@HLSWP is unavailable (CB)
WdgMtb: ACCESS sket_opt@HLSWP is AVAILABLE (CB)
WdgMtb: ACCESS helix_chk_btn@HLSWP is AVAILABLE (CB)
WdgMtb: ACCESS SldSrf@HLSWP is AVAILABLE (CB)
WdgMtb: ACCESS HlswpRmvMat@FEATMENU@HLSWP is invisible (UI)
WdgMtb: ACCESS HlswpThinChk@FEATMENU@HLSWP is AVAILABLE (CB)
WdgMtb: ACCESS Hand_opt_RG@HLSWP is AVAILABLE (CB)
WdgMtb: ACCESS DefineRmbBtn@FEATMENU@HLSWP is invisible (UI)
WdgMtb: ACCESS SketchRmbBtn@FEATMENU@HLSWP is invisible (UI)
WdgMtb: ACCESS axis_btn@HLSWP is AVAILABLE (CB)
WdgMtb: ACCESS int_sketch@HLSWP is unavailable (CB)
WdgMtb: ACCESS cap_btn@HLSWP is unavailable (CB)
WdgMtb: ACCESS sket_opt@HLSWP is AVAILABLE (CB)
WdgMtb: ACCESS helix_chk_btn@HLSWP is AVAILABLE (CB)
WdgMtb: ACCESS SldSrf@HLSWP is AVAILABLE (CB)
WdgMtb: ACCESS HlswpRmvMat@FEATMENU@HLSWP is invisible (UI)
WdgMtb: ACCESS HlswpThinChk@FEATMENU@HLSWP is AVAILABLE (CB)
WdgMtb: ACCESS Hand_opt_RG@HLSWP is AVAILABLE (CB)
WdgMtb: ACCESS DefineRmbBtn@FEATMENU@HLSWP is invisible (UI)
WdgMtb: ACCESS SketchRmbBtn@FEATMENU@HLSWP is invisible (UI)
WdgMtb: ACCESS axis_btn@HLSWP is AVAILABLE (CB)
WdgMtb: ACCESS int_sketch@HLSWP is unavailable (CB)
WdgMtb: ACCESS cap_btn@HLSWP is unavailable (CB)
WdgMtb: ACCESS sket_opt@HLSWP is AVAILABLE (CB)
WdgMtb: ACCESS helix_chk_btn@HLSWP is AVAILABLE (CB)
WdgMtb: ACCESS SldSrf@HLSWP is AVAILABLE (CB)
WdgMtb: ACCESS HlswpRmvMat@FEATMENU@HLSWP is invisible (UI)
WdgMtb: ACCESS HlswpThinChk@FEATMENU@HLSWP is AVAILABLE (CB)
WdgMtb: ACCESS Hand_opt_RG@HLSWP is AVAILABLE (CB)
WdgMtb: ACCESS DefineRmbBtn@FEATMENU@HLSWP is invisible (UI)
WdgMtb: ACCESS SketchRmbBtn@FEATMENU@HLSWP is invisible (UI)
WdgMtb: ACCESS axis_btn@HLSWP is AVAILABLE (CB)
WdgMtb: ACCESS int_sketch@HLSWP is unavailable (CB)
WdgMtb: ACCESS cap_btn@HLSWP is unavailable (CB)
WdgMtb: ACCESS sket_opt@HLSWP is AVAILABLE (CB)
WdgMtb: ACCESS helix_chk_btn@HLSWP is AVAILABLE (CB)
WdgMtb: ACCESS SldSrf@HLSWP is AVAILABLE (CB)
WdgMtb: ACCESS HlswpRmvMat@FEATMENU@HLSWP is invisible (UI)
WdgMtb: ACCESS HlswpThinChk@FEATMENU@HLSWP is AVAILABLE (CB)
WdgMtb: ACCESS Hand_opt_RG@HLSWP is AVAILABLE (CB)
WdgMtb: ACCESS DefineRmbBtn@FEATMENU@HLSWP is invisible (UI)
WdgMtb: ACCESS SketchRmbBtn@FEATMENU@HLSWP is invisible (UI)
WdgMtb: ACCESS axis_btn@HLSWP is AVAILABLE (CB)
WdgMtb: ACCESS int_sketch@HLSWP is unavailable (CB)
WdgMtb: ACCESS cap_btn@HLSWP is unavailable (CB)
WdgMtb: ACCESS sket_opt@HLSWP is AVAILABLE (CB)
WdgMtb: ACCESS helix_chk_btn@HLSWP is AVAILABLE (CB)
WdgMtb: ACCESS SldSrf@HLSWP is AVAILABLE (CB)
WdgMtb: ACCESS HlswpRmvMat@FEATMENU@HLSWP is invisible (UI)
WdgMtb: ACCESS HlswpThinChk@FEATMENU@HLSWP is AVAILABLE (CB)
WdgMtb: ACCESS Hand_opt_RG@HLSWP is AVAILABLE (CB)
WdgMtb: ACCESS DefineRmbBtn@FEATMENU@HLSWP is invisible (UI)
WdgMtb: ACCESS SketchRmbBtn@FEATMENU@HLSWP is AVAILABLE (CB)
WdgMtb: ACCESS axis_btn@HLSWP is AVAILABLE (CB)
WdgMtb: ACCESS int_sketch@HLSWP is AVAILABLE (CB)
WdgMtb: ACCESS cap_btn@HLSWP is unavailable (CB)
WdgMtb: ACCESS sket_opt@HLSWP is AVAILABLE (CB)
WdgMtb: ACCESS helix_chk_btn@HLSWP is AVAILABLE (CB)
WdgMtb: ACCESS SldSrf@HLSWP is AVAILABLE (CB)
WdgMtb: ACCESS HlswpRmvMat@FEATMENU@HLSWP is invisible (UI)
WdgMtb: ACCESS HlswpThinChk@FEATMENU@HLSWP is AVAILABLE (CB)
WdgMtb: ACCESS Hand_opt_RG@HLSWP is AVAILABLE (CB)
WdgMtb: ACCESS DefineRmbBtn@FEATMENU@HLSWP is invisible (UI)
WdgMtb: ACCESS SketchRmbBtn@FEATMENU@HLSWP is AVAILABLE (CB)
WdgMtb: ACCESS axis_btn@HLSWP is AVAILABLE (CB)
WdgMtb: ACCESS int_sketch@HLSWP is AVAILABLE (CB)
WdgMtb: ACCESS cap_btn@HLSWP is unavailable (CB)
WdgMtb: ACCESS sket_opt@HLSWP is AVAILABLE (CB)
WdgMtb: ACCESS helix_chk_btn@HLSWP is AVAILABLE (CB)
WdgMtb: ACCESS SldSrf@HLSWP is AVAILABLE (CB)
WdgMtb: ACCESS HlswpRmvMat@FEATMENU@HLSWP is invisible (UI)
WdgMtb: ACCESS HlswpThinChk@FEATMENU@HLSWP is AVAILABLE (CB)
WdgMtb: ACCESS Hand_opt_RG@HLSWP is AVAILABLE (CB)
WdgMtb: ACCESS DefineRmbBtn@FEATMENU@HLSWP is invisible (UI)
WdgMtb: ACCESS SketchRmbBtn@FEATMENU@HLSWP is AVAILABLE (CB)
WdgMtb: ACCESS axis_btn@HLSWP is AVAILABLE (CB)
WdgMtb: ACCESS int_sketch@HLSWP is AVAILABLE (CB)
WdgMtb: ACCESS cap_btn@HLSWP is unavailable (CB)
WdgMtb: ACCESS sket_opt@HLSWP is AVAILABLE (CB)
WdgMtb: ACCESS helix_chk_btn@HLSWP is AVAILABLE (CB)
WdgMtb: ACCESS SldSrf@HLSWP is AVAILABLE (CB)
WdgMtb: ACCESS HlswpRmvMat@FEATMENU@HLSWP is invisible (UI)
WdgMtb: ACCESS HlswpThinChk@FEATMENU@HLSWP is AVAILABLE (CB)
WdgMtb: ACCESS Hand_opt_RG@HLSWP is AVAILABLE (CB)
WdgMtb: ACCESS DefineRmbBtn@FEATMENU@HLSWP is invisible (UI)
WdgMtb: ACCESS SketchRmbBtn@FEATMENU@HLSWP is AVAILABLE (CB)
WdgMtb: ACCESS axis_btn@HLSWP is AVAILABLE (CB)
WdgMtb: ACCESS int_sketch@HLSWP is AVAILABLE (CB)
WdgMtb: ACCESS cap_btn@HLSWP is unavailable (CB)
WdgMtb: ACCESS sket_opt@HLSWP is AVAILABLE (CB)
WdgMtb: ACCESS helix_chk_btn@HLSWP is AVAILABLE (CB)
WdgMtb: ACCESS SldSrf@HLSWP is AVAILABLE (CB)
WdgMtb: ACCESS HlswpRmvMat@FEATMENU@HLSWP is invisible (UI)
WdgMtb: ACCESS HlswpThinChk@FEATMENU@HLSWP is AVAILABLE (CB)
WdgMtb: ACCESS Hand_opt_RG@HLSWP is AVAILABLE (CB)
WdgMtb: ACCESS DefineRmbBtn@FEATMENU@HLSWP is invisible (UI)
WdgMtb: ACCESS SketchRmbBtn@FEATMENU@HLSWP is AVAILABLE (CB)
WdgMtb: ACCESS axis_btn@HLSWP is AVAILABLE (CB)
WdgMtb: ACCESS int_sketch@HLSWP is AVAILABLE (CB)
WdgMtb: ACCESS cap_btn@HLSWP is unavailable (CB)
WdgMtb: ACCESS sket_opt@HLSWP is AVAILABLE (CB)
WdgMtb: ACCESS helix_chk_btn@HLSWP is AVAILABLE (CB)
WdgMtb: ACCESS SldSrf@HLSWP is AVAILABLE (CB)
WdgMtb: ACCESS HlswpRmvMat@FEATMENU@HLSWP is invisible (UI)
WdgMtb: ACCESS HlswpThinChk@FEATMENU@HLSWP is AVAILABLE (CB)
WdgMtb: ACCESS Hand_opt_RG@HLSWP is AVAILABLE (CB)
WdgMtb: ACCESS DefineRmbBtn@FEATMENU@HLSWP is invisible (UI)
WdgMtb: ACCESS SketchRmbBtn@FEATMENU@HLSWP is AVAILABLE (CB)
WdgMtb: ACCESS axis_btn@HLSWP is AVAILABLE (CB)
WdgMtb: ACCESS int_sketch@HLSWP is AVAILABLE (CB)
WdgMtb: ACCESS cap_btn@HLSWP is unavailable (CB)
WdgMtb: ACCESS sket_opt@HLSWP is AVAILABLE (CB)
WdgMtb: ACCESS helix_chk_btn@HLSWP is AVAILABLE (CB)
WdgMtb: ACCESS SldSrf@HLSWP is AVAILABLE (CB)
WdgMtb: ACCESS HlswpRmvMat@FEATMENU@HLSWP is invisible (UI)
WdgMtb: ACCESS HlswpThinChk@FEATMENU@HLSWP is AVAILABLE (CB)
WdgMtb: ACCESS Hand_opt_RG@HLSWP is AVAILABLE (CB)
WdgMtb: ACCESS DefineRmbBtn@FEATMENU@HLSWP is invisible (UI)
WdgMtb: ACCESS SketchRmbBtn@FEATMENU@HLSWP is AVAILABLE (CB)
WdgMtb: ACCESS axis_btn@HLSWP is AVAILABLE (CB)
WdgMtb: ACCESS int_sketch@HLSWP is AVAILABLE (CB)
WdgMtb: ACCESS cap_btn@HLSWP is unavailable (CB)
WdgMtb: ACCESS sket_opt@HLSWP is AVAILABLE (CB)
WdgMtb: ACCESS helix_chk_btn@HLSWP is AVAILABLE (CB)
WdgMtb: ACCESS SldSrf@HLSWP is AVAILABLE (CB)
WdgMtb: ACCESS HlswpRmvMat@FEATMENU@HLSWP is invisible (UI)
WdgMtb: ACCESS HlswpThinChk@FEATMENU@HLSWP is AVAILABLE (CB)
WdgMtb: ACCESS Hand_opt_RG@HLSWP is AVAILABLE (CB)
WdgMtb: ACCESS DefineRmbBtn@FEATMENU@HLSWP is invisible (UI)
WdgMtb: ACCESS SketchRmbBtn@FEATMENU@HLSWP is AVAILABLE (CB)
WdgMtb: ACCESS axis_btn@HLSWP is AVAILABLE (CB)
WdgMtb: ACCESS int_sketch@HLSWP is AVAILABLE (CB)
WdgMtb: ACCESS cap_btn@HLSWP is unavailable (CB)
WdgMtb: ACCESS sket_opt@HLSWP is AVAILABLE (CB)
WdgMtb: ACCESS helix_chk_btn@HLSWP is AVAILABLE (CB)
WdgMtb: ACCESS SldSrf@HLSWP is AVAILABLE (CB)
WdgMtb: ACCESS HlswpRmvMat@FEATMENU@HLSWP is invisible (UI)
WdgMtb: ACCESS HlswpThinChk@FEATMENU@HLSWP is AVAILABLE (CB)
WdgMtb: ACCESS Hand_opt_RG@HLSWP is AVAILABLE (CB)
WdgMtb: ACCESS DefineRmbBtn@FEATMENU@HLSWP is invisible (UI)
WdgMtb: ACCESS SketchRmbBtn@FEATMENU@HLSWP is AVAILABLE (CB)
WdgMtb: ACCESS axis_btn@HLSWP is AVAILABLE (CB)
WdgMtb: ACCESS int_sketch@HLSWP is AVAILABLE (CB)
WdgMtb: ACCESS cap_btn@HLSWP is unavailable (CB)
WdgMtb: ACCESS sket_opt@HLSWP is AVAILABLE (CB)
WdgMtb: ACCESS helix_chk_btn@HLSWP is AVAILABLE (CB)
WdgMtb: ACCESS SldSrf@HLSWP is AVAILABLE (CB)
WdgMtb: ACCESS HlswpRmvMat@FEATMENU@HLSWP is invisible (UI)
WdgMtb: ACCESS HlswpThinChk@FEATMENU@HLSWP is AVAILABLE (CB)
WdgMtb: ACCESS Hand_opt_RG@HLSWP is AVAILABLE (CB)
WdgMtb: ACCESS DefineRmbBtn@FEATMENU@HLSWP is invisible (UI)
WdgMtb: ACCESS SketchRmbBtn@FEATMENU@HLSWP is AVAILABLE (CB)
WdgMtb: ACCESS axis_btn@HLSWP is AVAILABLE (CB)
WdgMtb: ACCESS int_sketch@HLSWP is AVAILABLE (CB)
WdgMtb: ACCESS cap_btn@HLSWP is unavailable (CB)
WdgMtb: ACCESS sket_opt@HLSWP is AVAILABLE (CB)
WdgMtb: ACCESS helix_chk_btn@HLSWP is AVAILABLE (CB)
WdgMtb: ACCESS SldSrf@HLSWP is AVAILABLE (CB)
WdgMtb: ACCESS HlswpRmvMat@FEATMENU@HLSWP is invisible (UI)
WdgMtb: ACCESS HlswpThinChk@FEATMENU@HLSWP is AVAILABLE (CB)
WdgMtb: ACCESS Hand_opt_RG@HLSWP is AVAILABLE (CB)
WdgMtb: ACCESS DefineRmbBtn@FEATMENU@HLSWP is invisible (UI)
WdgMtb: ACCESS SketchRmbBtn@FEATMENU@HLSWP is AVAILABLE (CB)
WdgMtb: ACCESS axis_btn@HLSWP is AVAILABLE (CB)
WdgMtb: ACCESS int_sketch@HLSWP is AVAILABLE (CB)
WdgMtb: ACCESS cap_btn@HLSWP is unavailable (CB)
WdgMtb: ACCESS sket_opt@HLSWP is AVAILABLE (CB)
WdgMtb: ACCESS helix_chk_btn@HLSWP is AVAILABLE (CB)
WdgMtb: ACCESS SldSrf@HLSWP is AVAILABLE (CB)
WdgMtb: ACCESS HlswpRmvMat@FEATMENU@HLSWP is invisible (UI)
WdgMtb: ACCESS HlswpThinChk@FEATMENU@HLSWP is AVAILABLE (CB)
WdgMtb: ACCESS Hand_opt_RG@HLSWP is AVAILABLE (CB)
WdgMtb: ACCESS DefineRmbBtn@FEATMENU@HLSWP is invisible (UI)
WdgMtb: ACCESS SketchRmbBtn@FEATMENU@HLSWP is AVAILABLE (CB)
WdgMtb: ACCESS axis_btn@HLSWP is AVAILABLE (CB)
WdgMtb: ACCESS int_sketch@HLSWP is AVAILABLE (CB)
WdgMtb: ACCESS cap_btn@HLSWP is unavailable (CB)
WdgMtb: ACCESS sket_opt@HLSWP is AVAILABLE (CB)
WdgMtb: ACCESS helix_chk_btn@HLSWP is AVAILABLE (CB)
WdgMtb: ACCESS SldSrf@HLSWP is AVAILABLE (CB)
WdgMtb: ACCESS HlswpRmvMat@FEATMENU@HLSWP is invisible (UI)
WdgMtb: ACCESS HlswpThinChk@FEATMENU@HLSWP is AVAILABLE (CB)
WdgMtb: ACCESS Hand_opt_RG@HLSWP is AVAILABLE (CB)
WdgMtb: ACCESS DefineRmbBtn@FEATMENU@HLSWP is invisible (UI)
WdgMtb: ACCESS SketchRmbBtn@FEATMENU@HLSWP is invisible (UI)
WdgMtb: ACCESS axis_btn@HLSWP is AVAILABLE (CB)
WdgMtb: ACCESS int_sketch@HLSWP is AVAILABLE (CB)
WdgMtb: ACCESS cap_btn@HLSWP is unavailable (CB)
WdgMtb: ACCESS sket_opt@HLSWP is AVAILABLE (CB)
WdgMtb: ACCESS helix_chk_btn@HLSWP is AVAILABLE (CB)
WdgMtb: ACCESS SldSrf@HLSWP is AVAILABLE (CB)
WdgMtb: ACCESS HlswpRmvMat@FEATMENU@HLSWP is invisible (UI)
WdgMtb: ACCESS HlswpThinChk@FEATMENU@HLSWP is AVAILABLE (CB)
WdgMtb: ACCESS Hand_opt_RG@HLSWP is AVAILABLE (CB)
WdgMtb: ACCESS DefineRmbBtn@FEATMENU@HLSWP is invisible (UI)
WdgMtb: ACCESS SketchRmbBtn@FEATMENU@HLSWP is invisible (UI)
WdgMtb: ACCESS axis_btn@HLSWP is AVAILABLE (CB)
WdgMtb: ACCESS int_sketch@HLSWP is AVAILABLE (CB)
WdgMtb: ACCESS cap_btn@HLSWP is unavailable (CB)
WdgMtb: ACCESS sket_opt@HLSWP is AVAILABLE (CB)
WdgMtb: ACCESS helix_chk_btn@HLSWP is AVAILABLE (CB)
WdgMtb: ACCESS SldSrf@HLSWP is AVAILABLE (CB)
WdgMtb: ACCESS HlswpRmvMat@FEATMENU@HLSWP is invisible (UI)
WdgMtb: ACCESS HlswpThinChk@FEATMENU@HLSWP is AVAILABLE (CB)
WdgMtb: ACCESS Hand_opt_RG@HLSWP is AVAILABLE (CB)
WdgMtb: ACCESS DefineRmbBtn@FEATMENU@HLSWP is invisible (UI)
WdgMtb: ACCESS SketchRmbBtn@FEATMENU@HLSWP is invisible (UI)
WdgMtb: ACCESS axis_btn@HLSWP is AVAILABLE (CB)
WdgMtb: ACCESS int_sketch@HLSWP is AVAILABLE (CB)
WdgMtb: ACCESS cap_btn@HLSWP is unavailable (CB)
WdgMtb: ACCESS sket_opt@HLSWP is AVAILABLE (CB)
WdgMtb: ACCESS helix_chk_btn@HLSWP is AVAILABLE (CB)
WdgMtb: ACCESS SldSrf@HLSWP is AVAILABLE (CB)
WdgMtb: ACCESS HlswpRmvMat@FEATMENU@HLSWP is invisible (UI)
WdgMtb: ACCESS HlswpThinChk@FEATMENU@HLSWP is AVAILABLE (CB)
WdgMtb: ACCESS Hand_opt_RG@HLSWP is AVAILABLE (CB)
WdgMtb: ACCESS DefineRmbBtn@FEATMENU@HLSWP is invisible (UI)
WdgMtb: ACCESS SketchRmbBtn@FEATMENU@HLSWP is invisible (UI)
WdgMtb: ACCESS axis_btn@HLSWP is AVAILABLE (CB)
WdgMtb: ACCESS int_sketch@HLSWP is AVAILABLE (CB)
WdgMtb: ACCESS cap_btn@HLSWP is unavailable (CB)
WdgMtb: ACCESS sket_opt@HLSWP is AVAILABLE (CB)
WdgMtb: ACCESS helix_chk_btn@HLSWP is AVAILABLE (CB)
WdgMtb: ACCESS depth1_om@EXTRUSION is AVAILABLE (CB)
WdgMtb: ACCESS depth1_om@EXTRUSION is AVAILABLE (CB)
WdgMtb: ACCESS depth1_om@EXTRUSION is AVAILABLE (CB)
WdgMtb: ACCESS depth1_om@EXTRUSION is AVAILABLE (CB)
WdgMtb: ACCESS depth2_set_popup@extrev_feature_popup@EXTRUSION is AVAILABLE (CB)
WdgMtb: ACCESS depth1_om@EXTRUSION is AVAILABLE (CB)
WdgMtb: ACCESS depth2_set_popup@extrev_feature_popup@EXTRUSION is AVAILABLE (CB)
WdgMtb: ACCESS depth1_om@EXTRUSION is AVAILABLE (CB)
WdgMtb: ACCESS depth1_om@EXTRUSION is AVAILABLE (CB)
WdgMtb: ACCESS depth2_set_popup@extrev_feature_popup@EXTRUSION is AVAILABLE (CB)
WdgMtb: ACCESS depth1_om@EXTRUSION is AVAILABLE (CB)
WdgMtb: ACCESS depth2_set_popup@extrev_feature_popup@EXTRUSION is AVAILABLE (CB)
WdgMtb: ACCESS depth1_om@EXTRUSION is AVAILABLE (CB)
WdgMtb: ACCESS depth2_set_popup@extrev_feature_popup@EXTRUSION is AVAILABLE (CB)
WdgMtb: ACCESS depth1_om@EXTRUSION is AVAILABLE (CB)
WdgMtb: ACCESS depth1_om@EXTRUSION is AVAILABLE (CB)
WdgMtb: ACCESS depth2_set_popup@extrev_feature_popup@EXTRUSION is AVAILABLE (CB)
WdgMtb: ACCESS depth1_om@EXTRUSION is AVAILABLE (CB)
WdgMtb: ACCESS depth2_set_popup@extrev_feature_popup@EXTRUSION is AVAILABLE (CB)
WdgMtb: ACCESS depth1_om@EXTRUSION is AVAILABLE (CB)
WdgMtb: ACCESS depth2_set_popup@extrev_feature_popup@EXTRUSION is AVAILABLE (CB)
WdgMtb: ACCESS depth1_om@EXTRUSION is AVAILABLE (CB)
WdgMtb: ACCESS depth1_om@EXTRUSION is AVAILABLE (CB)
WdgMtb: ACCESS depth2_set_popup@extrev_feature_popup@EXTRUSION is invisible (UI)
WdgMtb: ACCESS depth1_om@EXTRUSION is AVAILABLE (CB)
WdgMtb: ACCESS Conic@ROUND is AVAILABLE (CB)
WdgMtb: ACCESS Conic@ROUND is AVAILABLE (CB)
WdgMtb: ACCESS Conic@ROUND is AVAILABLE (CB)
WdgMtb: ACCESS Conic@ROUND is AVAILABLE (CB)
WdgMtb: ACCESS roundflip@ROUND is unavailable (CB)
WdgMtb: ACCESS AddRadius@Dr0@ROUND is AVAILABLE (CB)
WdgMtb: ACCESS DelRadius@Dr0@ROUND is invisible (UI)
WdgMtb: ACCESS Conic@ROUND is AVAILABLE (CB)
WdgMtb: ACCESS roundflip@ROUND is unavailable (CB)
WdgMtb: ACCESS AddRadius@Dr0@ROUND is AVAILABLE (CB)
WdgMtb: ACCESS DelRadius@Dr0@ROUND is invisible (UI)
WdgMtb: ACCESS Conic@ROUND is AVAILABLE (CB)
WdgMtb: ACCESS Conic@ROUND is AVAILABLE (CB)
WdgMtb: ACCESS roundflip@ROUND is unavailable (CB)
WdgMtb: ACCESS AddRadius@Dr0@ROUND is AVAILABLE (CB)
WdgMtb: ACCESS DelRadius@Dr0@ROUND is invisible (UI)
WdgMtb: ACCESS Conic@ROUND is AVAILABLE (CB)
WdgMtb: ACCESS roundflip@ROUND is unavailable (CB)
WdgMtb: ACCESS AddRadius@Dr0@ROUND is AVAILABLE (CB)
WdgMtb: ACCESS DelRadius@Dr0@ROUND is invisible (UI)
WdgMtb: ACCESS Conic@ROUND is AVAILABLE (CB)
WdgMtb: ACCESS roundflip@ROUND is unavailable (CB)
WdgMtb: ACCESS AddRadius@Dr0@ROUND is AVAILABLE (CB)
WdgMtb: ACCESS DelRadius@Dr0@ROUND is invisible (UI)
WdgMtb: ACCESS ModeSwitch@ROUND is AVAILABLE (CB)
WdgMtb: ACCESS ThruCurve@ROUND is AVAILABLE (CB)
WdgMtb: ACCESS AutoCont@ROUND is AVAILABLE (CB)
WdgMtb: ACCESS Chordal@ROUND is AVAILABLE (CB)
WdgMtb: ACCESS Full@ROUND is unavailable (CB)
WdgMtb: ACCESS AddSet@SetPopupMenu@ROUND is AVAILABLE (CB)
WdgMtb: ACCESS DeleteSet@SetPopupMenu@ROUND is invisible (UI)
WdgMtb: ACCESS MakeVariable@SetPopupMenu@ROUND is AVAILABLE (CB)
WdgMtb: ACCESS MakeConstant@SetPopupMenu@ROUND is invisible (UI)
WdgMtb: ACCESS ModeSwitch@ROUND is AVAILABLE (CB)
WdgMtb: ACCESS ThruCurve@ROUND is AVAILABLE (CB)
WdgMtb: ACCESS AutoCont@ROUND is AVAILABLE (CB)
WdgMtb: ACCESS Chordal@ROUND is AVAILABLE (CB)
WdgMtb: ACCESS Full@ROUND is unavailable (CB)
WdgMtb: ACCESS AddSet@SetPopupMenu@ROUND is AVAILABLE (CB)
WdgMtb: ACCESS DeleteSet@SetPopupMenu@ROUND is invisible (UI)
WdgMtb: ACCESS MakeVariable@SetPopupMenu@ROUND is AVAILABLE (CB)
WdgMtb: ACCESS MakeConstant@SetPopupMenu@ROUND is invisible (UI)
WdgMtb: ACCESS ModeSwitch@ROUND is AVAILABLE (CB)
WdgMtb: ACCESS ThruCurve@ROUND is AVAILABLE (CB)
WdgMtb: ACCESS AutoCont@ROUND is AVAILABLE (CB)
WdgMtb: ACCESS Chordal@ROUND is AVAILABLE (CB)
WdgMtb: ACCESS Full@ROUND is unavailable (CB)
WdgMtb: ACCESS AddSet@SetPopupMenu@ROUND is AVAILABLE (CB)
WdgMtb: ACCESS DeleteSet@SetPopupMenu@ROUND is invisible (UI)
WdgMtb: ACCESS MakeVariable@SetPopupMenu@ROUND is AVAILABLE (CB)
WdgMtb: ACCESS MakeConstant@SetPopupMenu@ROUND is invisible (UI)
WdgMtb: ACCESS ModeSwitch@ROUND is AVAILABLE (CB)
WdgMtb: ACCESS ThruCurve@ROUND is AVAILABLE (CB)
WdgMtb: ACCESS AutoCont@ROUND is AVAILABLE (CB)
WdgMtb: ACCESS Chordal@ROUND is AVAILABLE (CB)
WdgMtb: ACCESS Full@ROUND is unavailable (CB)
WdgMtb: ACCESS AddSet@SetPopupMenu@ROUND is AVAILABLE (CB)
WdgMtb: ACCESS DeleteSet@SetPopupMenu@ROUND is invisible (UI)
WdgMtb: ACCESS MakeVariable@SetPopupMenu@ROUND is AVAILABLE (CB)
WdgMtb: ACCESS MakeConstant@SetPopupMenu@ROUND is invisible (UI)
WdgMtb: ACCESS solid_surf_rg@REVOLUTION is AVAILABLE (CB)
WdgMtb: ACCESS remove_material_popup@extrev_feature_popup@REVOLUTION is invisible (UI)
WdgMtb: ACCESS thick_sketch_popup@extrev_feature_popup@REVOLUTION is AVAILABLE (CB)
WdgMtb: ACCESS DefineRmbBtn@extrev_feature_popup@REVOLUTION is invisible (UI)
WdgMtb: ACCESS SketchRmbBtn@extrev_feature_popup@REVOLUTION is AVAILABLE (CB)
WdgMtb: ACCESS InternalCL@REVOLUTION is AVAILABLE (CB)
WdgMtb: ACCESS cap_ends_popup@extrev_feature_popup@REVOLUTION is invisible (UI)
WdgMtb: ACCESS solid_surf_rg@REVOLUTION is AVAILABLE (CB)
WdgMtb: ACCESS remove_material_popup@extrev_feature_popup@REVOLUTION is invisible (UI)
WdgMtb: ACCESS thick_sketch_popup@extrev_feature_popup@REVOLUTION is AVAILABLE (CB)
WdgMtb: ACCESS DefineRmbBtn@extrev_feature_popup@REVOLUTION is invisible (UI)
WdgMtb: ACCESS SketchRmbBtn@extrev_feature_popup@REVOLUTION is AVAILABLE (CB)
WdgMtb: ACCESS InternalCL@REVOLUTION is AVAILABLE (CB)
WdgMtb: ACCESS cap_ends_popup@extrev_feature_popup@REVOLUTION is invisible (UI)
WdgMtb: ACCESS solid_surf_rg@REVOLUTION is AVAILABLE (CB)
WdgMtb: ACCESS remove_material_popup@extrev_feature_popup@REVOLUTION is invisible (UI)
WdgMtb: ACCESS thick_sketch_popup@extrev_feature_popup@REVOLUTION is AVAILABLE (CB)
WdgMtb: ACCESS DefineRmbBtn@extrev_feature_popup@REVOLUTION is invisible (UI)
WdgMtb: ACCESS SketchRmbBtn@extrev_feature_popup@REVOLUTION is AVAILABLE (CB)
WdgMtb: ACCESS InternalCL@REVOLUTION is AVAILABLE (CB)
WdgMtb: ACCESS cap_ends_popup@extrev_feature_popup@REVOLUTION is invisible (UI)
WdgMtb: ACCESS solid_surf_rg@REVOLUTION is AVAILABLE (CB)
WdgMtb: ACCESS remove_material_popup@extrev_feature_popup@REVOLUTION is invisible (UI)
WdgMtb: ACCESS thick_sketch_popup@extrev_feature_popup@REVOLUTION is AVAILABLE (CB)
WdgMtb: ACCESS DefineRmbBtn@extrev_feature_popup@REVOLUTION is invisible (UI)
WdgMtb: ACCESS SketchRmbBtn@extrev_feature_popup@REVOLUTION is AVAILABLE (CB)
WdgMtb: ACCESS InternalCL@REVOLUTION is AVAILABLE (CB)
WdgMtb: ACCESS cap_ends_popup@extrev_feature_popup@REVOLUTION is invisible (UI)
WdgMtb: ACCESS solid_surf_rg@REVOLUTION is AVAILABLE (CB)
WdgMtb: ACCESS remove_material_popup@extrev_feature_popup@REVOLUTION is invisible (UI)
WdgMtb: ACCESS thick_sketch_popup@extrev_feature_popup@REVOLUTION is AVAILABLE (CB)
WdgMtb: ACCESS DefineRmbBtn@extrev_feature_popup@REVOLUTION is invisible (UI)
WdgMtb: ACCESS SketchRmbBtn@extrev_feature_popup@REVOLUTION is AVAILABLE (CB)
WdgMtb: ACCESS InternalCL@REVOLUTION is AVAILABLE (CB)
WdgMtb: ACCESS cap_ends_popup@extrev_feature_popup@REVOLUTION is invisible (UI)
WdgMtb: ACCESS solid_surf_rg@REVOLUTION is invisible (UI)
WdgMtb: ACCESS remove_material_popup@extrev_feature_popup@REVOLUTION is invisible (UI)
WdgMtb: ACCESS thick_sketch_popup@extrev_feature_popup@REVOLUTION is invisible (UI)
WdgMtb: ACCESS DefineRmbBtn@extrev_feature_popup@REVOLUTION is invisible (UI)
WdgMtb: ACCESS SketchRmbBtn@extrev_feature_popup@REVOLUTION is invisible (UI)
WdgMtb: ACCESS InternalCL@REVOLUTION is invisible (UI)
WdgMtb: ACCESS cap_ends_popup@extrev_feature_popup@REVOLUTION is invisible (UI)
WdgMtb: ACCESS solid_surf_rg@REVOLUTION is invisible (UI)
WdgMtb: ACCESS remove_material_popup@extrev_feature_popup@REVOLUTION is invisible (UI)
WdgMtb: ACCESS thick_sketch_popup@extrev_feature_popup@REVOLUTION is invisible (UI)
WdgMtb: ACCESS DefineRmbBtn@extrev_feature_popup@REVOLUTION is invisible (UI)
WdgMtb: ACCESS SketchRmbBtn@extrev_feature_popup@REVOLUTION is invisible (UI)
WdgMtb: ACCESS InternalCL@REVOLUTION is invisible (UI)
WdgMtb: ACCESS cap_ends_popup@extrev_feature_popup@REVOLUTION is invisible (UI)
WdgMtb: ACCESS solid_surf_rg@REVOLUTION is invisible (UI)
WdgMtb: ACCESS remove_material_popup@extrev_feature_popup@REVOLUTION is invisible (UI)
WdgMtb: ACCESS thick_sketch_popup@extrev_feature_popup@REVOLUTION is invisible (UI)
WdgMtb: ACCESS DefineRmbBtn@extrev_feature_popup@REVOLUTION is invisible (UI)
WdgMtb: ACCESS SketchRmbBtn@extrev_feature_popup@REVOLUTION is invisible (UI)
WdgMtb: ACCESS InternalCL@REVOLUTION is invisible (UI)
WdgMtb: ACCESS cap_ends_popup@extrev_feature_popup@REVOLUTION is invisible (UI)
WdgMtb: ACCESS solid_surf_rg@REVOLUTION is invisible (UI)
WdgMtb: ACCESS remove_material_popup@extrev_feature_popup@REVOLUTION is invisible (UI)
WdgMtb: ACCESS thick_sketch_popup@extrev_feature_popup@REVOLUTION is invisible (UI)
WdgMtb: ACCESS DefineRmbBtn@extrev_feature_popup@REVOLUTION is invisible (UI)
WdgMtb: ACCESS SketchRmbBtn@extrev_feature_popup@REVOLUTION is invisible (UI)
WdgMtb: ACCESS InternalCL@REVOLUTION is invisible (UI)
WdgMtb: ACCESS cap_ends_popup@extrev_feature_popup@REVOLUTION is invisible (UI)
WdgMtb: ACCESS solid_surf_rg@REVOLUTION is invisible (UI)
WdgMtb: ACCESS remove_material_popup@extrev_feature_popup@REVOLUTION is invisible (UI)
WdgMtb: ACCESS thick_sketch_popup@extrev_feature_popup@REVOLUTION is invisible (UI)
WdgMtb: ACCESS DefineRmbBtn@extrev_feature_popup@REVOLUTION is invisible (UI)
WdgMtb: ACCESS SketchRmbBtn@extrev_feature_popup@REVOLUTION is invisible (UI)
WdgMtb: ACCESS InternalCL@REVOLUTION is invisible (UI)
WdgMtb: ACCESS cap_ends_popup@extrev_feature_popup@REVOLUTION is invisible (UI)
WdgMtb: ACCESS solid_surf_rg@REVOLUTION is invisible (UI)
WdgMtb: ACCESS remove_material_popup@extrev_feature_popup@REVOLUTION is invisible (UI)
WdgMtb: ACCESS thick_sketch_popup@extrev_feature_popup@REVOLUTION is invisible (UI)
WdgMtb: ACCESS DefineRmbBtn@extrev_feature_popup@REVOLUTION is invisible (UI)
WdgMtb: ACCESS SketchRmbBtn@extrev_feature_popup@REVOLUTION is invisible (UI)
WdgMtb: ACCESS InternalCL@REVOLUTION is invisible (UI)
WdgMtb: ACCESS cap_ends_popup@extrev_feature_popup@REVOLUTION is invisible (UI)
WdgMtb: ACCESS solid_surf_rg@REVOLUTION is invisible (UI)
WdgMtb: ACCESS remove_material_popup@extrev_feature_popup@REVOLUTION is invisible (UI)
WdgMtb: ACCESS thick_sketch_popup@extrev_feature_popup@REVOLUTION is invisible (UI)
WdgMtb: ACCESS DefineRmbBtn@extrev_feature_popup@REVOLUTION is invisible (UI)
WdgMtb: ACCESS SketchRmbBtn@extrev_feature_popup@REVOLUTION is invisible (UI)
WdgMtb: ACCESS InternalCL@REVOLUTION is invisible (UI)
WdgMtb: ACCESS cap_ends_popup@extrev_feature_popup@REVOLUTION is invisible (UI)
WdgMtb: ACCESS solid_surf_rg@REVOLUTION is invisible (UI)
WdgMtb: ACCESS remove_material_popup@extrev_feature_popup@REVOLUTION is invisible (UI)
WdgMtb: ACCESS thick_sketch_popup@extrev_feature_popup@REVOLUTION is invisible (UI)
WdgMtb: ACCESS DefineRmbBtn@extrev_feature_popup@REVOLUTION is invisible (UI)
WdgMtb: ACCESS SketchRmbBtn@extrev_feature_popup@REVOLUTION is invisible (UI)
WdgMtb: ACCESS InternalCL@REVOLUTION is invisible (UI)
WdgMtb: ACCESS cap_ends_popup@extrev_feature_popup@REVOLUTION is invisible (UI)
WdgMtb: ACCESS solid_surf_rg@REVOLUTION is invisible (UI)
WdgMtb: ACCESS remove_material_popup@extrev_feature_popup@REVOLUTION is invisible (UI)
WdgMtb: ACCESS thick_sketch_popup@extrev_feature_popup@REVOLUTION is invisible (UI)
WdgMtb: ACCESS DefineRmbBtn@extrev_feature_popup@REVOLUTION is invisible (UI)
WdgMtb: ACCESS SketchRmbBtn@extrev_feature_popup@REVOLUTION is invisible (UI)
WdgMtb: ACCESS InternalCL@REVOLUTION is invisible (UI)
WdgMtb: ACCESS cap_ends_popup@extrev_feature_popup@REVOLUTION is invisible (UI)
WdgMtb: ACCESS solid_surf_rg@REVOLUTION is invisible (UI)
WdgMtb: ACCESS remove_material_popup@extrev_feature_popup@REVOLUTION is invisible (UI)
WdgMtb: ACCESS thick_sketch_popup@extrev_feature_popup@REVOLUTION is invisible (UI)
WdgMtb: ACCESS DefineRmbBtn@extrev_feature_popup@REVOLUTION is invisible (UI)
WdgMtb: ACCESS SketchRmbBtn@extrev_feature_popup@REVOLUTION is invisible (UI)
WdgMtb: ACCESS InternalCL@REVOLUTION is invisible (UI)
WdgMtb: ACCESS cap_ends_popup@extrev_feature_popup@REVOLUTION is invisible (UI)
WdgMtb: ACCESS solid_surf_rg@REVOLUTION is AVAILABLE (CB)
WdgMtb: ACCESS remove_material_popup@extrev_feature_popup@REVOLUTION is invisible (UI)
WdgMtb: ACCESS thick_sketch_popup@extrev_feature_popup@REVOLUTION is AVAILABLE (CB)
WdgMtb: ACCESS DefineRmbBtn@extrev_feature_popup@REVOLUTION is invisible (UI)
WdgMtb: ACCESS SketchRmbBtn@extrev_feature_popup@REVOLUTION is AVAILABLE (CB)
WdgMtb: ACCESS InternalCL@REVOLUTION is AVAILABLE (CB)
WdgMtb: ACCESS cap_ends_popup@extrev_feature_popup@REVOLUTION is invisible (UI)
WdgMtb: ACCESS solid_surf_rg@REVOLUTION is AVAILABLE (CB)
WdgMtb: ACCESS remove_material_popup@extrev_feature_popup@REVOLUTION is invisible (UI)
WdgMtb: ACCESS thick_sketch_popup@extrev_feature_popup@REVOLUTION is AVAILABLE (CB)
WdgMtb: ACCESS DefineRmbBtn@extrev_feature_popup@REVOLUTION is invisible (UI)
WdgMtb: ACCESS SketchRmbBtn@extrev_feature_popup@REVOLUTION is AVAILABLE (CB)
WdgMtb: ACCESS InternalCL@REVOLUTION is AVAILABLE (CB)
WdgMtb: ACCESS cap_ends_popup@extrev_feature_popup@REVOLUTION is invisible (UI)
WdgMtb: ACCESS solid_surf_rg@REVOLUTION is AVAILABLE (CB)
WdgMtb: ACCESS remove_material_popup@extrev_feature_popup@REVOLUTION is invisible (UI)
WdgMtb: ACCESS thick_sketch_popup@extrev_feature_popup@REVOLUTION is AVAILABLE (CB)
WdgMtb: ACCESS DefineRmbBtn@extrev_feature_popup@REVOLUTION is invisible (UI)
WdgMtb: ACCESS SketchRmbBtn@extrev_feature_popup@REVOLUTION is AVAILABLE (CB)
WdgMtb: ACCESS InternalCL@REVOLUTION is AVAILABLE (CB)
WdgMtb: ACCESS cap_ends_popup@extrev_feature_popup@REVOLUTION is invisible (UI)
WdgMtb: ACCESS solid_surf_rg@REVOLUTION is AVAILABLE (CB)
WdgMtb: ACCESS remove_material_popup@extrev_feature_popup@REVOLUTION is invisible (UI)
WdgMtb: ACCESS thick_sketch_popup@extrev_feature_popup@REVOLUTION is AVAILABLE (CB)
WdgMtb: ACCESS DefineRmbBtn@extrev_feature_popup@REVOLUTION is invisible (UI)
WdgMtb: ACCESS SketchRmbBtn@extrev_feature_popup@REVOLUTION is AVAILABLE (CB)
WdgMtb: ACCESS InternalCL@REVOLUTION is AVAILABLE (CB)
WdgMtb: ACCESS cap_ends_popup@extrev_feature_popup@REVOLUTION is invisible (UI)
WdgMtb: ACCESS solid_surf_rg@REVOLUTION is AVAILABLE (CB)
WdgMtb: ACCESS remove_material_popup@extrev_feature_popup@REVOLUTION is invisible (UI)
WdgMtb: ACCESS thick_sketch_popup@extrev_feature_popup@REVOLUTION is AVAILABLE (CB)
WdgMtb: ACCESS DefineRmbBtn@extrev_feature_popup@REVOLUTION is invisible (UI)
WdgMtb: ACCESS SketchRmbBtn@extrev_feature_popup@REVOLUTION is AVAILABLE (CB)
WdgMtb: ACCESS InternalCL@REVOLUTION is AVAILABLE (CB)
WdgMtb: ACCESS cap_ends_popup@extrev_feature_popup@REVOLUTION is invisible (UI)
WdgMtb: ACCESS solid_surf_rg@REVOLUTION is AVAILABLE (CB)
WdgMtb: ACCESS remove_material_popup@extrev_feature_popup@REVOLUTION is invisible (UI)
WdgMtb: ACCESS thick_sketch_popup@extrev_feature_popup@REVOLUTION is AVAILABLE (CB)
WdgMtb: ACCESS DefineRmbBtn@extrev_feature_popup@REVOLUTION is invisible (UI)
WdgMtb: ACCESS SketchRmbBtn@extrev_feature_popup@REVOLUTION is AVAILABLE (CB)
WdgMtb: ACCESS InternalCL@REVOLUTION is AVAILABLE (CB)
WdgMtb: ACCESS cap_ends_popup@extrev_feature_popup@REVOLUTION is invisible (UI)
WdgMtb: ACCESS bendlocation@BEND is AVAILABLE (CB)
WdgMtb: ACCESS rel_bend_zone_edit_sketch@FEATMENU@BEND is AVAILABLE (CB)
WdgMtb: ACCESS rel_zone_edit_relief@smt_rel_zone_menu@BEND is AVAILABLE (CB)
WdgMtb: ACCESS bendlocation@BEND is AVAILABLE (CB)
WdgMtb: ACCESS rel_bend_zone_edit_sketch@FEATMENU@BEND is AVAILABLE (CB)
WdgMtb: ACCESS rel_zone_edit_relief@smt_rel_zone_menu@BEND is AVAILABLE (CB)
