***********************************************
***********************************************
***********************************************
***********************************************
***********************************************
***********************************************
***********************************************
***********************************************
***********************************************
***********************************************
***********************************************
***********************************************
***********************************************
***********************************************
***********************************************
***********************************************
***********************************************
***********************************************
***********************************************
***********************************************
***********************************************
***********************************************
***********************************************
WdgMtb: ACCESS HlemnuDepthToFlip@HoleDepRefRMBMenu@HOLE is AVAILABLE (CB)
WdgMtb: ACCESS ui_hole_plcmnt_type_omnu@HOLE is AVAILABLE (CB)
WdgMtb: ACCESS ui_hole_plcmnt_type_omnu@HOLE is AVAILABLE (CB)
WdgMtb: ACCESS ui_hole_plc_dir_omnu@ui_hole_plc_dir_opt_omnu@HOLE is unavailable (CB)
WdgMtb: ACCESS ui_hole_plc_dir_omnu@ui_hole_plc_dir_opt_omnu@HOLE is unavailable (CB)
WdgMtb: ACCESS ui_hole_plcmnt_type_omnu@HOLE is AVAILABLE (CB)
WdgMtb: ACCESS ui_hole_plc_dir_omnu@ui_hole_plc_dir_opt_omnu@HOLE is unavailable (CB)
WdgMtb: ACCESS ui_hole_plcmnt_type_omnu@HOLE is AVAILABLE (CB)
WdgMtb: ACCESS ui_hole_plcmnt_type_omnu@HOLE is AVAILABLE (CB)
WdgMtb: ACCESS ui_hole_plc_dir_omnu@ui_hole_plc_dir_opt_omnu@HOLE is unavailable (CB)
WdgMtb: ACCESS ui_hole_plc_dir_omnu@ui_hole_plc_dir_opt_omnu@HOLE is unavailable (CB)
WdgMtb: ACCESS ui_hle_top_clrn_cbut@ui_hole_top_clrn_rep@HOLE is AVAILABLE (CB)
WdgMtb: ACCESS HlemnuDepthToFlip@HoleDepRefRMBMenu@HOLE is AVAILABLE (CB)
WdgMtb: ACCESS ui_hole_plcmnt_type_omnu@HOLE is AVAILABLE (CB)
WdgMtb: ACCESS ui_hole_plc_dir_omnu@ui_hole_plc_dir_opt_omnu@HOLE is unavailable (CB)
WdgMtb: ACCESS ui_hle_top_clrn_cbut@ui_hole_top_clrn_rep@HOLE is AVAILABLE (CB)
WdgMtb: ACCESS HlemnuDepthToFlip@HoleDepRefRMBMenu@HOLE is AVAILABLE (CB)
WdgMtb: ACCESS ui_hole_plcmnt_type_omnu@HOLE is AVAILABLE (CB)
WdgMtb: ACCESS ui_hole_plc_dir_omnu@ui_hole_plc_dir_opt_omnu@HOLE is unavailable (CB)
WdgMtb: ACCESS ui_hle_top_clrn_cbut@ui_hole_top_clrn_rep@HOLE is AVAILABLE (CB)
WdgMtb: ACCESS HlemnuDepthToFlip@HoleDepRefRMBMenu@HOLE is AVAILABLE (CB)
WdgMtb: ACCESS ui_hole_plcmnt_type_omnu@HOLE is AVAILABLE (CB)
WdgMtb: ACCESS ui_hole_plc_dir_omnu@ui_hole_plc_dir_opt_omnu@HOLE is unavailable (CB)
WdgMtb: ACCESS ui_hle_top_clrn_cbut@ui_hole_top_clrn_rep@HOLE is AVAILABLE (CB)
WdgMtb: ACCESS HlemnuDepthToFlip@HoleDepRefRMBMenu@HOLE is AVAILABLE (CB)
WdgMtb: ACCESS ui_hole_plcmnt_type_omnu@HOLE is AVAILABLE (CB)
WdgMtb: ACCESS ui_hole_plc_dir_omnu@ui_hole_plc_dir_opt_omnu@HOLE is unavailable (CB)
WdgMtb: ACCESS ui_hle_top_clrn_cbut@ui_hole_top_clrn_rep@HOLE is AVAILABLE (CB)
WdgMtb: ACCESS ui_hole_plcmnt_type_omnu@HOLE is invisible (UI)
