WdgMtb: ACCESS solid_surf_rg@EXTRUSION is AVAILABLE (CB)
WdgMtb: ACCESS remove_material_popup@extrev_feature_popup@EXTRUSION is AVAILABLE (CB)
WdgMtb: ACCESS thick_sketch_popup@extrev_feature_popup@EXTRUSION is AVAILABLE (CB)
WdgMtb: ACCESS DefineRmbBtn@extrev_feature_popup@EXTRUSION is invisible (UI)
WdgMtb: ACCESS SketchRmbBtn@extrev_feature_popup@EXTRUSION is AVAILABLE (CB)
WdgMtb: ACCESS add_draft_popup@extrev_feature_popup@EXTRUSION is AVAILABLE (CB)
WdgMtb: ACCESS cap_ends_popup@extrev_feature_popup@EXTRUSION is invisible (UI)
WdgMtb: ACCESS solid_surf_rg@EXTRUSION is AVAILABLE (CB)
WdgMtb: ACCESS remove_material_popup@extrev_feature_popup@EXTRUSION is AVAILABLE (CB)
WdgMtb: ACCESS thick_sketch_popup@extrev_feature_popup@EXTRUSION is AVAILABLE (CB)
WdgMtb: ACCESS DefineRmbBtn@extrev_feature_popup@EXTRUSION is invisible (UI)
WdgMtb: ACCESS SketchRmbBtn@extrev_feature_popup@EXTRUSION is AVAILABLE (CB)
WdgMtb: ACCESS add_draft_popup@extrev_feature_popup@EXTRUSION is AVAILABLE (CB)
WdgMtb: ACCESS cap_ends_popup@extrev_feature_popup@EXTRUSION is invisible (UI)
WdgMtb: ACCESS SketchRmbBtn@extrev_feature_popup@EXTRUSION is AVAILABLE (CB)
WdgMtb: ACCESS SketchRmbBtn@extrev_feature_popup@EXTRUSION is AVAILABLE (CB)
WdgMtb: ACCESS SketchRmbBtn@extrev_feature_popup@EXTRUSION is AVAILABLE (CB)
WdgMtb: ACCESS solid_surf_rg@EXTRUSION is invisible (UI)
WdgMtb: ACCESS remove_material_popup@extrev_feature_popup@EXTRUSION is invisible (UI)
WdgMtb: ACCESS thick_sketch_popup@extrev_feature_popup@EXTRUSION is invisible (UI)
WdgMtb: ACCESS DefineRmbBtn@extrev_feature_popup@EXTRUSION is invisible (UI)
WdgMtb: ACCESS SketchRmbBtn@extrev_feature_popup@EXTRUSION is invisible (UI)
WdgMtb: ACCESS add_draft_popup@extrev_feature_popup@EXTRUSION is invisible (UI)
WdgMtb: ACCESS cap_ends_popup@extrev_feature_popup@EXTRUSION is invisible (UI)
WdgMtb: ACCESS solid_surf_rg@EXTRUSION is invisible (UI)
WdgMtb: ACCESS remove_material_popup@extrev_feature_popup@EXTRUSION is invisible (UI)
WdgMtb: ACCESS thick_sketch_popup@extrev_feature_popup@EXTRUSION is invisible (UI)
WdgMtb: ACCESS DefineRmbBtn@extrev_feature_popup@EXTRUSION is invisible (UI)
WdgMtb: ACCESS SketchRmbBtn@extrev_feature_popup@EXTRUSION is invisible (UI)
WdgMtb: ACCESS add_draft_popup@extrev_feature_popup@EXTRUSION is invisible (UI)
WdgMtb: ACCESS cap_ends_popup@extrev_feature_popup@EXTRUSION is invisible (UI)
WdgMtb: ACCESS solid_surf_rg@EXTRUSION is invisible (UI)
WdgMtb: ACCESS remove_material_popup@extrev_feature_popup@EXTRUSION is invisible (UI)
WdgMtb: ACCESS thick_sketch_popup@extrev_feature_popup@EXTRUSION is invisible (UI)
WdgMtb: ACCESS DefineRmbBtn@extrev_feature_popup@EXTRUSION is invisible (UI)
WdgMtb: ACCESS SketchRmbBtn@extrev_feature_popup@EXTRUSION is invisible (UI)
WdgMtb: ACCESS add_draft_popup@extrev_feature_popup@EXTRUSION is invisible (UI)
WdgMtb: ACCESS cap_ends_popup@extrev_feature_popup@EXTRUSION is invisible (UI)
WdgMtb: ACCESS solid_surf_rg@EXTRUSION is invisible (UI)
WdgMtb: ACCESS remove_material_popup@extrev_feature_popup@EXTRUSION is invisible (UI)
WdgMtb: ACCESS thick_sketch_popup@extrev_feature_popup@EXTRUSION is invisible (UI)
WdgMtb: ACCESS DefineRmbBtn@extrev_feature_popup@EXTRUSION is invisible (UI)
WdgMtb: ACCESS SketchRmbBtn@extrev_feature_popup@EXTRUSION is invisible (UI)
WdgMtb: ACCESS add_draft_popup@extrev_feature_popup@EXTRUSION is invisible (UI)
WdgMtb: ACCESS cap_ends_popup@extrev_feature_popup@EXTRUSION is invisible (UI)
WdgMtb: ACCESS solid_surf_rg@EXTRUSION is invisible (UI)
WdgMtb: ACCESS remove_material_popup@extrev_feature_popup@EXTRUSION is invisible (UI)
WdgMtb: ACCESS thick_sketch_popup@extrev_feature_popup@EXTRUSION is invisible (UI)
WdgMtb: ACCESS DefineRmbBtn@extrev_feature_popup@EXTRUSION is invisible (UI)
WdgMtb: ACCESS SketchRmbBtn@extrev_feature_popup@EXTRUSION is invisible (UI)
WdgMtb: ACCESS add_draft_popup@extrev_feature_popup@EXTRUSION is invisible (UI)
WdgMtb: ACCESS cap_ends_popup@extrev_feature_popup@EXTRUSION is invisible (UI)
WdgMtb: ACCESS solid_surf_rg@EXTRUSION is invisible (UI)
WdgMtb: ACCESS remove_material_popup@extrev_feature_popup@EXTRUSION is invisible (UI)
WdgMtb: ACCESS thick_sketch_popup@extrev_feature_popup@EXTRUSION is invisible (UI)
WdgMtb: ACCESS DefineRmbBtn@extrev_feature_popup@EXTRUSION is invisible (UI)
WdgMtb: ACCESS SketchRmbBtn@extrev_feature_popup@EXTRUSION is invisible (UI)
WdgMtb: ACCESS add_draft_popup@extrev_feature_popup@EXTRUSION is invisible (UI)
WdgMtb: ACCESS cap_ends_popup@extrev_feature_popup@EXTRUSION is invisible (UI)
WdgMtb: ACCESS solid_surf_rg@EXTRUSION is invisible (UI)
WdgMtb: ACCESS remove_material_popup@extrev_feature_popup@EXTRUSION is invisible (UI)
WdgMtb: ACCESS thick_sketch_popup@extrev_feature_popup@EXTRUSION is invisible (UI)
WdgMtb: ACCESS DefineRmbBtn@extrev_feature_popup@EXTRUSION is invisible (UI)
WdgMtb: ACCESS SketchRmbBtn@extrev_feature_popup@EXTRUSION is invisible (UI)
WdgMtb: ACCESS add_draft_popup@extrev_feature_popup@EXTRUSION is invisible (UI)
WdgMtb: ACCESS cap_ends_popup@extrev_feature_popup@EXTRUSION is invisible (UI)
WdgMtb: ACCESS solid_surf_rg@EXTRUSION is invisible (UI)
WdgMtb: ACCESS remove_material_popup@extrev_feature_popup@EXTRUSION is invisible (UI)
WdgMtb: ACCESS thick_sketch_popup@extrev_feature_popup@EXTRUSION is invisible (UI)
WdgMtb: ACCESS DefineRmbBtn@extrev_feature_popup@EXTRUSION is invisible (UI)
WdgMtb: ACCESS SketchRmbBtn@extrev_feature_popup@EXTRUSION is invisible (UI)
WdgMtb: ACCESS add_draft_popup@extrev_feature_popup@EXTRUSION is invisible (UI)
WdgMtb: ACCESS cap_ends_popup@extrev_feature_popup@EXTRUSION is invisible (UI)
WdgMtb: ACCESS solid_surf_rg@EXTRUSION is invisible (UI)
WdgMtb: ACCESS remove_material_popup@extrev_feature_popup@EXTRUSION is invisible (UI)
WdgMtb: ACCESS thick_sketch_popup@extrev_feature_popup@EXTRUSION is invisible (UI)
WdgMtb: ACCESS DefineRmbBtn@extrev_feature_popup@EXTRUSION is invisible (UI)
WdgMtb: ACCESS SketchRmbBtn@extrev_feature_popup@EXTRUSION is invisible (UI)
WdgMtb: ACCESS add_draft_popup@extrev_feature_popup@EXTRUSION is invisible (UI)
WdgMtb: ACCESS cap_ends_popup@extrev_feature_popup@EXTRUSION is invisible (UI)
WdgMtb: ACCESS solid_surf_rg@EXTRUSION is invisible (UI)
WdgMtb: ACCESS remove_material_popup@extrev_feature_popup@EXTRUSION is invisible (UI)
WdgMtb: ACCESS thick_sketch_popup@extrev_feature_popup@EXTRUSION is invisible (UI)
WdgMtb: ACCESS DefineRmbBtn@extrev_feature_popup@EXTRUSION is invisible (UI)
WdgMtb: ACCESS SketchRmbBtn@extrev_feature_popup@EXTRUSION is invisible (UI)
WdgMtb: ACCESS add_draft_popup@extrev_feature_popup@EXTRUSION is invisible (UI)
WdgMtb: ACCESS cap_ends_popup@extrev_feature_popup@EXTRUSION is invisible (UI)
WdgMtb: ACCESS solid_surf_rg@EXTRUSION is invisible (UI)
WdgMtb: ACCESS remove_material_popup@extrev_feature_popup@EXTRUSION is invisible (UI)
WdgMtb: ACCESS thick_sketch_popup@extrev_feature_popup@EXTRUSION is invisible (UI)
WdgMtb: ACCESS DefineRmbBtn@extrev_feature_popup@EXTRUSION is invisible (UI)
WdgMtb: ACCESS SketchRmbBtn@extrev_feature_popup@EXTRUSION is invisible (UI)
WdgMtb: ACCESS add_draft_popup@extrev_feature_popup@EXTRUSION is invisible (UI)
WdgMtb: ACCESS cap_ends_popup@extrev_feature_popup@EXTRUSION is invisible (UI)
WdgMtb: ACCESS solid_surf_rg@EXTRUSION is invisible (UI)
WdgMtb: ACCESS remove_material_popup@extrev_feature_popup@EXTRUSION is invisible (UI)
WdgMtb: ACCESS thick_sketch_popup@extrev_feature_popup@EXTRUSION is invisible (UI)
WdgMtb: ACCESS DefineRmbBtn@extrev_feature_popup@EXTRUSION is invisible (UI)
WdgMtb: ACCESS SketchRmbBtn@extrev_feature_popup@EXTRUSION is invisible (UI)
WdgMtb: ACCESS add_draft_popup@extrev_feature_popup@EXTRUSION is invisible (UI)
WdgMtb: ACCESS cap_ends_popup@extrev_feature_popup@EXTRUSION is invisible (UI)
WdgMtb: ACCESS solid_surf_rg@EXTRUSION is invisible (UI)
WdgMtb: ACCESS remove_material_popup@extrev_feature_popup@EXTRUSION is invisible (UI)
WdgMtb: ACCESS thick_sketch_popup@extrev_feature_popup@EXTRUSION is invisible (UI)
WdgMtb: ACCESS DefineRmbBtn@extrev_feature_popup@EXTRUSION is invisible (UI)
WdgMtb: ACCESS SketchRmbBtn@extrev_feature_popup@EXTRUSION is invisible (UI)
WdgMtb: ACCESS add_draft_popup@extrev_feature_popup@EXTRUSION is invisible (UI)
WdgMtb: ACCESS cap_ends_popup@extrev_feature_popup@EXTRUSION is invisible (UI)
WdgMtb: ACCESS solid_surf_rg@EXTRUSION is invisible (UI)
WdgMtb: ACCESS remove_material_popup@extrev_feature_popup@EXTRUSION is invisible (UI)
WdgMtb: ACCESS thick_sketch_popup@extrev_feature_popup@EXTRUSION is invisible (UI)
WdgMtb: ACCESS DefineRmbBtn@extrev_feature_popup@EXTRUSION is invisible (UI)
WdgMtb: ACCESS SketchRmbBtn@extrev_feature_popup@EXTRUSION is invisible (UI)
WdgMtb: ACCESS add_draft_popup@extrev_feature_popup@EXTRUSION is invisible (UI)
WdgMtb: ACCESS cap_ends_popup@extrev_feature_popup@EXTRUSION is invisible (UI)
WdgMtb: ACCESS solid_surf_rg@EXTRUSION is invisible (UI)
WdgMtb: ACCESS remove_material_popup@extrev_feature_popup@EXTRUSION is invisible (UI)
WdgMtb: ACCESS thick_sketch_popup@extrev_feature_popup@EXTRUSION is invisible (UI)
WdgMtb: ACCESS DefineRmbBtn@extrev_feature_popup@EXTRUSION is invisible (UI)
WdgMtb: ACCESS SketchRmbBtn@extrev_feature_popup@EXTRUSION is invisible (UI)
WdgMtb: ACCESS add_draft_popup@extrev_feature_popup@EXTRUSION is invisible (UI)
WdgMtb: ACCESS cap_ends_popup@extrev_feature_popup@EXTRUSION is invisible (UI)
WdgMtb: ACCESS solid_surf_rg@EXTRUSION is invisible (UI)
WdgMtb: ACCESS remove_material_popup@extrev_feature_popup@EXTRUSION is invisible (UI)
WdgMtb: ACCESS thick_sketch_popup@extrev_feature_popup@EXTRUSION is invisible (UI)
WdgMtb: ACCESS DefineRmbBtn@extrev_feature_popup@EXTRUSION is invisible (UI)
WdgMtb: ACCESS SketchRmbBtn@extrev_feature_popup@EXTRUSION is invisible (UI)
WdgMtb: ACCESS add_draft_popup@extrev_feature_popup@EXTRUSION is invisible (UI)
WdgMtb: ACCESS cap_ends_popup@extrev_feature_popup@EXTRUSION is invisible (UI)
WdgMtb: ACCESS solid_surf_rg@EXTRUSION is invisible (UI)
WdgMtb: ACCESS remove_material_popup@extrev_feature_popup@EXTRUSION is invisible (UI)
WdgMtb: ACCESS thick_sketch_popup@extrev_feature_popup@EXTRUSION is invisible (UI)
WdgMtb: ACCESS DefineRmbBtn@extrev_feature_popup@EXTRUSION is invisible (UI)
WdgMtb: ACCESS SketchRmbBtn@extrev_feature_popup@EXTRUSION is invisible (UI)
WdgMtb: ACCESS add_draft_popup@extrev_feature_popup@EXTRUSION is invisible (UI)
WdgMtb: ACCESS cap_ends_popup@extrev_feature_popup@EXTRUSION is invisible (UI)
WdgMtb: ACCESS solid_surf_rg@EXTRUSION is invisible (UI)
WdgMtb: ACCESS remove_material_popup@extrev_feature_popup@EXTRUSION is invisible (UI)
WdgMtb: ACCESS thick_sketch_popup@extrev_feature_popup@EXTRUSION is invisible (UI)
WdgMtb: ACCESS DefineRmbBtn@extrev_feature_popup@EXTRUSION is invisible (UI)
WdgMtb: ACCESS SketchRmbBtn@extrev_feature_popup@EXTRUSION is invisible (UI)
WdgMtb: ACCESS add_draft_popup@extrev_feature_popup@EXTRUSION is invisible (UI)
WdgMtb: ACCESS cap_ends_popup@extrev_feature_popup@EXTRUSION is invisible (UI)
WdgMtb: ACCESS solid_surf_rg@EXTRUSION is invisible (UI)
WdgMtb: ACCESS remove_material_popup@extrev_feature_popup@EXTRUSION is invisible (UI)
WdgMtb: ACCESS thick_sketch_popup@extrev_feature_popup@EXTRUSION is invisible (UI)
WdgMtb: ACCESS DefineRmbBtn@extrev_feature_popup@EXTRUSION is invisible (UI)
WdgMtb: ACCESS SketchRmbBtn@extrev_feature_popup@EXTRUSION is invisible (UI)
WdgMtb: ACCESS add_draft_popup@extrev_feature_popup@EXTRUSION is invisible (UI)
WdgMtb: ACCESS cap_ends_popup@extrev_feature_popup@EXTRUSION is invisible (UI)
WdgMtb: ACCESS solid_surf_rg@EXTRUSION is invisible (UI)
WdgMtb: ACCESS remove_material_popup@extrev_feature_popup@EXTRUSION is invisible (UI)
WdgMtb: ACCESS thick_sketch_popup@extrev_feature_popup@EXTRUSION is invisible (UI)
WdgMtb: ACCESS DefineRmbBtn@extrev_feature_popup@EXTRUSION is invisible (UI)
WdgMtb: ACCESS SketchRmbBtn@extrev_feature_popup@EXTRUSION is invisible (UI)
WdgMtb: ACCESS add_draft_popup@extrev_feature_popup@EXTRUSION is invisible (UI)
WdgMtb: ACCESS cap_ends_popup@extrev_feature_popup@EXTRUSION is invisible (UI)
WdgMtb: ACCESS solid_surf_rg@EXTRUSION is invisible (UI)
WdgMtb: ACCESS remove_material_popup@extrev_feature_popup@EXTRUSION is invisible (UI)
WdgMtb: ACCESS thick_sketch_popup@extrev_feature_popup@EXTRUSION is invisible (UI)
WdgMtb: ACCESS DefineRmbBtn@extrev_feature_popup@EXTRUSION is invisible (UI)
WdgMtb: ACCESS SketchRmbBtn@extrev_feature_popup@EXTRUSION is invisible (UI)
WdgMtb: ACCESS add_draft_popup@extrev_feature_popup@EXTRUSION is invisible (UI)
WdgMtb: ACCESS cap_ends_popup@extrev_feature_popup@EXTRUSION is invisible (UI)
WdgMtb: ACCESS solid_surf_rg@EXTRUSION is invisible (UI)
WdgMtb: ACCESS remove_material_popup@extrev_feature_popup@EXTRUSION is invisible (UI)
WdgMtb: ACCESS thick_sketch_popup@extrev_feature_popup@EXTRUSION is invisible (UI)
WdgMtb: ACCESS DefineRmbBtn@extrev_feature_popup@EXTRUSION is invisible (UI)
WdgMtb: ACCESS SketchRmbBtn@extrev_feature_popup@EXTRUSION is invisible (UI)
WdgMtb: ACCESS add_draft_popup@extrev_feature_popup@EXTRUSION is invisible (UI)
WdgMtb: ACCESS cap_ends_popup@extrev_feature_popup@EXTRUSION is invisible (UI)
WdgMtb: ACCESS solid_surf_rg@EXTRUSION is invisible (UI)
WdgMtb: ACCESS remove_material_popup@extrev_feature_popup@EXTRUSION is invisible (UI)
WdgMtb: ACCESS thick_sketch_popup@extrev_feature_popup@EXTRUSION is invisible (UI)
WdgMtb: ACCESS DefineRmbBtn@extrev_feature_popup@EXTRUSION is invisible (UI)
WdgMtb: ACCESS SketchRmbBtn@extrev_feature_popup@EXTRUSION is invisible (UI)
WdgMtb: ACCESS add_draft_popup@extrev_feature_popup@EXTRUSION is invisible (UI)
WdgMtb: ACCESS cap_ends_popup@extrev_feature_popup@EXTRUSION is invisible (UI)
WdgMtb: ACCESS solid_surf_rg@EXTRUSION is invisible (UI)
WdgMtb: ACCESS remove_material_popup@extrev_feature_popup@EXTRUSION is invisible (UI)
WdgMtb: ACCESS thick_sketch_popup@extrev_feature_popup@EXTRUSION is invisible (UI)
WdgMtb: ACCESS DefineRmbBtn@extrev_feature_popup@EXTRUSION is invisible (UI)
WdgMtb: ACCESS SketchRmbBtn@extrev_feature_popup@EXTRUSION is invisible (UI)
WdgMtb: ACCESS add_draft_popup@extrev_feature_popup@EXTRUSION is invisible (UI)
WdgMtb: ACCESS cap_ends_popup@extrev_feature_popup@EXTRUSION is invisible (UI)
WdgMtb: ACCESS solid_surf_rg@EXTRUSION is invisible (UI)
WdgMtb: ACCESS remove_material_popup@extrev_feature_popup@EXTRUSION is invisible (UI)
WdgMtb: ACCESS thick_sketch_popup@extrev_feature_popup@EXTRUSION is invisible (UI)
WdgMtb: ACCESS DefineRmbBtn@extrev_feature_popup@EXTRUSION is invisible (UI)
WdgMtb: ACCESS SketchRmbBtn@extrev_feature_popup@EXTRUSION is invisible (UI)
WdgMtb: ACCESS add_draft_popup@extrev_feature_popup@EXTRUSION is invisible (UI)
WdgMtb: ACCESS cap_ends_popup@extrev_feature_popup@EXTRUSION is invisible (UI)
WdgMtb: ACCESS solid_surf_rg@EXTRUSION is invisible (UI)
WdgMtb: ACCESS remove_material_popup@extrev_feature_popup@EXTRUSION is invisible (UI)
WdgMtb: ACCESS thick_sketch_popup@extrev_feature_popup@EXTRUSION is invisible (UI)
WdgMtb: ACCESS DefineRmbBtn@extrev_feature_popup@EXTRUSION is invisible (UI)
WdgMtb: ACCESS SketchRmbBtn@extrev_feature_popup@EXTRUSION is invisible (UI)
WdgMtb: ACCESS add_draft_popup@extrev_feature_popup@EXTRUSION is invisible (UI)
WdgMtb: ACCESS cap_ends_popup@extrev_feature_popup@EXTRUSION is invisible (UI)
WdgMtb: ACCESS solid_surf_rg@EXTRUSION is invisible (UI)
WdgMtb: ACCESS remove_material_popup@extrev_feature_popup@EXTRUSION is invisible (UI)
WdgMtb: ACCESS thick_sketch_popup@extrev_feature_popup@EXTRUSION is invisible (UI)
WdgMtb: ACCESS DefineRmbBtn@extrev_feature_popup@EXTRUSION is invisible (UI)
WdgMtb: ACCESS SketchRmbBtn@extrev_feature_popup@EXTRUSION is invisible (UI)
WdgMtb: ACCESS add_draft_popup@extrev_feature_popup@EXTRUSION is invisible (UI)
WdgMtb: ACCESS cap_ends_popup@extrev_feature_popup@EXTRUSION is invisible (UI)
WdgMtb: ACCESS solid_surf_rg@EXTRUSION is invisible (UI)
WdgMtb: ACCESS remove_material_popup@extrev_feature_popup@EXTRUSION is invisible (UI)
WdgMtb: ACCESS thick_sketch_popup@extrev_feature_popup@EXTRUSION is invisible (UI)
WdgMtb: ACCESS DefineRmbBtn@extrev_feature_popup@EXTRUSION is invisible (UI)
WdgMtb: ACCESS SketchRmbBtn@extrev_feature_popup@EXTRUSION is invisible (UI)
WdgMtb: ACCESS add_draft_popup@extrev_feature_popup@EXTRUSION is invisible (UI)
WdgMtb: ACCESS cap_ends_popup@extrev_feature_popup@EXTRUSION is invisible (UI)
WdgMtb: ACCESS solid_surf_rg@EXTRUSION is invisible (UI)
WdgMtb: ACCESS remove_material_popup@extrev_feature_popup@EXTRUSION is invisible (UI)
WdgMtb: ACCESS thick_sketch_popup@extrev_feature_popup@EXTRUSION is invisible (UI)
WdgMtb: ACCESS DefineRmbBtn@extrev_feature_popup@EXTRUSION is invisible (UI)
WdgMtb: ACCESS SketchRmbBtn@extrev_feature_popup@EXTRUSION is invisible (UI)
WdgMtb: ACCESS add_draft_popup@extrev_feature_popup@EXTRUSION is invisible (UI)
WdgMtb: ACCESS cap_ends_popup@extrev_feature_popup@EXTRUSION is invisible (UI)
WdgMtb: ACCESS solid_surf_rg@EXTRUSION is invisible (UI)
WdgMtb: ACCESS remove_material_popup@extrev_feature_popup@EXTRUSION is invisible (UI)
WdgMtb: ACCESS thick_sketch_popup@extrev_feature_popup@EXTRUSION is invisible (UI)
WdgMtb: ACCESS DefineRmbBtn@extrev_feature_popup@EXTRUSION is invisible (UI)
WdgMtb: ACCESS SketchRmbBtn@extrev_feature_popup@EXTRUSION is invisible (UI)
WdgMtb: ACCESS add_draft_popup@extrev_feature_popup@EXTRUSION is invisible (UI)
WdgMtb: ACCESS cap_ends_popup@extrev_feature_popup@EXTRUSION is invisible (UI)
WdgMtb: ACCESS solid_surf_rg@EXTRUSION is invisible (UI)
WdgMtb: ACCESS remove_material_popup@extrev_feature_popup@EXTRUSION is invisible (UI)
WdgMtb: ACCESS thick_sketch_popup@extrev_feature_popup@EXTRUSION is invisible (UI)
WdgMtb: ACCESS DefineRmbBtn@extrev_feature_popup@EXTRUSION is invisible (UI)
WdgMtb: ACCESS SketchRmbBtn@extrev_feature_popup@EXTRUSION is invisible (UI)
WdgMtb: ACCESS add_draft_popup@extrev_feature_popup@EXTRUSION is invisible (UI)
WdgMtb: ACCESS cap_ends_popup@extrev_feature_popup@EXTRUSION is invisible (UI)
WdgMtb: ACCESS solid_surf_rg@EXTRUSION is invisible (UI)
WdgMtb: ACCESS remove_material_popup@extrev_feature_popup@EXTRUSION is invisible (UI)
WdgMtb: ACCESS thick_sketch_popup@extrev_feature_popup@EXTRUSION is invisible (UI)
WdgMtb: ACCESS DefineRmbBtn@extrev_feature_popup@EXTRUSION is invisible (UI)
WdgMtb: ACCESS SketchRmbBtn@extrev_feature_popup@EXTRUSION is invisible (UI)
WdgMtb: ACCESS add_draft_popup@extrev_feature_popup@EXTRUSION is invisible (UI)
WdgMtb: ACCESS cap_ends_popup@extrev_feature_popup@EXTRUSION is invisible (UI)
WdgMtb: ACCESS solid_surf_rg@EXTRUSION is invisible (UI)
WdgMtb: ACCESS remove_material_popup@extrev_feature_popup@EXTRUSION is invisible (UI)
WdgMtb: ACCESS thick_sketch_popup@extrev_feature_popup@EXTRUSION is invisible (UI)
WdgMtb: ACCESS DefineRmbBtn@extrev_feature_popup@EXTRUSION is invisible (UI)
WdgMtb: ACCESS SketchRmbBtn@extrev_feature_popup@EXTRUSION is invisible (UI)
WdgMtb: ACCESS add_draft_popup@extrev_feature_popup@EXTRUSION is invisible (UI)
WdgMtb: ACCESS cap_ends_popup@extrev_feature_popup@EXTRUSION is invisible (UI)
WdgMtb: ACCESS solid_surf_rg@EXTRUSION is invisible (UI)
WdgMtb: ACCESS remove_material_popup@extrev_feature_popup@EXTRUSION is invisible (UI)
WdgMtb: ACCESS thick_sketch_popup@extrev_feature_popup@EXTRUSION is invisible (UI)
WdgMtb: ACCESS DefineRmbBtn@extrev_feature_popup@EXTRUSION is invisible (UI)
WdgMtb: ACCESS SketchRmbBtn@extrev_feature_popup@EXTRUSION is invisible (UI)
WdgMtb: ACCESS add_draft_popup@extrev_feature_popup@EXTRUSION is invisible (UI)
WdgMtb: ACCESS cap_ends_popup@extrev_feature_popup@EXTRUSION is invisible (UI)
WdgMtb: ACCESS solid_surf_rg@EXTRUSION is invisible (UI)
WdgMtb: ACCESS remove_material_popup@extrev_feature_popup@EXTRUSION is invisible (UI)
WdgMtb: ACCESS thick_sketch_popup@extrev_feature_popup@EXTRUSION is invisible (UI)
WdgMtb: ACCESS DefineRmbBtn@extrev_feature_popup@EXTRUSION is invisible (UI)
WdgMtb: ACCESS SketchRmbBtn@extrev_feature_popup@EXTRUSION is invisible (UI)
WdgMtb: ACCESS add_draft_popup@extrev_feature_popup@EXTRUSION is invisible (UI)
WdgMtb: ACCESS cap_ends_popup@extrev_feature_popup@EXTRUSION is invisible (UI)
WdgMtb: ACCESS solid_surf_rg@EXTRUSION is invisible (UI)
WdgMtb: ACCESS remove_material_popup@extrev_feature_popup@EXTRUSION is invisible (UI)
WdgMtb: ACCESS thick_sketch_popup@extrev_feature_popup@EXTRUSION is invisible (UI)
WdgMtb: ACCESS DefineRmbBtn@extrev_feature_popup@EXTRUSION is invisible (UI)
WdgMtb: ACCESS SketchRmbBtn@extrev_feature_popup@EXTRUSION is invisible (UI)
WdgMtb: ACCESS add_draft_popup@extrev_feature_popup@EXTRUSION is invisible (UI)
WdgMtb: ACCESS cap_ends_popup@extrev_feature_popup@EXTRUSION is invisible (UI)
WdgMtb: ACCESS solid_surf_rg@EXTRUSION is invisible (UI)
WdgMtb: ACCESS remove_material_popup@extrev_feature_popup@EXTRUSION is invisible (UI)
WdgMtb: ACCESS thick_sketch_popup@extrev_feature_popup@EXTRUSION is invisible (UI)
WdgMtb: ACCESS DefineRmbBtn@extrev_feature_popup@EXTRUSION is invisible (UI)
WdgMtb: ACCESS SketchRmbBtn@extrev_feature_popup@EXTRUSION is invisible (UI)
WdgMtb: ACCESS add_draft_popup@extrev_feature_popup@EXTRUSION is invisible (UI)
WdgMtb: ACCESS cap_ends_popup@extrev_feature_popup@EXTRUSION is invisible (UI)
WdgMtb: ACCESS solid_surf_rg@EXTRUSION is invisible (UI)
WdgMtb: ACCESS remove_material_popup@extrev_feature_popup@EXTRUSION is invisible (UI)
WdgMtb: ACCESS thick_sketch_popup@extrev_feature_popup@EXTRUSION is invisible (UI)
WdgMtb: ACCESS DefineRmbBtn@extrev_feature_popup@EXTRUSION is invisible (UI)
WdgMtb: ACCESS SketchRmbBtn@extrev_feature_popup@EXTRUSION is invisible (UI)
WdgMtb: ACCESS add_draft_popup@extrev_feature_popup@EXTRUSION is invisible (UI)
WdgMtb: ACCESS cap_ends_popup@extrev_feature_popup@EXTRUSION is invisible (UI)
WdgMtb: ACCESS solid_surf_rg@EXTRUSION is invisible (UI)
WdgMtb: ACCESS remove_material_popup@extrev_feature_popup@EXTRUSION is invisible (UI)
WdgMtb: ACCESS thick_sketch_popup@extrev_feature_popup@EXTRUSION is invisible (UI)
WdgMtb: ACCESS DefineRmbBtn@extrev_feature_popup@EXTRUSION is invisible (UI)
WdgMtb: ACCESS SketchRmbBtn@extrev_feature_popup@EXTRUSION is invisible (UI)
WdgMtb: ACCESS add_draft_popup@extrev_feature_popup@EXTRUSION is invisible (UI)
WdgMtb: ACCESS cap_ends_popup@extrev_feature_popup@EXTRUSION is invisible (UI)
WdgMtb: ACCESS solid_surf_rg@EXTRUSION is invisible (UI)
WdgMtb: ACCESS remove_material_popup@extrev_feature_popup@EXTRUSION is invisible (UI)
WdgMtb: ACCESS thick_sketch_popup@extrev_feature_popup@EXTRUSION is invisible (UI)
WdgMtb: ACCESS DefineRmbBtn@extrev_feature_popup@EXTRUSION is invisible (UI)
WdgMtb: ACCESS SketchRmbBtn@extrev_feature_popup@EXTRUSION is invisible (UI)
WdgMtb: ACCESS add_draft_popup@extrev_feature_popup@EXTRUSION is invisible (UI)
WdgMtb: ACCESS cap_ends_popup@extrev_feature_popup@EXTRUSION is invisible (UI)
WdgMtb: ACCESS solid_surf_rg@EXTRUSION is invisible (UI)
WdgMtb: ACCESS remove_material_popup@extrev_feature_popup@EXTRUSION is invisible (UI)
WdgMtb: ACCESS thick_sketch_popup@extrev_feature_popup@EXTRUSION is invisible (UI)
WdgMtb: ACCESS DefineRmbBtn@extrev_feature_popup@EXTRUSION is invisible (UI)
WdgMtb: ACCESS SketchRmbBtn@extrev_feature_popup@EXTRUSION is invisible (UI)
WdgMtb: ACCESS add_draft_popup@extrev_feature_popup@EXTRUSION is invisible (UI)
WdgMtb: ACCESS cap_ends_popup@extrev_feature_popup@EXTRUSION is invisible (UI)
WdgMtb: ACCESS solid_surf_rg@EXTRUSION is invisible (UI)
WdgMtb: ACCESS remove_material_popup@extrev_feature_popup@EXTRUSION is invisible (UI)
WdgMtb: ACCESS thick_sketch_popup@extrev_feature_popup@EXTRUSION is invisible (UI)
WdgMtb: ACCESS DefineRmbBtn@extrev_feature_popup@EXTRUSION is invisible (UI)
WdgMtb: ACCESS SketchRmbBtn@extrev_feature_popup@EXTRUSION is invisible (UI)
WdgMtb: ACCESS add_draft_popup@extrev_feature_popup@EXTRUSION is invisible (UI)
WdgMtb: ACCESS cap_ends_popup@extrev_feature_popup@EXTRUSION is invisible (UI)
WdgMtb: ACCESS solid_surf_rg@EXTRUSION is invisible (UI)
WdgMtb: ACCESS remove_material_popup@extrev_feature_popup@EXTRUSION is invisible (UI)
WdgMtb: ACCESS thick_sketch_popup@extrev_feature_popup@EXTRUSION is invisible (UI)
WdgMtb: ACCESS DefineRmbBtn@extrev_feature_popup@EXTRUSION is invisible (UI)
WdgMtb: ACCESS SketchRmbBtn@extrev_feature_popup@EXTRUSION is invisible (UI)
WdgMtb: ACCESS add_draft_popup@extrev_feature_popup@EXTRUSION is invisible (UI)
WdgMtb: ACCESS cap_ends_popup@extrev_feature_popup@EXTRUSION is invisible (UI)
WdgMtb: ACCESS solid_surf_rg@EXTRUSION is invisible (UI)
WdgMtb: ACCESS remove_material_popup@extrev_feature_popup@EXTRUSION is invisible (UI)
WdgMtb: ACCESS thick_sketch_popup@extrev_feature_popup@EXTRUSION is invisible (UI)
WdgMtb: ACCESS DefineRmbBtn@extrev_feature_popup@EXTRUSION is invisible (UI)
WdgMtb: ACCESS SketchRmbBtn@extrev_feature_popup@EXTRUSION is invisible (UI)
WdgMtb: ACCESS add_draft_popup@extrev_feature_popup@EXTRUSION is invisible (UI)
WdgMtb: ACCESS cap_ends_popup@extrev_feature_popup@EXTRUSION is invisible (UI)
WdgMtb: ACCESS solid_surf_rg@EXTRUSION is invisible (UI)
WdgMtb: ACCESS remove_material_popup@extrev_feature_popup@EXTRUSION is invisible (UI)
WdgMtb: ACCESS thick_sketch_popup@extrev_feature_popup@EXTRUSION is invisible (UI)
WdgMtb: ACCESS DefineRmbBtn@extrev_feature_popup@EXTRUSION is invisible (UI)
WdgMtb: ACCESS SketchRmbBtn@extrev_feature_popup@EXTRUSION is invisible (UI)
WdgMtb: ACCESS add_draft_popup@extrev_feature_popup@EXTRUSION is invisible (UI)
WdgMtb: ACCESS cap_ends_popup@extrev_feature_popup@EXTRUSION is invisible (UI)
WdgMtb: ACCESS solid_surf_rg@EXTRUSION is invisible (UI)
WdgMtb: ACCESS remove_material_popup@extrev_feature_popup@EXTRUSION is invisible (UI)
WdgMtb: ACCESS thick_sketch_popup@extrev_feature_popup@EXTRUSION is invisible (UI)
WdgMtb: ACCESS DefineRmbBtn@extrev_feature_popup@EXTRUSION is invisible (UI)
WdgMtb: ACCESS SketchRmbBtn@extrev_feature_popup@EXTRUSION is invisible (UI)
WdgMtb: ACCESS add_draft_popup@extrev_feature_popup@EXTRUSION is invisible (UI)
WdgMtb: ACCESS cap_ends_popup@extrev_feature_popup@EXTRUSION is invisible (UI)
WdgMtb: ACCESS solid_surf_rg@EXTRUSION is invisible (UI)
WdgMtb: ACCESS remove_material_popup@extrev_feature_popup@EXTRUSION is invisible (UI)
WdgMtb: ACCESS thick_sketch_popup@extrev_feature_popup@EXTRUSION is invisible (UI)
WdgMtb: ACCESS DefineRmbBtn@extrev_feature_popup@EXTRUSION is invisible (UI)
WdgMtb: ACCESS SketchRmbBtn@extrev_feature_popup@EXTRUSION is invisible (UI)
WdgMtb: ACCESS add_draft_popup@extrev_feature_popup@EXTRUSION is invisible (UI)
WdgMtb: ACCESS cap_ends_popup@extrev_feature_popup@EXTRUSION is invisible (UI)
WdgMtb: ACCESS solid_surf_rg@EXTRUSION is AVAILABLE (CB)
WdgMtb: ACCESS remove_material_popup@extrev_feature_popup@EXTRUSION is AVAILABLE (CB)
WdgMtb: ACCESS thick_sketch_popup@extrev_feature_popup@EXTRUSION is AVAILABLE (CB)
WdgMtb: ACCESS DefineRmbBtn@extrev_feature_popup@EXTRUSION is invisible (UI)
WdgMtb: ACCESS SketchRmbBtn@extrev_feature_popup@EXTRUSION is AVAILABLE (CB)
WdgMtb: ACCESS add_draft_popup@extrev_feature_popup@EXTRUSION is AVAILABLE (CB)
WdgMtb: ACCESS cap_ends_popup@extrev_feature_popup@EXTRUSION is invisible (UI)
WdgMtb: ACCESS solid_surf_rg@EXTRUSION is AVAILABLE (CB)
WdgMtb: ACCESS remove_material_popup@extrev_feature_popup@EXTRUSION is AVAILABLE (CB)
WdgMtb: ACCESS thick_sketch_popup@extrev_feature_popup@EXTRUSION is AVAILABLE (CB)
WdgMtb: ACCESS DefineRmbBtn@extrev_feature_popup@EXTRUSION is invisible (UI)
WdgMtb: ACCESS SketchRmbBtn@extrev_feature_popup@EXTRUSION is AVAILABLE (CB)
WdgMtb: ACCESS add_draft_popup@extrev_feature_popup@EXTRUSION is AVAILABLE (CB)
WdgMtb: ACCESS cap_ends_popup@extrev_feature_popup@EXTRUSION is invisible (UI)
WdgMtb: ACCESS solid_surf_rg@EXTRUSION is AVAILABLE (CB)
WdgMtb: ACCESS remove_material_popup@extrev_feature_popup@EXTRUSION is AVAILABLE (CB)
WdgMtb: ACCESS thick_sketch_popup@extrev_feature_popup@EXTRUSION is AVAILABLE (CB)
WdgMtb: ACCESS DefineRmbBtn@extrev_feature_popup@EXTRUSION is invisible (UI)
WdgMtb: ACCESS SketchRmbBtn@extrev_feature_popup@EXTRUSION is AVAILABLE (CB)
WdgMtb: ACCESS add_draft_popup@extrev_feature_popup@EXTRUSION is AVAILABLE (CB)
WdgMtb: ACCESS cap_ends_popup@extrev_feature_popup@EXTRUSION is invisible (UI)
WdgMtb: ACCESS solid_surf_rg@EXTRUSION is AVAILABLE (CB)
WdgMtb: ACCESS remove_material_popup@extrev_feature_popup@EXTRUSION is AVAILABLE (CB)
WdgMtb: ACCESS thick_sketch_popup@extrev_feature_popup@EXTRUSION is AVAILABLE (CB)
WdgMtb: ACCESS DefineRmbBtn@extrev_feature_popup@EXTRUSION is invisible (UI)
WdgMtb: ACCESS SketchRmbBtn@extrev_feature_popup@EXTRUSION is AVAILABLE (CB)
WdgMtb: ACCESS add_draft_popup@extrev_feature_popup@EXTRUSION is AVAILABLE (CB)
WdgMtb: ACCESS cap_ends_popup@extrev_feature_popup@EXTRUSION is invisible (UI)
WdgMtb: ACCESS solid_surf_rg@EXTRUSION is AVAILABLE (CB)
WdgMtb: ACCESS remove_material_popup@extrev_feature_popup@EXTRUSION is AVAILABLE (CB)
WdgMtb: ACCESS thick_sketch_popup@extrev_feature_popup@EXTRUSION is AVAILABLE (CB)
WdgMtb: ACCESS DefineRmbBtn@extrev_feature_popup@EXTRUSION is invisible (UI)
WdgMtb: ACCESS SketchRmbBtn@extrev_feature_popup@EXTRUSION is AVAILABLE (CB)
WdgMtb: ACCESS add_draft_popup@extrev_feature_popup@EXTRUSION is AVAILABLE (CB)
WdgMtb: ACCESS cap_ends_popup@extrev_feature_popup@EXTRUSION is invisible (UI)
WdgMtb: ACCESS SketchRmbBtn@extrev_feature_popup@EXTRUSION is AVAILABLE (CB)
WdgMtb: ACCESS SketchRmbBtn@extrev_feature_popup@EXTRUSION is AVAILABLE (CB)
WdgMtb: ACCESS SketchRmbBtn@extrev_feature_popup@EXTRUSION is AVAILABLE (CB)
WdgMtb: ACCESS solid_surf_rg@EXTRUSION is invisible (UI)
WdgMtb: ACCESS remove_material_popup@extrev_feature_popup@EXTRUSION is invisible (UI)
WdgMtb: ACCESS thick_sketch_popup@extrev_feature_popup@EXTRUSION is invisible (UI)
WdgMtb: ACCESS DefineRmbBtn@extrev_feature_popup@EXTRUSION is invisible (UI)
WdgMtb: ACCESS SketchRmbBtn@extrev_feature_popup@EXTRUSION is invisible (UI)
WdgMtb: ACCESS add_draft_popup@extrev_feature_popup@EXTRUSION is invisible (UI)
WdgMtb: ACCESS cap_ends_popup@extrev_feature_popup@EXTRUSION is invisible (UI)
WdgMtb: ACCESS solid_surf_rg@EXTRUSION is invisible (UI)
WdgMtb: ACCESS remove_material_popup@extrev_feature_popup@EXTRUSION is invisible (UI)
WdgMtb: ACCESS thick_sketch_popup@extrev_feature_popup@EXTRUSION is invisible (UI)
WdgMtb: ACCESS DefineRmbBtn@extrev_feature_popup@EXTRUSION is invisible (UI)
WdgMtb: ACCESS SketchRmbBtn@extrev_feature_popup@EXTRUSION is invisible (UI)
WdgMtb: ACCESS add_draft_popup@extrev_feature_popup@EXTRUSION is invisible (UI)
WdgMtb: ACCESS cap_ends_popup@extrev_feature_popup@EXTRUSION is invisible (UI)
WdgMtb: ACCESS solid_surf_rg@EXTRUSION is invisible (UI)
WdgMtb: ACCESS remove_material_popup@extrev_feature_popup@EXTRUSION is invisible (UI)
WdgMtb: ACCESS thick_sketch_popup@extrev_feature_popup@EXTRUSION is invisible (UI)
WdgMtb: ACCESS DefineRmbBtn@extrev_feature_popup@EXTRUSION is invisible (UI)
WdgMtb: ACCESS SketchRmbBtn@extrev_feature_popup@EXTRUSION is invisible (UI)
WdgMtb: ACCESS add_draft_popup@extrev_feature_popup@EXTRUSION is invisible (UI)
WdgMtb: ACCESS cap_ends_popup@extrev_feature_popup@EXTRUSION is invisible (UI)
WdgMtb: ACCESS solid_surf_rg@EXTRUSION is invisible (UI)
WdgMtb: ACCESS remove_material_popup@extrev_feature_popup@EXTRUSION is invisible (UI)
WdgMtb: ACCESS thick_sketch_popup@extrev_feature_popup@EXTRUSION is invisible (UI)
WdgMtb: ACCESS DefineRmbBtn@extrev_feature_popup@EXTRUSION is invisible (UI)
WdgMtb: ACCESS SketchRmbBtn@extrev_feature_popup@EXTRUSION is invisible (UI)
WdgMtb: ACCESS add_draft_popup@extrev_feature_popup@EXTRUSION is invisible (UI)
WdgMtb: ACCESS cap_ends_popup@extrev_feature_popup@EXTRUSION is invisible (UI)
WdgMtb: ACCESS solid_surf_rg@EXTRUSION is invisible (UI)
WdgMtb: ACCESS remove_material_popup@extrev_feature_popup@EXTRUSION is invisible (UI)
WdgMtb: ACCESS thick_sketch_popup@extrev_feature_popup@EXTRUSION is invisible (UI)
WdgMtb: ACCESS DefineRmbBtn@extrev_feature_popup@EXTRUSION is invisible (UI)
WdgMtb: ACCESS SketchRmbBtn@extrev_feature_popup@EXTRUSION is invisible (UI)
WdgMtb: ACCESS add_draft_popup@extrev_feature_popup@EXTRUSION is invisible (UI)
WdgMtb: ACCESS cap_ends_popup@extrev_feature_popup@EXTRUSION is invisible (UI)
WdgMtb: ACCESS solid_surf_rg@EXTRUSION is invisible (UI)
WdgMtb: ACCESS remove_material_popup@extrev_feature_popup@EXTRUSION is invisible (UI)
WdgMtb: ACCESS thick_sketch_popup@extrev_feature_popup@EXTRUSION is invisible (UI)
WdgMtb: ACCESS DefineRmbBtn@extrev_feature_popup@EXTRUSION is invisible (UI)
WdgMtb: ACCESS SketchRmbBtn@extrev_feature_popup@EXTRUSION is invisible (UI)
WdgMtb: ACCESS add_draft_popup@extrev_feature_popup@EXTRUSION is invisible (UI)
WdgMtb: ACCESS cap_ends_popup@extrev_feature_popup@EXTRUSION is invisible (UI)
WdgMtb: ACCESS solid_surf_rg@EXTRUSION is invisible (UI)
WdgMtb: ACCESS remove_material_popup@extrev_feature_popup@EXTRUSION is invisible (UI)
WdgMtb: ACCESS thick_sketch_popup@extrev_feature_popup@EXTRUSION is invisible (UI)
WdgMtb: ACCESS DefineRmbBtn@extrev_feature_popup@EXTRUSION is invisible (UI)
WdgMtb: ACCESS SketchRmbBtn@extrev_feature_popup@EXTRUSION is invisible (UI)
WdgMtb: ACCESS add_draft_popup@extrev_feature_popup@EXTRUSION is invisible (UI)
WdgMtb: ACCESS cap_ends_popup@extrev_feature_popup@EXTRUSION is invisible (UI)
WdgMtb: ACCESS solid_surf_rg@EXTRUSION is invisible (UI)
WdgMtb: ACCESS remove_material_popup@extrev_feature_popup@EXTRUSION is invisible (UI)
WdgMtb: ACCESS thick_sketch_popup@extrev_feature_popup@EXTRUSION is invisible (UI)
WdgMtb: ACCESS DefineRmbBtn@extrev_feature_popup@EXTRUSION is invisible (UI)
WdgMtb: ACCESS SketchRmbBtn@extrev_feature_popup@EXTRUSION is invisible (UI)
WdgMtb: ACCESS add_draft_popup@extrev_feature_popup@EXTRUSION is invisible (UI)
WdgMtb: ACCESS cap_ends_popup@extrev_feature_popup@EXTRUSION is invisible (UI)
WdgMtb: ACCESS solid_surf_rg@EXTRUSION is invisible (UI)
WdgMtb: ACCESS remove_material_popup@extrev_feature_popup@EXTRUSION is invisible (UI)
WdgMtb: ACCESS thick_sketch_popup@extrev_feature_popup@EXTRUSION is invisible (UI)
WdgMtb: ACCESS DefineRmbBtn@extrev_feature_popup@EXTRUSION is invisible (UI)
WdgMtb: ACCESS SketchRmbBtn@extrev_feature_popup@EXTRUSION is invisible (UI)
WdgMtb: ACCESS add_draft_popup@extrev_feature_popup@EXTRUSION is invisible (UI)
WdgMtb: ACCESS cap_ends_popup@extrev_feature_popup@EXTRUSION is invisible (UI)
WdgMtb: ACCESS solid_surf_rg@EXTRUSION is invisible (UI)
WdgMtb: ACCESS remove_material_popup@extrev_feature_popup@EXTRUSION is invisible (UI)
WdgMtb: ACCESS thick_sketch_popup@extrev_feature_popup@EXTRUSION is invisible (UI)
WdgMtb: ACCESS DefineRmbBtn@extrev_feature_popup@EXTRUSION is invisible (UI)
WdgMtb: ACCESS SketchRmbBtn@extrev_feature_popup@EXTRUSION is invisible (UI)
WdgMtb: ACCESS add_draft_popup@extrev_feature_popup@EXTRUSION is invisible (UI)
WdgMtb: ACCESS cap_ends_popup@extrev_feature_popup@EXTRUSION is invisible (UI)
WdgMtb: ACCESS solid_surf_rg@EXTRUSION is invisible (UI)
WdgMtb: ACCESS remove_material_popup@extrev_feature_popup@EXTRUSION is invisible (UI)
WdgMtb: ACCESS thick_sketch_popup@extrev_feature_popup@EXTRUSION is invisible (UI)
WdgMtb: ACCESS DefineRmbBtn@extrev_feature_popup@EXTRUSION is invisible (UI)
WdgMtb: ACCESS SketchRmbBtn@extrev_feature_popup@EXTRUSION is invisible (UI)
WdgMtb: ACCESS add_draft_popup@extrev_feature_popup@EXTRUSION is invisible (UI)
WdgMtb: ACCESS cap_ends_popup@extrev_feature_popup@EXTRUSION is invisible (UI)
WdgMtb: ACCESS solid_surf_rg@EXTRUSION is invisible (UI)
WdgMtb: ACCESS remove_material_popup@extrev_feature_popup@EXTRUSION is invisible (UI)
WdgMtb: ACCESS thick_sketch_popup@extrev_feature_popup@EXTRUSION is invisible (UI)
WdgMtb: ACCESS DefineRmbBtn@extrev_feature_popup@EXTRUSION is invisible (UI)
WdgMtb: ACCESS SketchRmbBtn@extrev_feature_popup@EXTRUSION is invisible (UI)
WdgMtb: ACCESS add_draft_popup@extrev_feature_popup@EXTRUSION is invisible (UI)
WdgMtb: ACCESS cap_ends_popup@extrev_feature_popup@EXTRUSION is invisible (UI)
WdgMtb: ACCESS solid_surf_rg@EXTRUSION is invisible (UI)
WdgMtb: ACCESS remove_material_popup@extrev_feature_popup@EXTRUSION is invisible (UI)
WdgMtb: ACCESS thick_sketch_popup@extrev_feature_popup@EXTRUSION is invisible (UI)
WdgMtb: ACCESS DefineRmbBtn@extrev_feature_popup@EXTRUSION is invisible (UI)
WdgMtb: ACCESS SketchRmbBtn@extrev_feature_popup@EXTRUSION is invisible (UI)
WdgMtb: ACCESS add_draft_popup@extrev_feature_popup@EXTRUSION is invisible (UI)
WdgMtb: ACCESS cap_ends_popup@extrev_feature_popup@EXTRUSION is invisible (UI)
WdgMtb: ACCESS solid_surf_rg@EXTRUSION is invisible (UI)
WdgMtb: ACCESS remove_material_popup@extrev_feature_popup@EXTRUSION is invisible (UI)
WdgMtb: ACCESS thick_sketch_popup@extrev_feature_popup@EXTRUSION is invisible (UI)
WdgMtb: ACCESS DefineRmbBtn@extrev_feature_popup@EXTRUSION is invisible (UI)
WdgMtb: ACCESS SketchRmbBtn@extrev_feature_popup@EXTRUSION is invisible (UI)
WdgMtb: ACCESS add_draft_popup@extrev_feature_popup@EXTRUSION is invisible (UI)
WdgMtb: ACCESS cap_ends_popup@extrev_feature_popup@EXTRUSION is invisible (UI)
WdgMtb: ACCESS solid_surf_rg@EXTRUSION is invisible (UI)
WdgMtb: ACCESS remove_material_popup@extrev_feature_popup@EXTRUSION is invisible (UI)
WdgMtb: ACCESS thick_sketch_popup@extrev_feature_popup@EXTRUSION is invisible (UI)
WdgMtb: ACCESS DefineRmbBtn@extrev_feature_popup@EXTRUSION is invisible (UI)
WdgMtb: ACCESS SketchRmbBtn@extrev_feature_popup@EXTRUSION is invisible (UI)
WdgMtb: ACCESS add_draft_popup@extrev_feature_popup@EXTRUSION is invisible (UI)
WdgMtb: ACCESS cap_ends_popup@extrev_feature_popup@EXTRUSION is invisible (UI)
WdgMtb: ACCESS solid_surf_rg@EXTRUSION is invisible (UI)
WdgMtb: ACCESS remove_material_popup@extrev_feature_popup@EXTRUSION is invisible (UI)
WdgMtb: ACCESS thick_sketch_popup@extrev_feature_popup@EXTRUSION is invisible (UI)
WdgMtb: ACCESS DefineRmbBtn@extrev_feature_popup@EXTRUSION is invisible (UI)
WdgMtb: ACCESS SketchRmbBtn@extrev_feature_popup@EXTRUSION is invisible (UI)
WdgMtb: ACCESS add_draft_popup@extrev_feature_popup@EXTRUSION is invisible (UI)
WdgMtb: ACCESS cap_ends_popup@extrev_feature_popup@EXTRUSION is invisible (UI)
WdgMtb: ACCESS solid_surf_rg@EXTRUSION is invisible (UI)
WdgMtb: ACCESS remove_material_popup@extrev_feature_popup@EXTRUSION is invisible (UI)
WdgMtb: ACCESS thick_sketch_popup@extrev_feature_popup@EXTRUSION is invisible (UI)
WdgMtb: ACCESS DefineRmbBtn@extrev_feature_popup@EXTRUSION is invisible (UI)
WdgMtb: ACCESS SketchRmbBtn@extrev_feature_popup@EXTRUSION is invisible (UI)
WdgMtb: ACCESS add_draft_popup@extrev_feature_popup@EXTRUSION is invisible (UI)
WdgMtb: ACCESS cap_ends_popup@extrev_feature_popup@EXTRUSION is invisible (UI)
WdgMtb: ACCESS solid_surf_rg@EXTRUSION is invisible (UI)
WdgMtb: ACCESS remove_material_popup@extrev_feature_popup@EXTRUSION is invisible (UI)
WdgMtb: ACCESS thick_sketch_popup@extrev_feature_popup@EXTRUSION is invisible (UI)
WdgMtb: ACCESS DefineRmbBtn@extrev_feature_popup@EXTRUSION is invisible (UI)
WdgMtb: ACCESS SketchRmbBtn@extrev_feature_popup@EXTRUSION is invisible (UI)
WdgMtb: ACCESS add_draft_popup@extrev_feature_popup@EXTRUSION is invisible (UI)
WdgMtb: ACCESS cap_ends_popup@extrev_feature_popup@EXTRUSION is invisible (UI)
WdgMtb: ACCESS solid_surf_rg@EXTRUSION is invisible (UI)
WdgMtb: ACCESS remove_material_popup@extrev_feature_popup@EXTRUSION is invisible (UI)
WdgMtb: ACCESS thick_sketch_popup@extrev_feature_popup@EXTRUSION is invisible (UI)
WdgMtb: ACCESS DefineRmbBtn@extrev_feature_popup@EXTRUSION is invisible (UI)
WdgMtb: ACCESS SketchRmbBtn@extrev_feature_popup@EXTRUSION is invisible (UI)
WdgMtb: ACCESS add_draft_popup@extrev_feature_popup@EXTRUSION is invisible (UI)
WdgMtb: ACCESS cap_ends_popup@extrev_feature_popup@EXTRUSION is invisible (UI)
WdgMtb: ACCESS solid_surf_rg@EXTRUSION is invisible (UI)
WdgMtb: ACCESS remove_material_popup@extrev_feature_popup@EXTRUSION is invisible (UI)
WdgMtb: ACCESS thick_sketch_popup@extrev_feature_popup@EXTRUSION is invisible (UI)
WdgMtb: ACCESS DefineRmbBtn@extrev_feature_popup@EXTRUSION is invisible (UI)
WdgMtb: ACCESS SketchRmbBtn@extrev_feature_popup@EXTRUSION is invisible (UI)
WdgMtb: ACCESS add_draft_popup@extrev_feature_popup@EXTRUSION is invisible (UI)
WdgMtb: ACCESS cap_ends_popup@extrev_feature_popup@EXTRUSION is invisible (UI)
WdgMtb: ACCESS solid_surf_rg@EXTRUSION is invisible (UI)
WdgMtb: ACCESS remove_material_popup@extrev_feature_popup@EXTRUSION is invisible (UI)
WdgMtb: ACCESS thick_sketch_popup@extrev_feature_popup@EXTRUSION is invisible (UI)
WdgMtb: ACCESS DefineRmbBtn@extrev_feature_popup@EXTRUSION is invisible (UI)
WdgMtb: ACCESS SketchRmbBtn@extrev_feature_popup@EXTRUSION is invisible (UI)
WdgMtb: ACCESS add_draft_popup@extrev_feature_popup@EXTRUSION is invisible (UI)
WdgMtb: ACCESS cap_ends_popup@extrev_feature_popup@EXTRUSION is invisible (UI)
WdgMtb: ACCESS solid_surf_rg@EXTRUSION is AVAILABLE (CB)
WdgMtb: ACCESS remove_material_popup@extrev_feature_popup@EXTRUSION is AVAILABLE (CB)
WdgMtb: ACCESS thick_sketch_popup@extrev_feature_popup@EXTRUSION is AVAILABLE (CB)
WdgMtb: ACCESS DefineRmbBtn@extrev_feature_popup@EXTRUSION is invisible (UI)
WdgMtb: ACCESS SketchRmbBtn@extrev_feature_popup@EXTRUSION is AVAILABLE (CB)
WdgMtb: ACCESS add_draft_popup@extrev_feature_popup@EXTRUSION is AVAILABLE (CB)
WdgMtb: ACCESS cap_ends_popup@extrev_feature_popup@EXTRUSION is invisible (UI)
WdgMtb: ACCESS solid_surf_rg@EXTRUSION is AVAILABLE (CB)
WdgMtb: ACCESS remove_material_popup@extrev_feature_popup@EXTRUSION is AVAILABLE (CB)
WdgMtb: ACCESS thick_sketch_popup@extrev_feature_popup@EXTRUSION is AVAILABLE (CB)
WdgMtb: ACCESS DefineRmbBtn@extrev_feature_popup@EXTRUSION is invisible (UI)
WdgMtb: ACCESS SketchRmbBtn@extrev_feature_popup@EXTRUSION is AVAILABLE (CB)
WdgMtb: ACCESS add_draft_popup@extrev_feature_popup@EXTRUSION is AVAILABLE (CB)
WdgMtb: ACCESS cap_ends_popup@extrev_feature_popup@EXTRUSION is invisible (UI)
WdgMtb: ACCESS solid_surf_rg@EXTRUSION is AVAILABLE (CB)
WdgMtb: ACCESS remove_material_popup@extrev_feature_popup@EXTRUSION is AVAILABLE (CB)
WdgMtb: ACCESS thick_sketch_popup@extrev_feature_popup@EXTRUSION is AVAILABLE (CB)
WdgMtb: ACCESS DefineRmbBtn@extrev_feature_popup@EXTRUSION is invisible (UI)
WdgMtb: ACCESS SketchRmbBtn@extrev_feature_popup@EXTRUSION is AVAILABLE (CB)
WdgMtb: ACCESS add_draft_popup@extrev_feature_popup@EXTRUSION is AVAILABLE (CB)
WdgMtb: ACCESS cap_ends_popup@extrev_feature_popup@EXTRUSION is invisible (UI)
WdgMtb: ACCESS solid_surf_rg@EXTRUSION is AVAILABLE (CB)
WdgMtb: ACCESS remove_material_popup@extrev_feature_popup@EXTRUSION is AVAILABLE (CB)
WdgMtb: ACCESS thick_sketch_popup@extrev_feature_popup@EXTRUSION is AVAILABLE (CB)
WdgMtb: ACCESS DefineRmbBtn@extrev_feature_popup@EXTRUSION is invisible (UI)
WdgMtb: ACCESS SketchRmbBtn@extrev_feature_popup@EXTRUSION is AVAILABLE (CB)
WdgMtb: ACCESS add_draft_popup@extrev_feature_popup@EXTRUSION is AVAILABLE (CB)
WdgMtb: ACCESS cap_ends_popup@extrev_feature_popup@EXTRUSION is invisible (UI)
WdgMtb: ACCESS solid_surf_rg@EXTRUSION is AVAILABLE (CB)
WdgMtb: ACCESS remove_material_popup@extrev_feature_popup@EXTRUSION is AVAILABLE (CB)
WdgMtb: ACCESS thick_sketch_popup@extrev_feature_popup@EXTRUSION is AVAILABLE (CB)
WdgMtb: ACCESS DefineRmbBtn@extrev_feature_popup@EXTRUSION is invisible (UI)
WdgMtb: ACCESS SketchRmbBtn@extrev_feature_popup@EXTRUSION is AVAILABLE (CB)
WdgMtb: ACCESS add_draft_popup@extrev_feature_popup@EXTRUSION is AVAILABLE (CB)
WdgMtb: ACCESS cap_ends_popup@extrev_feature_popup@EXTRUSION is invisible (UI)
WdgMtb: ACCESS solid_surf_rg@EXTRUSION is AVAILABLE (CB)
WdgMtb: ACCESS remove_material_popup@extrev_feature_popup@EXTRUSION is AVAILABLE (CB)
WdgMtb: ACCESS thick_sketch_popup@extrev_feature_popup@EXTRUSION is AVAILABLE (CB)
WdgMtb: ACCESS DefineRmbBtn@extrev_feature_popup@EXTRUSION is invisible (UI)
WdgMtb: ACCESS SketchRmbBtn@extrev_feature_popup@EXTRUSION is AVAILABLE (CB)
WdgMtb: ACCESS add_draft_popup@extrev_feature_popup@EXTRUSION is AVAILABLE (CB)
WdgMtb: ACCESS cap_ends_popup@extrev_feature_popup@EXTRUSION is invisible (UI)
WdgMtb: ACCESS SketchRmbBtn@extrev_feature_popup@EXTRUSION is AVAILABLE (CB)
WdgMtb: ACCESS SketchRmbBtn@extrev_feature_popup@EXTRUSION is AVAILABLE (CB)
WdgMtb: ACCESS SketchRmbBtn@extrev_feature_popup@EXTRUSION is AVAILABLE (CB)
WdgMtb: ACCESS solid_surf_rg@EXTRUSION is invisible (UI)
WdgMtb: ACCESS remove_material_popup@extrev_feature_popup@EXTRUSION is invisible (UI)
WdgMtb: ACCESS thick_sketch_popup@extrev_feature_popup@EXTRUSION is invisible (UI)
WdgMtb: ACCESS DefineRmbBtn@extrev_feature_popup@EXTRUSION is invisible (UI)
WdgMtb: ACCESS SketchRmbBtn@extrev_feature_popup@EXTRUSION is invisible (UI)
WdgMtb: ACCESS add_draft_popup@extrev_feature_popup@EXTRUSION is invisible (UI)
WdgMtb: ACCESS cap_ends_popup@extrev_feature_popup@EXTRUSION is invisible (UI)
WdgMtb: ACCESS solid_surf_rg@EXTRUSION is invisible (UI)
WdgMtb: ACCESS remove_material_popup@extrev_feature_popup@EXTRUSION is invisible (UI)
WdgMtb: ACCESS thick_sketch_popup@extrev_feature_popup@EXTRUSION is invisible (UI)
WdgMtb: ACCESS DefineRmbBtn@extrev_feature_popup@EXTRUSION is invisible (UI)
WdgMtb: ACCESS SketchRmbBtn@extrev_feature_popup@EXTRUSION is invisible (UI)
WdgMtb: ACCESS add_draft_popup@extrev_feature_popup@EXTRUSION is invisible (UI)
WdgMtb: ACCESS cap_ends_popup@extrev_feature_popup@EXTRUSION is invisible (UI)
WdgMtb: ACCESS solid_surf_rg@EXTRUSION is invisible (UI)
WdgMtb: ACCESS remove_material_popup@extrev_feature_popup@EXTRUSION is invisible (UI)
WdgMtb: ACCESS thick_sketch_popup@extrev_feature_popup@EXTRUSION is invisible (UI)
WdgMtb: ACCESS DefineRmbBtn@extrev_feature_popup@EXTRUSION is invisible (UI)
WdgMtb: ACCESS SketchRmbBtn@extrev_feature_popup@EXTRUSION is invisible (UI)
WdgMtb: ACCESS add_draft_popup@extrev_feature_popup@EXTRUSION is invisible (UI)
WdgMtb: ACCESS cap_ends_popup@extrev_feature_popup@EXTRUSION is invisible (UI)
WdgMtb: ACCESS solid_surf_rg@EXTRUSION is invisible (UI)
WdgMtb: ACCESS remove_material_popup@extrev_feature_popup@EXTRUSION is invisible (UI)
WdgMtb: ACCESS thick_sketch_popup@extrev_feature_popup@EXTRUSION is invisible (UI)
WdgMtb: ACCESS DefineRmbBtn@extrev_feature_popup@EXTRUSION is invisible (UI)
WdgMtb: ACCESS SketchRmbBtn@extrev_feature_popup@EXTRUSION is invisible (UI)
WdgMtb: ACCESS add_draft_popup@extrev_feature_popup@EXTRUSION is invisible (UI)
WdgMtb: ACCESS cap_ends_popup@extrev_feature_popup@EXTRUSION is invisible (UI)
WdgMtb: ACCESS solid_surf_rg@EXTRUSION is invisible (UI)
WdgMtb: ACCESS remove_material_popup@extrev_feature_popup@EXTRUSION is invisible (UI)
WdgMtb: ACCESS thick_sketch_popup@extrev_feature_popup@EXTRUSION is invisible (UI)
WdgMtb: ACCESS DefineRmbBtn@extrev_feature_popup@EXTRUSION is invisible (UI)
WdgMtb: ACCESS SketchRmbBtn@extrev_feature_popup@EXTRUSION is invisible (UI)
WdgMtb: ACCESS add_draft_popup@extrev_feature_popup@EXTRUSION is invisible (UI)
WdgMtb: ACCESS cap_ends_popup@extrev_feature_popup@EXTRUSION is invisible (UI)
WdgMtb: ACCESS solid_surf_rg@EXTRUSION is invisible (UI)
WdgMtb: ACCESS remove_material_popup@extrev_feature_popup@EXTRUSION is invisible (UI)
WdgMtb: ACCESS thick_sketch_popup@extrev_feature_popup@EXTRUSION is invisible (UI)
WdgMtb: ACCESS DefineRmbBtn@extrev_feature_popup@EXTRUSION is invisible (UI)
WdgMtb: ACCESS SketchRmbBtn@extrev_feature_popup@EXTRUSION is invisible (UI)
WdgMtb: ACCESS add_draft_popup@extrev_feature_popup@EXTRUSION is invisible (UI)
WdgMtb: ACCESS cap_ends_popup@extrev_feature_popup@EXTRUSION is invisible (UI)
WdgMtb: ACCESS solid_surf_rg@EXTRUSION is invisible (UI)
WdgMtb: ACCESS remove_material_popup@extrev_feature_popup@EXTRUSION is invisible (UI)
WdgMtb: ACCESS thick_sketch_popup@extrev_feature_popup@EXTRUSION is invisible (UI)
WdgMtb: ACCESS DefineRmbBtn@extrev_feature_popup@EXTRUSION is invisible (UI)
WdgMtb: ACCESS SketchRmbBtn@extrev_feature_popup@EXTRUSION is invisible (UI)
WdgMtb: ACCESS add_draft_popup@extrev_feature_popup@EXTRUSION is invisible (UI)
WdgMtb: ACCESS cap_ends_popup@extrev_feature_popup@EXTRUSION is invisible (UI)
WdgMtb: ACCESS solid_surf_rg@EXTRUSION is invisible (UI)
WdgMtb: ACCESS remove_material_popup@extrev_feature_popup@EXTRUSION is invisible (UI)
WdgMtb: ACCESS thick_sketch_popup@extrev_feature_popup@EXTRUSION is invisible (UI)
WdgMtb: ACCESS DefineRmbBtn@extrev_feature_popup@EXTRUSION is invisible (UI)
WdgMtb: ACCESS SketchRmbBtn@extrev_feature_popup@EXTRUSION is invisible (UI)
WdgMtb: ACCESS add_draft_popup@extrev_feature_popup@EXTRUSION is invisible (UI)
WdgMtb: ACCESS cap_ends_popup@extrev_feature_popup@EXTRUSION is invisible (UI)
WdgMtb: ACCESS solid_surf_rg@EXTRUSION is invisible (UI)
WdgMtb: ACCESS remove_material_popup@extrev_feature_popup@EXTRUSION is invisible (UI)
WdgMtb: ACCESS thick_sketch_popup@extrev_feature_popup@EXTRUSION is invisible (UI)
WdgMtb: ACCESS DefineRmbBtn@extrev_feature_popup@EXTRUSION is invisible (UI)
WdgMtb: ACCESS SketchRmbBtn@extrev_feature_popup@EXTRUSION is invisible (UI)
WdgMtb: ACCESS add_draft_popup@extrev_feature_popup@EXTRUSION is invisible (UI)
WdgMtb: ACCESS cap_ends_popup@extrev_feature_popup@EXTRUSION is invisible (UI)
WdgMtb: ACCESS solid_surf_rg@EXTRUSION is invisible (UI)
WdgMtb: ACCESS remove_material_popup@extrev_feature_popup@EXTRUSION is invisible (UI)
WdgMtb: ACCESS thick_sketch_popup@extrev_feature_popup@EXTRUSION is invisible (UI)
WdgMtb: ACCESS DefineRmbBtn@extrev_feature_popup@EXTRUSION is invisible (UI)
WdgMtb: ACCESS SketchRmbBtn@extrev_feature_popup@EXTRUSION is invisible (UI)
WdgMtb: ACCESS add_draft_popup@extrev_feature_popup@EXTRUSION is invisible (UI)
WdgMtb: ACCESS cap_ends_popup@extrev_feature_popup@EXTRUSION is invisible (UI)
WdgMtb: ACCESS solid_surf_rg@EXTRUSION is AVAILABLE (CB)
WdgMtb: ACCESS remove_material_popup@extrev_feature_popup@EXTRUSION is AVAILABLE (CB)
WdgMtb: ACCESS thick_sketch_popup@extrev_feature_popup@EXTRUSION is AVAILABLE (CB)
WdgMtb: ACCESS DefineRmbBtn@extrev_feature_popup@EXTRUSION is invisible (UI)
WdgMtb: ACCESS SketchRmbBtn@extrev_feature_popup@EXTRUSION is AVAILABLE (CB)
WdgMtb: ACCESS add_draft_popup@extrev_feature_popup@EXTRUSION is AVAILABLE (CB)
WdgMtb: ACCESS cap_ends_popup@extrev_feature_popup@EXTRUSION is invisible (UI)
WdgMtb: ACCESS solid_surf_rg@EXTRUSION is AVAILABLE (CB)
WdgMtb: ACCESS remove_material_popup@extrev_feature_popup@EXTRUSION is AVAILABLE (CB)
WdgMtb: ACCESS thick_sketch_popup@extrev_feature_popup@EXTRUSION is AVAILABLE (CB)
WdgMtb: ACCESS DefineRmbBtn@extrev_feature_popup@EXTRUSION is invisible (UI)
WdgMtb: ACCESS SketchRmbBtn@extrev_feature_popup@EXTRUSION is AVAILABLE (CB)
WdgMtb: ACCESS add_draft_popup@extrev_feature_popup@EXTRUSION is AVAILABLE (CB)
WdgMtb: ACCESS cap_ends_popup@extrev_feature_popup@EXTRUSION is invisible (UI)
WdgMtb: ACCESS solid_surf_rg@EXTRUSION is AVAILABLE (CB)
WdgMtb: ACCESS remove_material_popup@extrev_feature_popup@EXTRUSION is AVAILABLE (CB)
WdgMtb: ACCESS thick_sketch_popup@extrev_feature_popup@EXTRUSION is AVAILABLE (CB)
WdgMtb: ACCESS DefineRmbBtn@extrev_feature_popup@EXTRUSION is invisible (UI)
WdgMtb: ACCESS SketchRmbBtn@extrev_feature_popup@EXTRUSION is AVAILABLE (CB)
WdgMtb: ACCESS add_draft_popup@extrev_feature_popup@EXTRUSION is AVAILABLE (CB)
WdgMtb: ACCESS cap_ends_popup@extrev_feature_popup@EXTRUSION is invisible (UI)
WdgMtb: ACCESS solid_surf_rg@EXTRUSION is AVAILABLE (CB)
WdgMtb: ACCESS remove_material_popup@extrev_feature_popup@EXTRUSION is AVAILABLE (CB)
WdgMtb: ACCESS thick_sketch_popup@extrev_feature_popup@EXTRUSION is AVAILABLE (CB)
WdgMtb: ACCESS DefineRmbBtn@extrev_feature_popup@EXTRUSION is invisible (UI)
WdgMtb: ACCESS SketchRmbBtn@extrev_feature_popup@EXTRUSION is AVAILABLE (CB)
WdgMtb: ACCESS add_draft_popup@extrev_feature_popup@EXTRUSION is AVAILABLE (CB)
WdgMtb: ACCESS cap_ends_popup@extrev_feature_popup@EXTRUSION is invisible (UI)
WdgMtb: ACCESS solid_surf_rg@EXTRUSION is AVAILABLE (CB)
WdgMtb: ACCESS remove_material_popup@extrev_feature_popup@EXTRUSION is AVAILABLE (CB)
WdgMtb: ACCESS thick_sketch_popup@extrev_feature_popup@EXTRUSION is AVAILABLE (CB)
WdgMtb: ACCESS DefineRmbBtn@extrev_feature_popup@EXTRUSION is invisible (UI)
WdgMtb: ACCESS SketchRmbBtn@extrev_feature_popup@EXTRUSION is AVAILABLE (CB)
WdgMtb: ACCESS add_draft_popup@extrev_feature_popup@EXTRUSION is AVAILABLE (CB)
WdgMtb: ACCESS cap_ends_popup@extrev_feature_popup@EXTRUSION is invisible (UI)
WdgMtb: ACCESS remove_material_popup@extrev_feature_popup@EXTRUSION is AVAILABLE (CB)
WdgMtb: ACCESS remove_material_popup@extrev_feature_popup@EXTRUSION is AVAILABLE (CB)
WdgMtb: ACCESS remove_material_popup@extrev_feature_popup@EXTRUSION is AVAILABLE (CB)
WdgMtb: ACCESS solid_surf_rg@EXTRUSION is AVAILABLE (CB)
WdgMtb: ACCESS remove_material_popup@extrev_feature_popup@EXTRUSION is AVAILABLE (CB)
WdgMtb: ACCESS thick_sketch_popup@extrev_feature_popup@EXTRUSION is AVAILABLE (CB)
WdgMtb: ACCESS DefineRmbBtn@extrev_feature_popup@EXTRUSION is invisible (UI)
WdgMtb: ACCESS SketchRmbBtn@extrev_feature_popup@EXTRUSION is AVAILABLE (CB)
WdgMtb: ACCESS add_draft_popup@extrev_feature_popup@EXTRUSION is AVAILABLE (CB)
WdgMtb: ACCESS cap_ends_popup@extrev_feature_popup@EXTRUSION is invisible (UI)
WdgMtb: ACCESS solid_surf_rg@EXTRUSION is AVAILABLE (CB)
WdgMtb: ACCESS remove_material_popup@extrev_feature_popup@EXTRUSION is AVAILABLE (CB)
WdgMtb: ACCESS thick_sketch_popup@extrev_feature_popup@EXTRUSION is AVAILABLE (CB)
WdgMtb: ACCESS DefineRmbBtn@extrev_feature_popup@EXTRUSION is invisible (UI)
WdgMtb: ACCESS SketchRmbBtn@extrev_feature_popup@EXTRUSION is AVAILABLE (CB)
WdgMtb: ACCESS add_draft_popup@extrev_feature_popup@EXTRUSION is AVAILABLE (CB)
WdgMtb: ACCESS cap_ends_popup@extrev_feature_popup@EXTRUSION is invisible (UI)
WdgMtb: ACCESS solid_surf_rg@EXTRUSION is AVAILABLE (CB)
WdgMtb: ACCESS remove_material_popup@extrev_feature_popup@EXTRUSION is AVAILABLE (CB)
WdgMtb: ACCESS thick_sketch_popup@extrev_feature_popup@EXTRUSION is AVAILABLE (CB)
WdgMtb: ACCESS DefineRmbBtn@extrev_feature_popup@EXTRUSION is invisible (UI)
WdgMtb: ACCESS SketchRmbBtn@extrev_feature_popup@EXTRUSION is AVAILABLE (CB)
WdgMtb: ACCESS add_draft_popup@extrev_feature_popup@EXTRUSION is AVAILABLE (CB)
WdgMtb: ACCESS cap_ends_popup@extrev_feature_popup@EXTRUSION is invisible (UI)
WdgMtb: ACCESS remove_material_popup@extrev_feature_popup@EXTRUSION is AVAILABLE (CB)
WdgMtb: ACCESS remove_material_popup@extrev_feature_popup@EXTRUSION is AVAILABLE (CB)
WdgMtb: ACCESS remove_material_popup@extrev_feature_popup@EXTRUSION is AVAILABLE (CB)
WdgMtb: ACCESS solid_surf_rg@EXTRUSION is AVAILABLE (CB)
WdgMtb: ACCESS remove_material_popup@extrev_feature_popup@EXTRUSION is AVAILABLE (CB)
WdgMtb: ACCESS thick_sketch_popup@extrev_feature_popup@EXTRUSION is AVAILABLE (CB)
WdgMtb: ACCESS DefineRmbBtn@extrev_feature_popup@EXTRUSION is invisible (UI)
WdgMtb: ACCESS SketchRmbBtn@extrev_feature_popup@EXTRUSION is AVAILABLE (CB)
WdgMtb: ACCESS add_draft_popup@extrev_feature_popup@EXTRUSION is AVAILABLE (CB)
WdgMtb: ACCESS cap_ends_popup@extrev_feature_popup@EXTRUSION is invisible (UI)
WdgMtb: ACCESS solid_surf_rg@EXTRUSION is AVAILABLE (CB)
WdgMtb: ACCESS remove_material_popup@extrev_feature_popup@EXTRUSION is AVAILABLE (CB)
WdgMtb: ACCESS thick_sketch_popup@extrev_feature_popup@EXTRUSION is AVAILABLE (CB)
WdgMtb: ACCESS DefineRmbBtn@extrev_feature_popup@EXTRUSION is invisible (UI)
WdgMtb: ACCESS SketchRmbBtn@extrev_feature_popup@EXTRUSION is AVAILABLE (CB)
WdgMtb: ACCESS add_draft_popup@extrev_feature_popup@EXTRUSION is AVAILABLE (CB)
WdgMtb: ACCESS cap_ends_popup@extrev_feature_popup@EXTRUSION is invisible (UI)
WdgMtb: ACCESS solid_surf_rg@EXTRUSION is AVAILABLE (CB)
WdgMtb: ACCESS remove_material_popup@extrev_feature_popup@EXTRUSION is AVAILABLE (CB)
WdgMtb: ACCESS thick_sketch_popup@extrev_feature_popup@EXTRUSION is AVAILABLE (CB)
WdgMtb: ACCESS DefineRmbBtn@extrev_feature_popup@EXTRUSION is invisible (UI)
WdgMtb: ACCESS SketchRmbBtn@extrev_feature_popup@EXTRUSION is AVAILABLE (CB)
WdgMtb: ACCESS add_draft_popup@extrev_feature_popup@EXTRUSION is AVAILABLE (CB)
WdgMtb: ACCESS cap_ends_popup@extrev_feature_popup@EXTRUSION is invisible (UI)
WdgMtb: ACCESS solid_surf_rg@EXTRUSION is AVAILABLE (CB)
WdgMtb: ACCESS remove_material_popup@extrev_feature_popup@EXTRUSION is AVAILABLE (CB)
WdgMtb: ACCESS thick_sketch_popup@extrev_feature_popup@EXTRUSION is AVAILABLE (CB)
WdgMtb: ACCESS DefineRmbBtn@extrev_feature_popup@EXTRUSION is invisible (UI)
WdgMtb: ACCESS SketchRmbBtn@extrev_feature_popup@EXTRUSION is AVAILABLE (CB)
WdgMtb: ACCESS add_draft_popup@extrev_feature_popup@EXTRUSION is AVAILABLE (CB)
WdgMtb: ACCESS cap_ends_popup@extrev_feature_popup@EXTRUSION is invisible (UI)
WdgMtb: ACCESS solid_surf_rg@EXTRUSION is AVAILABLE (CB)
WdgMtb: ACCESS remove_material_popup@extrev_feature_popup@EXTRUSION is AVAILABLE (CB)
WdgMtb: ACCESS thick_sketch_popup@extrev_feature_popup@EXTRUSION is AVAILABLE (CB)
WdgMtb: ACCESS DefineRmbBtn@extrev_feature_popup@EXTRUSION is invisible (UI)
WdgMtb: ACCESS SketchRmbBtn@extrev_feature_popup@EXTRUSION is AVAILABLE (CB)
WdgMtb: ACCESS add_draft_popup@extrev_feature_popup@EXTRUSION is AVAILABLE (CB)
WdgMtb: ACCESS cap_ends_popup@extrev_feature_popup@EXTRUSION is invisible (UI)
WdgMtb: ACCESS solid_surf_rg@EXTRUSION is AVAILABLE (CB)
WdgMtb: ACCESS remove_material_popup@extrev_feature_popup@EXTRUSION is AVAILABLE (CB)
WdgMtb: ACCESS thick_sketch_popup@extrev_feature_popup@EXTRUSION is AVAILABLE (CB)
WdgMtb: ACCESS DefineRmbBtn@extrev_feature_popup@EXTRUSION is invisible (UI)
WdgMtb: ACCESS SketchRmbBtn@extrev_feature_popup@EXTRUSION is AVAILABLE (CB)
WdgMtb: ACCESS add_draft_popup@extrev_feature_popup@EXTRUSION is AVAILABLE (CB)
WdgMtb: ACCESS cap_ends_popup@extrev_feature_popup@EXTRUSION is invisible (UI)
WdgMtb: ACCESS solid_surf_rg@EXTRUSION is AVAILABLE (CB)
WdgMtb: ACCESS remove_material_popup@extrev_feature_popup@EXTRUSION is AVAILABLE (CB)
WdgMtb: ACCESS thick_sketch_popup@extrev_feature_popup@EXTRUSION is AVAILABLE (CB)
WdgMtb: ACCESS DefineRmbBtn@extrev_feature_popup@EXTRUSION is invisible (UI)
WdgMtb: ACCESS SketchRmbBtn@extrev_feature_popup@EXTRUSION is AVAILABLE (CB)
WdgMtb: ACCESS add_draft_popup@extrev_feature_popup@EXTRUSION is AVAILABLE (CB)
WdgMtb: ACCESS cap_ends_popup@extrev_feature_popup@EXTRUSION is invisible (UI)
WdgMtb: ACCESS solid_surf_rg@EXTRUSION is AVAILABLE (CB)
WdgMtb: ACCESS remove_material_popup@extrev_feature_popup@EXTRUSION is AVAILABLE (CB)
WdgMtb: ACCESS thick_sketch_popup@extrev_feature_popup@EXTRUSION is AVAILABLE (CB)
WdgMtb: ACCESS DefineRmbBtn@extrev_feature_popup@EXTRUSION is invisible (UI)
WdgMtb: ACCESS SketchRmbBtn@extrev_feature_popup@EXTRUSION is AVAILABLE (CB)
WdgMtb: ACCESS add_draft_popup@extrev_feature_popup@EXTRUSION is AVAILABLE (CB)
WdgMtb: ACCESS cap_ends_popup@extrev_feature_popup@EXTRUSION is invisible (UI)
WdgMtb: ACCESS solid_surf_rg@EXTRUSION is AVAILABLE (CB)
WdgMtb: ACCESS remove_material_popup@extrev_feature_popup@EXTRUSION is AVAILABLE (CB)
WdgMtb: ACCESS thick_sketch_popup@extrev_feature_popup@EXTRUSION is AVAILABLE (CB)
WdgMtb: ACCESS DefineRmbBtn@extrev_feature_popup@EXTRUSION is invisible (UI)
WdgMtb: ACCESS SketchRmbBtn@extrev_feature_popup@EXTRUSION is AVAILABLE (CB)
WdgMtb: ACCESS add_draft_popup@extrev_feature_popup@EXTRUSION is AVAILABLE (CB)
WdgMtb: ACCESS cap_ends_popup@extrev_feature_popup@EXTRUSION is invisible (UI)
WdgMtb: ACCESS solid_surf_rg@EXTRUSION is AVAILABLE (CB)
WdgMtb: ACCESS remove_material_popup@extrev_feature_popup@EXTRUSION is AVAILABLE (CB)
WdgMtb: ACCESS thick_sketch_popup@extrev_feature_popup@EXTRUSION is AVAILABLE (CB)
WdgMtb: ACCESS DefineRmbBtn@extrev_feature_popup@EXTRUSION is invisible (UI)
WdgMtb: ACCESS SketchRmbBtn@extrev_feature_popup@EXTRUSION is AVAILABLE (CB)
WdgMtb: ACCESS add_draft_popup@extrev_feature_popup@EXTRUSION is AVAILABLE (CB)
WdgMtb: ACCESS cap_ends_popup@extrev_feature_popup@EXTRUSION is invisible (UI)
WdgMtb: ACCESS solid_surf_rg@EXTRUSION is AVAILABLE (CB)
WdgMtb: ACCESS remove_material_popup@extrev_feature_popup@EXTRUSION is AVAILABLE (CB)
WdgMtb: ACCESS thick_sketch_popup@extrev_feature_popup@EXTRUSION is AVAILABLE (CB)
WdgMtb: ACCESS DefineRmbBtn@extrev_feature_popup@EXTRUSION is invisible (UI)
WdgMtb: ACCESS SketchRmbBtn@extrev_feature_popup@EXTRUSION is AVAILABLE (CB)
WdgMtb: ACCESS add_draft_popup@extrev_feature_popup@EXTRUSION is AVAILABLE (CB)
WdgMtb: ACCESS cap_ends_popup@extrev_feature_popup@EXTRUSION is invisible (UI)
WdgMtb: ACCESS solid_surf_rg@EXTRUSION is AVAILABLE (CB)
WdgMtb: ACCESS remove_material_popup@extrev_feature_popup@EXTRUSION is AVAILABLE (CB)
WdgMtb: ACCESS thick_sketch_popup@extrev_feature_popup@EXTRUSION is AVAILABLE (CB)
WdgMtb: ACCESS DefineRmbBtn@extrev_feature_popup@EXTRUSION is invisible (UI)
WdgMtb: ACCESS SketchRmbBtn@extrev_feature_popup@EXTRUSION is AVAILABLE (CB)
WdgMtb: ACCESS add_draft_popup@extrev_feature_popup@EXTRUSION is AVAILABLE (CB)
WdgMtb: ACCESS cap_ends_popup@extrev_feature_popup@EXTRUSION is invisible (UI)
WdgMtb: ACCESS solid_surf_rg@EXTRUSION is AVAILABLE (CB)
WdgMtb: ACCESS remove_material_popup@extrev_feature_popup@EXTRUSION is AVAILABLE (CB)
WdgMtb: ACCESS thick_sketch_popup@extrev_feature_popup@EXTRUSION is AVAILABLE (CB)
WdgMtb: ACCESS DefineRmbBtn@extrev_feature_popup@EXTRUSION is invisible (UI)
WdgMtb: ACCESS SketchRmbBtn@extrev_feature_popup@EXTRUSION is AVAILABLE (CB)
WdgMtb: ACCESS add_draft_popup@extrev_feature_popup@EXTRUSION is AVAILABLE (CB)
WdgMtb: ACCESS cap_ends_popup@extrev_feature_popup@EXTRUSION is invisible (UI)
WdgMtb: ACCESS solid_surf_rg@EXTRUSION is AVAILABLE (CB)
WdgMtb: ACCESS remove_material_popup@extrev_feature_popup@EXTRUSION is AVAILABLE (CB)
WdgMtb: ACCESS thick_sketch_popup@extrev_feature_popup@EXTRUSION is AVAILABLE (CB)
WdgMtb: ACCESS DefineRmbBtn@extrev_feature_popup@EXTRUSION is invisible (UI)
WdgMtb: ACCESS SketchRmbBtn@extrev_feature_popup@EXTRUSION is AVAILABLE (CB)
WdgMtb: ACCESS add_draft_popup@extrev_feature_popup@EXTRUSION is AVAILABLE (CB)
WdgMtb: ACCESS cap_ends_popup@extrev_feature_popup@EXTRUSION is invisible (UI)
WdgMtb: ACCESS solid_surf_rg@EXTRUSION is AVAILABLE (CB)
WdgMtb: ACCESS remove_material_popup@extrev_feature_popup@EXTRUSION is AVAILABLE (CB)
WdgMtb: ACCESS thick_sketch_popup@extrev_feature_popup@EXTRUSION is AVAILABLE (CB)
WdgMtb: ACCESS DefineRmbBtn@extrev_feature_popup@EXTRUSION is invisible (UI)
WdgMtb: ACCESS SketchRmbBtn@extrev_feature_popup@EXTRUSION is AVAILABLE (CB)
WdgMtb: ACCESS add_draft_popup@extrev_feature_popup@EXTRUSION is AVAILABLE (CB)
WdgMtb: ACCESS cap_ends_popup@extrev_feature_popup@EXTRUSION is invisible (UI)
WdgMtb: ACCESS solid_surf_rg@EXTRUSION is AVAILABLE (CB)
WdgMtb: ACCESS remove_material_popup@extrev_feature_popup@EXTRUSION is AVAILABLE (CB)
WdgMtb: ACCESS thick_sketch_popup@extrev_feature_popup@EXTRUSION is AVAILABLE (CB)
WdgMtb: ACCESS DefineRmbBtn@extrev_feature_popup@EXTRUSION is invisible (UI)
WdgMtb: ACCESS SketchRmbBtn@extrev_feature_popup@EXTRUSION is AVAILABLE (CB)
WdgMtb: ACCESS add_draft_popup@extrev_feature_popup@EXTRUSION is AVAILABLE (CB)
WdgMtb: ACCESS cap_ends_popup@extrev_feature_popup@EXTRUSION is invisible (UI)
WdgMtb: ACCESS solid_surf_rg@EXTRUSION is AVAILABLE (CB)
WdgMtb: ACCESS remove_material_popup@extrev_feature_popup@EXTRUSION is AVAILABLE (CB)
WdgMtb: ACCESS thick_sketch_popup@extrev_feature_popup@EXTRUSION is AVAILABLE (CB)
WdgMtb: ACCESS DefineRmbBtn@extrev_feature_popup@EXTRUSION is invisible (UI)
WdgMtb: ACCESS SketchRmbBtn@extrev_feature_popup@EXTRUSION is AVAILABLE (CB)
WdgMtb: ACCESS add_draft_popup@extrev_feature_popup@EXTRUSION is AVAILABLE (CB)
WdgMtb: ACCESS cap_ends_popup@extrev_feature_popup@EXTRUSION is invisible (UI)
WdgMtb: ACCESS solid_surf_rg@EXTRUSION is AVAILABLE (CB)
WdgMtb: ACCESS remove_material_popup@extrev_feature_popup@EXTRUSION is AVAILABLE (CB)
WdgMtb: ACCESS thick_sketch_popup@extrev_feature_popup@EXTRUSION is AVAILABLE (CB)
WdgMtb: ACCESS DefineRmbBtn@extrev_feature_popup@EXTRUSION is invisible (UI)
WdgMtb: ACCESS SketchRmbBtn@extrev_feature_popup@EXTRUSION is AVAILABLE (CB)
WdgMtb: ACCESS add_draft_popup@extrev_feature_popup@EXTRUSION is AVAILABLE (CB)
WdgMtb: ACCESS cap_ends_popup@extrev_feature_popup@EXTRUSION is invisible (UI)
WdgMtb: ACCESS solid_surf_rg@EXTRUSION is AVAILABLE (CB)
WdgMtb: ACCESS remove_material_popup@extrev_feature_popup@EXTRUSION is AVAILABLE (CB)
WdgMtb: ACCESS thick_sketch_popup@extrev_feature_popup@EXTRUSION is AVAILABLE (CB)
WdgMtb: ACCESS DefineRmbBtn@extrev_feature_popup@EXTRUSION is invisible (UI)
WdgMtb: ACCESS SketchRmbBtn@extrev_feature_popup@EXTRUSION is AVAILABLE (CB)
WdgMtb: ACCESS add_draft_popup@extrev_feature_popup@EXTRUSION is AVAILABLE (CB)
WdgMtb: ACCESS cap_ends_popup@extrev_feature_popup@EXTRUSION is invisible (UI)
WdgMtb: ACCESS solid_surf_rg@REVOLUTION is AVAILABLE (CB)
WdgMtb: ACCESS remove_material_popup@extrev_feature_popup@REVOLUTION is invisible (UI)
WdgMtb: ACCESS thick_sketch_popup@extrev_feature_popup@REVOLUTION is AVAILABLE (CB)
WdgMtb: ACCESS DefineRmbBtn@extrev_feature_popup@REVOLUTION is invisible (UI)
WdgMtb: ACCESS SketchRmbBtn@extrev_feature_popup@REVOLUTION is AVAILABLE (CB)
WdgMtb: ACCESS InternalCL@REVOLUTION is AVAILABLE (CB)
WdgMtb: ACCESS cap_ends_popup@extrev_feature_popup@REVOLUTION is invisible (UI)
WdgMtb: ACCESS solid_surf_rg@REVOLUTION is AVAILABLE (CB)
WdgMtb: ACCESS remove_material_popup@extrev_feature_popup@REVOLUTION is invisible (UI)
WdgMtb: ACCESS thick_sketch_popup@extrev_feature_popup@REVOLUTION is AVAILABLE (CB)
WdgMtb: ACCESS DefineRmbBtn@extrev_feature_popup@REVOLUTION is invisible (UI)
WdgMtb: ACCESS SketchRmbBtn@extrev_feature_popup@REVOLUTION is AVAILABLE (CB)
WdgMtb: ACCESS InternalCL@REVOLUTION is AVAILABLE (CB)
WdgMtb: ACCESS cap_ends_popup@extrev_feature_popup@REVOLUTION is invisible (UI)
WdgMtb: ACCESS SketchRmbBtn@extrev_feature_popup@REVOLUTION is AVAILABLE (CB)
WdgMtb: ACCESS SketchRmbBtn@extrev_feature_popup@REVOLUTION is AVAILABLE (CB)
WdgMtb: ACCESS SketchRmbBtn@extrev_feature_popup@REVOLUTION is AVAILABLE (CB)
WdgMtb: ACCESS solid_surf_rg@REVOLUTION is invisible (UI)
WdgMtb: ACCESS remove_material_popup@extrev_feature_popup@REVOLUTION is invisible (UI)
WdgMtb: ACCESS thick_sketch_popup@extrev_feature_popup@REVOLUTION is invisible (UI)
WdgMtb: ACCESS DefineRmbBtn@extrev_feature_popup@REVOLUTION is invisible (UI)
WdgMtb: ACCESS SketchRmbBtn@extrev_feature_popup@REVOLUTION is invisible (UI)
WdgMtb: ACCESS InternalCL@REVOLUTION is invisible (UI)
WdgMtb: ACCESS cap_ends_popup@extrev_feature_popup@REVOLUTION is invisible (UI)
WdgMtb: ACCESS solid_surf_rg@REVOLUTION is invisible (UI)
WdgMtb: ACCESS remove_material_popup@extrev_feature_popup@REVOLUTION is invisible (UI)
WdgMtb: ACCESS thick_sketch_popup@extrev_feature_popup@REVOLUTION is invisible (UI)
WdgMtb: ACCESS DefineRmbBtn@extrev_feature_popup@REVOLUTION is invisible (UI)
WdgMtb: ACCESS SketchRmbBtn@extrev_feature_popup@REVOLUTION is invisible (UI)
WdgMtb: ACCESS InternalCL@REVOLUTION is invisible (UI)
WdgMtb: ACCESS cap_ends_popup@extrev_feature_popup@REVOLUTION is invisible (UI)
WdgMtb: ACCESS solid_surf_rg@REVOLUTION is invisible (UI)
WdgMtb: ACCESS remove_material_popup@extrev_feature_popup@REVOLUTION is invisible (UI)
WdgMtb: ACCESS thick_sketch_popup@extrev_feature_popup@REVOLUTION is invisible (UI)
WdgMtb: ACCESS DefineRmbBtn@extrev_feature_popup@REVOLUTION is invisible (UI)
WdgMtb: ACCESS SketchRmbBtn@extrev_feature_popup@REVOLUTION is invisible (UI)
WdgMtb: ACCESS InternalCL@REVOLUTION is invisible (UI)
WdgMtb: ACCESS cap_ends_popup@extrev_feature_popup@REVOLUTION is invisible (UI)
WdgMtb: ACCESS solid_surf_rg@REVOLUTION is invisible (UI)
WdgMtb: ACCESS remove_material_popup@extrev_feature_popup@REVOLUTION is invisible (UI)
WdgMtb: ACCESS thick_sketch_popup@extrev_feature_popup@REVOLUTION is invisible (UI)
WdgMtb: ACCESS DefineRmbBtn@extrev_feature_popup@REVOLUTION is invisible (UI)
WdgMtb: ACCESS SketchRmbBtn@extrev_feature_popup@REVOLUTION is invisible (UI)
WdgMtb: ACCESS InternalCL@REVOLUTION is invisible (UI)
WdgMtb: ACCESS cap_ends_popup@extrev_feature_popup@REVOLUTION is invisible (UI)
WdgMtb: ACCESS solid_surf_rg@REVOLUTION is invisible (UI)
WdgMtb: ACCESS remove_material_popup@extrev_feature_popup@REVOLUTION is invisible (UI)
WdgMtb: ACCESS thick_sketch_popup@extrev_feature_popup@REVOLUTION is invisible (UI)
WdgMtb: ACCESS DefineRmbBtn@extrev_feature_popup@REVOLUTION is invisible (UI)
WdgMtb: ACCESS SketchRmbBtn@extrev_feature_popup@REVOLUTION is invisible (UI)
WdgMtb: ACCESS InternalCL@REVOLUTION is invisible (UI)
WdgMtb: ACCESS cap_ends_popup@extrev_feature_popup@REVOLUTION is invisible (UI)
WdgMtb: ACCESS solid_surf_rg@REVOLUTION is AVAILABLE (CB)
WdgMtb: ACCESS remove_material_popup@extrev_feature_popup@REVOLUTION is invisible (UI)
WdgMtb: ACCESS thick_sketch_popup@extrev_feature_popup@REVOLUTION is AVAILABLE (CB)
WdgMtb: ACCESS DefineRmbBtn@extrev_feature_popup@REVOLUTION is invisible (UI)
WdgMtb: ACCESS SketchRmbBtn@extrev_feature_popup@REVOLUTION is AVAILABLE (CB)
WdgMtb: ACCESS InternalCL@REVOLUTION is AVAILABLE (CB)
WdgMtb: ACCESS cap_ends_popup@extrev_feature_popup@REVOLUTION is invisible (UI)
WdgMtb: ACCESS solid_surf_rg@REVOLUTION is AVAILABLE (CB)
WdgMtb: ACCESS remove_material_popup@extrev_feature_popup@REVOLUTION is invisible (UI)
WdgMtb: ACCESS thick_sketch_popup@extrev_feature_popup@REVOLUTION is AVAILABLE (CB)
WdgMtb: ACCESS DefineRmbBtn@extrev_feature_popup@REVOLUTION is invisible (UI)
WdgMtb: ACCESS SketchRmbBtn@extrev_feature_popup@REVOLUTION is AVAILABLE (CB)
WdgMtb: ACCESS InternalCL@REVOLUTION is AVAILABLE (CB)
WdgMtb: ACCESS cap_ends_popup@extrev_feature_popup@REVOLUTION is invisible (UI)
WdgMtb: ACCESS solid_surf_rg@REVOLUTION is AVAILABLE (CB)
WdgMtb: ACCESS remove_material_popup@extrev_feature_popup@REVOLUTION is invisible (UI)
WdgMtb: ACCESS thick_sketch_popup@extrev_feature_popup@REVOLUTION is AVAILABLE (CB)
WdgMtb: ACCESS DefineRmbBtn@extrev_feature_popup@REVOLUTION is invisible (UI)
WdgMtb: ACCESS SketchRmbBtn@extrev_feature_popup@REVOLUTION is AVAILABLE (CB)
WdgMtb: ACCESS InternalCL@REVOLUTION is AVAILABLE (CB)
WdgMtb: ACCESS cap_ends_popup@extrev_feature_popup@REVOLUTION is invisible (UI)
WdgMtb: ACCESS ui_hle_light_wt_cbut@HOLE is AVAILABLE (CB)
WdgMtb: ACCESS HlemnuDepthToFlip@HoleDepRefRMBMenu@HOLE is AVAILABLE (CB)
WdgMtb: ACCESS ui_hole_plcmnt_type_omnu@HOLE is AVAILABLE (CB)
WdgMtb: ACCESS ui_hole_plcmnt_type_omnu@HOLE is AVAILABLE (CB)
WdgMtb: ACCESS ui_hole_plc_dir_omnu@ui_hole_plc_dir_opt_omnu@HOLE is unavailable (CB)
WdgMtb: ACCESS ui_hole_plc_dir_omnu@ui_hole_plc_dir_opt_omnu@HOLE is unavailable (CB)
WdgMtb: ACCESS ui_hole_plcmnt_type_omnu@HOLE is AVAILABLE (CB)
WdgMtb: ACCESS ui_hole_plc_dir_omnu@ui_hole_plc_dir_opt_omnu@HOLE is unavailable (CB)
WdgMtb: ACCESS ui_hole_plcmnt_type_omnu@HOLE is AVAILABLE (CB)
WdgMtb: ACCESS ui_hole_plcmnt_type_omnu@HOLE is AVAILABLE (CB)
WdgMtb: ACCESS ui_hole_plc_dir_omnu@ui_hole_plc_dir_opt_omnu@HOLE is unavailable (CB)
WdgMtb: ACCESS ui_hole_plc_dir_omnu@ui_hole_plc_dir_opt_omnu@HOLE is unavailable (CB)
WdgMtb: ACCESS ui_hle_top_clrn_cbut@ui_hole_top_clrn_rep@HOLE is AVAILABLE (CB)
WdgMtb: ACCESS ui_hle_light_wt_cbut@HOLE is AVAILABLE (CB)
WdgMtb: ACCESS HlemnuDepthToFlip@HoleDepRefRMBMenu@HOLE is AVAILABLE (CB)
WdgMtb: ACCESS ui_hole_plcmnt_type_omnu@HOLE is AVAILABLE (CB)
WdgMtb: ACCESS ui_hole_plc_dir_omnu@ui_hole_plc_dir_opt_omnu@HOLE is unavailable (CB)
WdgMtb: ACCESS ui_hle_top_clrn_cbut@ui_hole_top_clrn_rep@HOLE is AVAILABLE (CB)
WdgMtb: ACCESS ui_hole_plc_dir_omnu@ui_hole_plc_dir_opt_omnu@HOLE is unavailable (CB)
WdgMtb: ACCESS ui_hole_plcmnt_type_omnu@HOLE is AVAILABLE (CB)
WdgMtb: ACCESS ui_hole_plcmnt_type_omnu@HOLE is AVAILABLE (CB)
WdgMtb: ACCESS ui_hole_plc_dir_omnu@ui_hole_plc_dir_opt_omnu@HOLE is unavailable (CB)
WdgMtb: ACCESS ui_hle_light_wt_cbut@HOLE is AVAILABLE (CB)
WdgMtb: ACCESS HlemnuDepthToFlip@HoleDepRefRMBMenu@HOLE is AVAILABLE (CB)
WdgMtb: ACCESS ui_hle_top_clrn_cbut@ui_hole_top_clrn_rep@HOLE is AVAILABLE (CB)
WdgMtb: ACCESS ui_hle_light_wt_cbut@HOLE is AVAILABLE (CB)
WdgMtb: ACCESS HlemnuDepthToFlip@HoleDepRefRMBMenu@HOLE is AVAILABLE (CB)
WdgMtb: ACCESS ui_hole_plcmnt_type_omnu@HOLE is AVAILABLE (CB)
WdgMtb: ACCESS ui_hole_plc_dir_omnu@ui_hole_plc_dir_opt_omnu@HOLE is unavailable (CB)
WdgMtb: ACCESS ui_hle_top_clrn_cbut@ui_hole_top_clrn_rep@HOLE is AVAILABLE (CB)
WdgMtb: ACCESS ui_hole_plc_dir_omnu@ui_hole_plc_dir_opt_omnu@HOLE is unavailable (CB)
WdgMtb: ACCESS ui_hole_plcmnt_type_omnu@HOLE is AVAILABLE (CB)
WdgMtb: ACCESS ui_hole_plcmnt_type_omnu@HOLE is AVAILABLE (CB)
WdgMtb: ACCESS ui_hole_plc_dir_omnu@ui_hole_plc_dir_opt_omnu@HOLE is unavailable (CB)
WdgMtb: ACCESS ui_hle_light_wt_cbut@HOLE is AVAILABLE (CB)
WdgMtb: ACCESS HlemnuDepthToFlip@HoleDepRefRMBMenu@HOLE is AVAILABLE (CB)
WdgMtb: ACCESS ui_hle_top_clrn_cbut@ui_hole_top_clrn_rep@HOLE is AVAILABLE (CB)
WdgMtb: ACCESS ui_hle_light_wt_cbut@HOLE is AVAILABLE (CB)
WdgMtb: ACCESS HlemnuDepthToFlip@HoleDepRefRMBMenu@HOLE is AVAILABLE (CB)
WdgMtb: ACCESS ui_hole_plcmnt_type_omnu@HOLE is AVAILABLE (CB)
WdgMtb: ACCESS ui_hole_plc_dir_omnu@ui_hole_plc_dir_opt_omnu@HOLE is unavailable (CB)
WdgMtb: ACCESS ui_hle_top_clrn_cbut@ui_hole_top_clrn_rep@HOLE is AVAILABLE (CB)
WdgMtb: ACCESS ui_hle_light_wt_cbut@HOLE is AVAILABLE (CB)
WdgMtb: ACCESS HlemnuDepthToFlip@HoleDepRefRMBMenu@HOLE is AVAILABLE (CB)
WdgMtb: ACCESS ui_hole_plcmnt_type_omnu@HOLE is AVAILABLE (CB)
WdgMtb: ACCESS ui_hole_plc_dir_omnu@ui_hole_plc_dir_opt_omnu@HOLE is unavailable (CB)
WdgMtb: ACCESS ui_hle_top_clrn_cbut@ui_hole_top_clrn_rep@HOLE is AVAILABLE (CB)
WdgMtb: ACCESS ui_hle_light_wt_cbut@HOLE is AVAILABLE (CB)
WdgMtb: ACCESS HlemnuDepthToFlip@HoleDepRefRMBMenu@HOLE is AVAILABLE (CB)
WdgMtb: ACCESS ui_hole_plcmnt_type_omnu@HOLE is AVAILABLE (CB)
WdgMtb: ACCESS ui_hole_plc_dir_omnu@ui_hole_plc_dir_opt_omnu@HOLE is unavailable (CB)
WdgMtb: ACCESS ui_hle_top_clrn_cbut@ui_hole_top_clrn_rep@HOLE is AVAILABLE (CB)
WdgMtb: ACCESS ui_hle_light_wt_cbut@HOLE is AVAILABLE (CB)
WdgMtb: ACCESS HlemnuDepthToFlip@HoleDepRefRMBMenu@HOLE is AVAILABLE (CB)
WdgMtb: ACCESS ui_hole_plcmnt_type_omnu@HOLE is AVAILABLE (CB)
WdgMtb: ACCESS ui_hole_plc_dir_omnu@ui_hole_plc_dir_opt_omnu@HOLE is unavailable (CB)
WdgMtb: ACCESS ui_hle_top_clrn_cbut@ui_hole_top_clrn_rep@HOLE is AVAILABLE (CB)
WdgMtb: ACCESS ui_hle_light_wt_cbut@HOLE is AVAILABLE (CB)
WdgMtb: ACCESS HlemnuDepthToFlip@HoleDepRefRMBMenu@HOLE is AVAILABLE (CB)
WdgMtb: ACCESS ui_hole_plcmnt_type_omnu@HOLE is AVAILABLE (CB)
WdgMtb: ACCESS ui_hole_plc_dir_omnu@ui_hole_plc_dir_opt_omnu@HOLE is unavailable (CB)
WdgMtb: ACCESS ui_hle_top_clrn_cbut@ui_hole_top_clrn_rep@HOLE is AVAILABLE (CB)
WdgMtb: ACCESS ui_hole_plcmnt_type_omnu@HOLE is AVAILABLE (CB)
WdgMtb: ACCESS ui_hle_light_wt_cbut@HOLE is AVAILABLE (CB)
WdgMtb: ACCESS HlemnuDepthToFlip@HoleDepRefRMBMenu@HOLE is AVAILABLE (CB)
WdgMtb: ACCESS ui_hole_plcmnt_type_omnu@HOLE is AVAILABLE (CB)
WdgMtb: ACCESS ui_hole_plc_dir_omnu@ui_hole_plc_dir_opt_omnu@HOLE is unavailable (CB)
WdgMtb: ACCESS ui_hle_top_clrn_cbut@ui_hole_top_clrn_rep@HOLE is AVAILABLE (CB)
WdgMtb: ACCESS ui_hole_plcmnt_type_omnu@HOLE is AVAILABLE (CB)
WdgMtb: ACCESS ui_hle_light_wt_cbut@HOLE is AVAILABLE (CB)
WdgMtb: ACCESS HlemnuDepthToFlip@HoleDepRefRMBMenu@HOLE is AVAILABLE (CB)
WdgMtb: ACCESS ui_hole_plcmnt_type_omnu@HOLE is AVAILABLE (CB)
WdgMtb: ACCESS ui_hole_plc_dir_omnu@ui_hole_plc_dir_opt_omnu@HOLE is unavailable (CB)
WdgMtb: ACCESS ui_hle_top_clrn_cbut@ui_hole_top_clrn_rep@HOLE is AVAILABLE (CB)
WdgMtb: ACCESS ui_hole_plcmnt_type_omnu@HOLE is AVAILABLE (CB)
WdgMtb: ACCESS ui_hle_light_wt_cbut@HOLE is AVAILABLE (CB)
WdgMtb: ACCESS HlemnuDepthToFlip@HoleDepRefRMBMenu@HOLE is AVAILABLE (CB)
WdgMtb: ACCESS ui_hole_plcmnt_type_omnu@HOLE is AVAILABLE (CB)
WdgMtb: ACCESS ui_hole_plc_dir_omnu@ui_hole_plc_dir_opt_omnu@HOLE is unavailable (CB)
WdgMtb: ACCESS ui_hle_top_clrn_cbut@ui_hole_top_clrn_rep@HOLE is AVAILABLE (CB)
WdgMtb: ACCESS ui_hle_light_wt_cbut@HOLE is AVAILABLE (CB)
WdgMtb: ACCESS HlemnuDepthToFlip@HoleDepRefRMBMenu@HOLE is AVAILABLE (CB)
WdgMtb: ACCESS ui_hole_plcmnt_type_omnu@HOLE is AVAILABLE (CB)
WdgMtb: ACCESS ui_hole_plc_dir_omnu@ui_hole_plc_dir_opt_omnu@HOLE is unavailable (CB)
WdgMtb: ACCESS ui_hle_top_clrn_cbut@ui_hole_top_clrn_rep@HOLE is AVAILABLE (CB)
WdgMtb: ACCESS ui_hle_light_wt_cbut@HOLE is AVAILABLE (CB)
WdgMtb: ACCESS HlemnuDepthToFlip@HoleDepRefRMBMenu@HOLE is AVAILABLE (CB)
WdgMtb: ACCESS ui_hole_plcmnt_type_omnu@HOLE is AVAILABLE (CB)
WdgMtb: ACCESS ui_hole_plc_dir_omnu@ui_hole_plc_dir_opt_omnu@HOLE is unavailable (CB)
WdgMtb: ACCESS ui_hle_top_clrn_cbut@ui_hole_top_clrn_rep@HOLE is AVAILABLE (CB)
WdgMtb: ACCESS ui_hle_light_wt_cbut@HOLE is AVAILABLE (CB)
WdgMtb: ACCESS HlemnuDepthToFlip@HoleDepRefRMBMenu@HOLE is AVAILABLE (CB)
WdgMtb: ACCESS ui_hole_plcmnt_type_omnu@HOLE is AVAILABLE (CB)
WdgMtb: ACCESS ui_hole_plc_dir_omnu@ui_hole_plc_dir_opt_omnu@HOLE is unavailable (CB)
WdgMtb: ACCESS ui_hle_top_clrn_cbut@ui_hole_top_clrn_rep@HOLE is AVAILABLE (CB)
WdgMtb: ACCESS ui_hle_light_wt_cbut@HOLE is AVAILABLE (CB)
WdgMtb: ACCESS HlemnuDepthToFlip@HoleDepRefRMBMenu@HOLE is AVAILABLE (CB)
WdgMtb: ACCESS ui_hole_plcmnt_type_omnu@HOLE is AVAILABLE (CB)
WdgMtb: ACCESS ui_hole_plc_dir_omnu@ui_hole_plc_dir_opt_omnu@HOLE is unavailable (CB)
WdgMtb: ACCESS ui_hle_top_clrn_cbut@ui_hole_top_clrn_rep@HOLE is AVAILABLE (CB)
WdgMtb: ACCESS ui_hle_light_wt_cbut@HOLE is AVAILABLE (CB)
WdgMtb: ACCESS HlemnuDepthToFlip@HoleDepRefRMBMenu@HOLE is AVAILABLE (CB)
WdgMtb: ACCESS ui_hole_plcmnt_type_omnu@HOLE is AVAILABLE (CB)
WdgMtb: ACCESS ui_hole_plc_dir_omnu@ui_hole_plc_dir_opt_omnu@HOLE is unavailable (CB)
WdgMtb: ACCESS ui_hle_top_clrn_cbut@ui_hole_top_clrn_rep@HOLE is AVAILABLE (CB)
WdgMtb: ACCESS ui_hle_light_wt_cbut@HOLE is AVAILABLE (CB)
WdgMtb: ACCESS HlemnuDepthToFlip@HoleDepRefRMBMenu@HOLE is AVAILABLE (CB)
WdgMtb: ACCESS ui_hole_plcmnt_type_omnu@HOLE is AVAILABLE (CB)
WdgMtb: ACCESS ui_hole_plc_dir_omnu@ui_hole_plc_dir_opt_omnu@HOLE is unavailable (CB)
WdgMtb: ACCESS ui_hle_top_clrn_cbut@ui_hole_top_clrn_rep@HOLE is AVAILABLE (CB)
WdgMtb: ACCESS ui_hle_light_wt_cbut@HOLE is AVAILABLE (CB)
WdgMtb: ACCESS HlemnuDepthToFlip@HoleDepRefRMBMenu@HOLE is AVAILABLE (CB)
WdgMtb: ACCESS ui_hole_plcmnt_type_omnu@HOLE is AVAILABLE (CB)
WdgMtb: ACCESS ui_hole_plc_dir_omnu@ui_hole_plc_dir_opt_omnu@HOLE is unavailable (CB)
WdgMtb: ACCESS ui_hle_top_clrn_cbut@ui_hole_top_clrn_rep@HOLE is AVAILABLE (CB)
WdgMtb: ACCESS ui_hle_light_wt_cbut@HOLE is AVAILABLE (CB)
WdgMtb: ACCESS HlemnuDepthToFlip@HoleDepRefRMBMenu@HOLE is AVAILABLE (CB)
WdgMtb: ACCESS ui_hole_plcmnt_type_omnu@HOLE is AVAILABLE (CB)
WdgMtb: ACCESS ui_hole_plc_dir_omnu@ui_hole_plc_dir_opt_omnu@HOLE is unavailable (CB)
WdgMtb: ACCESS ui_hle_top_clrn_cbut@ui_hole_top_clrn_rep@HOLE is AVAILABLE (CB)
WdgMtb: ACCESS ui_hle_light_wt_cbut@HOLE is invisible (CB)
WdgMtb: ACCESS HlemnuDepthToFlip@HoleDepRefRMBMenu@HOLE is AVAILABLE (CB)
WdgMtb: ACCESS ui_hole_plcmnt_type_omnu@HOLE is AVAILABLE (CB)
WdgMtb: ACCESS ui_hole_plc_dir_omnu@ui_hole_plc_dir_opt_omnu@HOLE is unavailable (CB)
WdgMtb: ACCESS ui_hle_top_clrn_cbut@ui_hole_top_clrn_rep@HOLE is AVAILABLE (CB)
WdgMtb: ACCESS ui_hle_light_wt_cbut@HOLE is invisible (CB)
WdgMtb: ACCESS HlemnuDepthToFlip@HoleDepRefRMBMenu@HOLE is AVAILABLE (CB)
WdgMtb: ACCESS ui_hole_plcmnt_type_omnu@HOLE is AVAILABLE (CB)
WdgMtb: ACCESS ui_hole_plc_dir_omnu@ui_hole_plc_dir_opt_omnu@HOLE is unavailable (CB)
WdgMtb: ACCESS ui_hle_top_clrn_cbut@ui_hole_top_clrn_rep@HOLE is AVAILABLE (CB)
WdgMtb: ACCESS ui_hle_light_wt_cbut@HOLE is invisible (CB)
WdgMtb: ACCESS HlemnuDepthToFlip@HoleDepRefRMBMenu@HOLE is AVAILABLE (CB)
WdgMtb: ACCESS ui_hole_plcmnt_type_omnu@HOLE is AVAILABLE (CB)
WdgMtb: ACCESS ui_hole_plc_dir_omnu@ui_hole_plc_dir_opt_omnu@HOLE is unavailable (CB)
WdgMtb: ACCESS ui_hle_top_clrn_cbut@ui_hole_top_clrn_rep@HOLE is AVAILABLE (CB)
WdgMtb: ACCESS ui_hle_light_wt_cbut@HOLE is invisible (CB)
WdgMtb: ACCESS HlemnuDepthToFlip@HoleDepRefRMBMenu@HOLE is AVAILABLE (CB)
WdgMtb: ACCESS ui_hole_plcmnt_type_omnu@HOLE is AVAILABLE (CB)
WdgMtb: ACCESS ui_hole_plc_dir_omnu@ui_hole_plc_dir_opt_omnu@HOLE is unavailable (CB)
WdgMtb: ACCESS ui_hle_top_clrn_cbut@ui_hole_top_clrn_rep@HOLE is AVAILABLE (CB)
WdgMtb: ACCESS ui_hle_light_wt_cbut@HOLE is invisible (CB)
WdgMtb: ACCESS HlemnuDepthToFlip@HoleDepRefRMBMenu@HOLE is AVAILABLE (CB)
WdgMtb: ACCESS ui_hole_plcmnt_type_omnu@HOLE is AVAILABLE (CB)
WdgMtb: ACCESS ui_hole_plc_dir_omnu@ui_hole_plc_dir_opt_omnu@HOLE is unavailable (CB)
WdgMtb: ACCESS ui_hle_top_clrn_cbut@ui_hole_top_clrn_rep@HOLE is AVAILABLE (CB)
WdgMtb: ACCESS ui_hle_light_wt_cbut@HOLE is invisible (CB)
WdgMtb: ACCESS HlemnuDepthToFlip@HoleDepRefRMBMenu@HOLE is AVAILABLE (CB)
WdgMtb: ACCESS ui_hole_plcmnt_type_omnu@HOLE is AVAILABLE (CB)
WdgMtb: ACCESS ui_hole_plc_dir_omnu@ui_hole_plc_dir_opt_omnu@HOLE is unavailable (CB)
WdgMtb: ACCESS ui_hle_top_clrn_cbut@ui_hole_top_clrn_rep@HOLE is AVAILABLE (CB)
WdgMtb: ACCESS ui_hle_light_wt_cbut@HOLE is invisible (CB)
WdgMtb: ACCESS HlemnuDepthToFlip@HoleDepRefRMBMenu@HOLE is AVAILABLE (CB)
WdgMtb: ACCESS ui_hole_plcmnt_type_omnu@HOLE is AVAILABLE (CB)
WdgMtb: ACCESS ui_hole_plc_dir_omnu@ui_hole_plc_dir_opt_omnu@HOLE is unavailable (CB)
WdgMtb: ACCESS ui_hle_top_clrn_cbut@ui_hole_top_clrn_rep@HOLE is AVAILABLE (CB)
WdgMtb: ACCESS ui_hle_light_wt_cbut@HOLE is invisible (CB)
WdgMtb: ACCESS HlemnuDepthToFlip@HoleDepRefRMBMenu@HOLE is AVAILABLE (CB)
WdgMtb: ACCESS ui_hole_plcmnt_type_omnu@HOLE is AVAILABLE (CB)
WdgMtb: ACCESS ui_hole_plc_dir_omnu@ui_hole_plc_dir_opt_omnu@HOLE is unavailable (CB)
WdgMtb: ACCESS ui_hle_top_clrn_cbut@ui_hole_top_clrn_rep@HOLE is AVAILABLE (CB)
WdgMtb: ACCESS ui_hole_plcmnt_type_omnu@HOLE is invisible (UI)
WdgMtb: ACCESS Conic@ROUND is AVAILABLE (CB)
WdgMtb: ACCESS Conic@ROUND is AVAILABLE (CB)
WdgMtb: ACCESS Conic@ROUND is AVAILABLE (CB)
WdgMtb: ACCESS Conic@ROUND is AVAILABLE (CB)
WdgMtb: ACCESS roundflip@ROUND is unavailable (CB)
WdgMtb: ACCESS AddRadius@Dr0@ROUND is AVAILABLE (CB)
WdgMtb: ACCESS DelRadius@Dr0@ROUND is invisible (UI)
WdgMtb: ACCESS Conic@ROUND is AVAILABLE (CB)
WdgMtb: ACCESS roundflip@ROUND is unavailable (CB)
WdgMtb: ACCESS AddRadius@Dr0@ROUND is AVAILABLE (CB)
WdgMtb: ACCESS DelRadius@Dr0@ROUND is invisible (UI)
WdgMtb: ACCESS Conic@ROUND is AVAILABLE (CB)
WdgMtb: ACCESS roundflip@ROUND is unavailable (CB)
WdgMtb: ACCESS AddRadius@Dr0@ROUND is AVAILABLE (CB)
WdgMtb: ACCESS DelRadius@Dr0@ROUND is invisible (UI)
WdgMtb: ACCESS Conic@ROUND is AVAILABLE (CB)
WdgMtb: ACCESS roundflip@ROUND is unavailable (CB)
WdgMtb: ACCESS AddRadius@Dr0@ROUND is AVAILABLE (CB)
WdgMtb: ACCESS DelRadius@Dr0@ROUND is invisible (UI)
WdgMtb: ACCESS Conic@ROUND is AVAILABLE (CB)
WdgMtb: ACCESS roundflip@ROUND is unavailable (CB)
WdgMtb: ACCESS AddRadius@Dr0@ROUND is AVAILABLE (CB)
WdgMtb: ACCESS DelRadius@Dr0@ROUND is invisible (UI)
WdgMtb: ACCESS Conic@ROUND is AVAILABLE (CB)
WdgMtb: ACCESS roundflip@ROUND is unavailable (CB)
WdgMtb: ACCESS AddRadius@Dr0@ROUND is AVAILABLE (CB)
WdgMtb: ACCESS DelRadius@Dr0@ROUND is invisible (UI)
WdgMtb: ACCESS Conic@ROUND is AVAILABLE (CB)
WdgMtb: ACCESS roundflip@ROUND is unavailable (CB)
WdgMtb: ACCESS AddRadius@Dr0@ROUND is AVAILABLE (CB)
WdgMtb: ACCESS DelRadius@Dr0@ROUND is invisible (UI)
WdgMtb: ACCESS Conic@ROUND is AVAILABLE (CB)
WdgMtb: ACCESS roundflip@ROUND is unavailable (CB)
WdgMtb: ACCESS AddRadius@Dr0@ROUND is AVAILABLE (CB)
WdgMtb: ACCESS DelRadius@Dr0@ROUND is invisible (UI)
WdgMtb: ACCESS Conic@ROUND is AVAILABLE (CB)
WdgMtb: ACCESS roundflip@ROUND is unavailable (CB)
WdgMtb: ACCESS AddRadius@Dr0@ROUND is AVAILABLE (CB)
WdgMtb: ACCESS DelRadius@Dr0@ROUND is invisible (UI)
WdgMtb: ACCESS ModeSwitch@ROUND is AVAILABLE (CB)
WdgMtb: ACCESS ThruCurve@ROUND is unavailable (CB)
WdgMtb: ACCESS AutoCont@ROUND is unavailable (CB)
WdgMtb: ACCESS Chordal@ROUND is unavailable (CB)
WdgMtb: ACCESS Full@ROUND is AVAILABLE (CB)
WdgMtb: ACCESS AddSet@SetPopupMenu@ROUND is AVAILABLE (CB)
WdgMtb: ACCESS DeleteSet@SetPopupMenu@ROUND is invisible (UI)
WdgMtb: ACCESS MakeVariable@SetPopupMenu@ROUND is invisible (UI)
WdgMtb: ACCESS MakeConstant@SetPopupMenu@ROUND is invisible (UI)
WdgMtb: ACCESS ModeSwitch@ROUND is AVAILABLE (CB)
WdgMtb: ACCESS ThruCurve@ROUND is unavailable (CB)
WdgMtb: ACCESS AutoCont@ROUND is unavailable (CB)
WdgMtb: ACCESS Chordal@ROUND is unavailable (CB)
WdgMtb: ACCESS Full@ROUND is AVAILABLE (CB)
WdgMtb: ACCESS AddSet@SetPopupMenu@ROUND is AVAILABLE (CB)
WdgMtb: ACCESS DeleteSet@SetPopupMenu@ROUND is invisible (UI)
WdgMtb: ACCESS MakeVariable@SetPopupMenu@ROUND is invisible (UI)
WdgMtb: ACCESS MakeConstant@SetPopupMenu@ROUND is invisible (UI)
WdgMtb: ACCESS ModeSwitch@ROUND is AVAILABLE (CB)
WdgMtb: ACCESS ThruCurve@ROUND is unavailable (CB)
WdgMtb: ACCESS AutoCont@ROUND is unavailable (CB)
WdgMtb: ACCESS Chordal@ROUND is unavailable (CB)
WdgMtb: ACCESS Full@ROUND is AVAILABLE (CB)
WdgMtb: ACCESS AddSet@SetPopupMenu@ROUND is AVAILABLE (CB)
WdgMtb: ACCESS DeleteSet@SetPopupMenu@ROUND is invisible (UI)
WdgMtb: ACCESS MakeVariable@SetPopupMenu@ROUND is invisible (UI)
WdgMtb: ACCESS MakeConstant@SetPopupMenu@ROUND is invisible (UI)
WdgMtb: ACCESS ModeSwitch@ROUND is AVAILABLE (CB)
WdgMtb: ACCESS ThruCurve@ROUND is unavailable (CB)
WdgMtb: ACCESS AutoCont@ROUND is unavailable (CB)
WdgMtb: ACCESS Chordal@ROUND is unavailable (CB)
WdgMtb: ACCESS Full@ROUND is AVAILABLE (CB)
WdgMtb: ACCESS AddSet@SetPopupMenu@ROUND is AVAILABLE (CB)
WdgMtb: ACCESS DeleteSet@SetPopupMenu@ROUND is invisible (UI)
WdgMtb: ACCESS MakeVariable@SetPopupMenu@ROUND is invisible (UI)
WdgMtb: ACCESS MakeConstant@SetPopupMenu@ROUND is invisible (UI)
WdgMtb: ACCESS ModeSwitch@ROUND is AVAILABLE (CB)
WdgMtb: ACCESS ThruCurve@ROUND is unavailable (CB)
WdgMtb: ACCESS AutoCont@ROUND is unavailable (CB)
WdgMtb: ACCESS Chordal@ROUND is unavailable (CB)
WdgMtb: ACCESS Full@ROUND is AVAILABLE (CB)
WdgMtb: ACCESS AddSet@SetPopupMenu@ROUND is AVAILABLE (CB)
WdgMtb: ACCESS DeleteSet@SetPopupMenu@ROUND is invisible (UI)
WdgMtb: ACCESS MakeVariable@SetPopupMenu@ROUND is invisible (UI)
WdgMtb: ACCESS MakeConstant@SetPopupMenu@ROUND is invisible (UI)
WdgMtb: ACCESS ModeSwitch@ROUND is AVAILABLE (CB)
WdgMtb: ACCESS ThruCurve@ROUND is unavailable (CB)
WdgMtb: ACCESS AutoCont@ROUND is unavailable (CB)
WdgMtb: ACCESS Chordal@ROUND is unavailable (CB)
WdgMtb: ACCESS Full@ROUND is AVAILABLE (CB)
WdgMtb: ACCESS AddSet@SetPopupMenu@ROUND is AVAILABLE (CB)
WdgMtb: ACCESS DeleteSet@SetPopupMenu@ROUND is invisible (UI)
WdgMtb: ACCESS MakeVariable@SetPopupMenu@ROUND is invisible (UI)
WdgMtb: ACCESS MakeConstant@SetPopupMenu@ROUND is invisible (UI)
WdgMtb: ACCESS Full@ROUND is AVAILABLE (CB)
WdgMtb: ACCESS Full@ROUND is AVAILABLE (CB)
WdgMtb: ACCESS Full@ROUND is AVAILABLE (CB)
WdgMtb: ACCESS ModeSwitch@ROUND is AVAILABLE (CB)
WdgMtb: ACCESS ThruCurve@ROUND is unavailable (CB)
WdgMtb: ACCESS AutoCont@ROUND is unavailable (CB)
WdgMtb: ACCESS Chordal@ROUND is unavailable (CB)
WdgMtb: ACCESS Full@ROUND is AVAILABLE (CB)
WdgMtb: ACCESS AddSet@SetPopupMenu@ROUND is AVAILABLE (CB)
WdgMtb: ACCESS DeleteSet@SetPopupMenu@ROUND is invisible (UI)
WdgMtb: ACCESS MakeVariable@SetPopupMenu@ROUND is invisible (UI)
WdgMtb: ACCESS MakeConstant@SetPopupMenu@ROUND is invisible (UI)
WdgMtb: ACCESS ModeSwitch@ROUND is invisible (UI)
WdgMtb: ACCESS ThruCurve@ROUND is invisible (UI)
WdgMtb: ACCESS AutoCont@ROUND is invisible (UI)
WdgMtb: ACCESS Chordal@ROUND is invisible (UI)
WdgMtb: ACCESS Full@ROUND is invisible (UI)
WdgMtb: ACCESS AddSet@SetPopupMenu@ROUND is invisible (UI)
WdgMtb: ACCESS DeleteSet@SetPopupMenu@ROUND is invisible (UI)
WdgMtb: ACCESS MakeVariable@SetPopupMenu@ROUND is invisible (UI)
WdgMtb: ACCESS MakeConstant@SetPopupMenu@ROUND is invisible (UI)
WdgMtb: ACCESS ModeSwitch@ROUND is invisible (UI)
WdgMtb: ACCESS ThruCurve@ROUND is invisible (UI)
WdgMtb: ACCESS AutoCont@ROUND is invisible (UI)
WdgMtb: ACCESS Chordal@ROUND is invisible (UI)
WdgMtb: ACCESS Full@ROUND is invisible (UI)
WdgMtb: ACCESS AddSet@SetPopupMenu@ROUND is invisible (UI)
WdgMtb: ACCESS DeleteSet@SetPopupMenu@ROUND is invisible (UI)
WdgMtb: ACCESS MakeVariable@SetPopupMenu@ROUND is invisible (UI)
WdgMtb: ACCESS MakeConstant@SetPopupMenu@ROUND is invisible (UI)
WdgMtb: ACCESS ModeSwitch@ROUND is invisible (UI)
WdgMtb: ACCESS ThruCurve@ROUND is invisible (UI)
WdgMtb: ACCESS AutoCont@ROUND is invisible (UI)
WdgMtb: ACCESS Chordal@ROUND is invisible (UI)
WdgMtb: ACCESS Full@ROUND is invisible (UI)
WdgMtb: ACCESS AddSet@SetPopupMenu@ROUND is invisible (UI)
WdgMtb: ACCESS DeleteSet@SetPopupMenu@ROUND is invisible (UI)
WdgMtb: ACCESS MakeVariable@SetPopupMenu@ROUND is invisible (UI)
WdgMtb: ACCESS MakeConstant@SetPopupMenu@ROUND is invisible (UI)
WdgMtb: ACCESS ModeSwitch@ROUND is invisible (UI)
WdgMtb: ACCESS ThruCurve@ROUND is invisible (UI)
WdgMtb: ACCESS AutoCont@ROUND is invisible (UI)
WdgMtb: ACCESS Chordal@ROUND is invisible (UI)
WdgMtb: ACCESS Full@ROUND is invisible (UI)
WdgMtb: ACCESS AddSet@SetPopupMenu@ROUND is invisible (UI)
WdgMtb: ACCESS DeleteSet@SetPopupMenu@ROUND is invisible (UI)
WdgMtb: ACCESS MakeVariable@SetPopupMenu@ROUND is invisible (UI)
WdgMtb: ACCESS MakeConstant@SetPopupMenu@ROUND is invisible (UI)
WdgMtb: ACCESS ModeSwitch@ROUND is invisible (UI)
WdgMtb: ACCESS ThruCurve@ROUND is invisible (UI)
WdgMtb: ACCESS AutoCont@ROUND is invisible (UI)
WdgMtb: ACCESS Chordal@ROUND is invisible (UI)
WdgMtb: ACCESS Full@ROUND is invisible (UI)
WdgMtb: ACCESS AddSet@SetPopupMenu@ROUND is invisible (UI)
WdgMtb: ACCESS DeleteSet@SetPopupMenu@ROUND is invisible (UI)
WdgMtb: ACCESS MakeVariable@SetPopupMenu@ROUND is invisible (UI)
WdgMtb: ACCESS MakeConstant@SetPopupMenu@ROUND is invisible (UI)
WdgMtb: ACCESS ModeSwitch@ROUND is invisible (UI)
WdgMtb: ACCESS ThruCurve@ROUND is invisible (UI)
WdgMtb: ACCESS AutoCont@ROUND is invisible (UI)
WdgMtb: ACCESS Chordal@ROUND is invisible (UI)
WdgMtb: ACCESS Full@ROUND is invisible (UI)
WdgMtb: ACCESS AddSet@SetPopupMenu@ROUND is invisible (UI)
WdgMtb: ACCESS DeleteSet@SetPopupMenu@ROUND is invisible (UI)
WdgMtb: ACCESS MakeVariable@SetPopupMenu@ROUND is invisible (UI)
WdgMtb: ACCESS MakeConstant@SetPopupMenu@ROUND is invisible (UI)
WdgMtb: ACCESS ModeSwitch@ROUND is invisible (UI)
WdgMtb: ACCESS ThruCurve@ROUND is invisible (UI)
WdgMtb: ACCESS AutoCont@ROUND is invisible (UI)
WdgMtb: ACCESS Chordal@ROUND is invisible (UI)
WdgMtb: ACCESS Full@ROUND is invisible (UI)
WdgMtb: ACCESS AddSet@SetPopupMenu@ROUND is invisible (UI)
WdgMtb: ACCESS DeleteSet@SetPopupMenu@ROUND is invisible (UI)
WdgMtb: ACCESS MakeVariable@SetPopupMenu@ROUND is invisible (UI)
WdgMtb: ACCESS MakeConstant@SetPopupMenu@ROUND is invisible (UI)
WdgMtb: ACCESS ModeSwitch@ROUND is AVAILABLE (CB)
WdgMtb: ACCESS ThruCurve@ROUND is AVAILABLE (CB)
WdgMtb: ACCESS AutoCont@ROUND is AVAILABLE (CB)
WdgMtb: ACCESS Chordal@ROUND is AVAILABLE (CB)
WdgMtb: ACCESS Full@ROUND is unavailable (CB)
WdgMtb: ACCESS AddSet@SetPopupMenu@ROUND is AVAILABLE (CB)
WdgMtb: ACCESS DeleteSet@SetPopupMenu@ROUND is invisible (UI)
WdgMtb: ACCESS MakeVariable@SetPopupMenu@ROUND is AVAILABLE (CB)
WdgMtb: ACCESS MakeConstant@SetPopupMenu@ROUND is invisible (UI)
WdgMtb: ACCESS ModeSwitch@ROUND is AVAILABLE (CB)
WdgMtb: ACCESS ThruCurve@ROUND is AVAILABLE (CB)
WdgMtb: ACCESS AutoCont@ROUND is AVAILABLE (CB)
WdgMtb: ACCESS Chordal@ROUND is AVAILABLE (CB)
WdgMtb: ACCESS Full@ROUND is unavailable (CB)
WdgMtb: ACCESS AddSet@SetPopupMenu@ROUND is AVAILABLE (CB)
WdgMtb: ACCESS DeleteSet@SetPopupMenu@ROUND is invisible (UI)
WdgMtb: ACCESS MakeVariable@SetPopupMenu@ROUND is AVAILABLE (CB)
WdgMtb: ACCESS MakeConstant@SetPopupMenu@ROUND is invisible (UI)
WdgMtb: ACCESS ModeSwitch@ROUND is AVAILABLE (CB)
WdgMtb: ACCESS ThruCurve@ROUND is AVAILABLE (CB)
WdgMtb: ACCESS AutoCont@ROUND is unavailable (CB)
WdgMtb: ACCESS Chordal@ROUND is AVAILABLE (CB)
WdgMtb: ACCESS Full@ROUND is unavailable (CB)
WdgMtb: ACCESS AddSet@SetPopupMenu@ROUND is AVAILABLE (CB)
WdgMtb: ACCESS DeleteSet@SetPopupMenu@ROUND is AVAILABLE (CB)
WdgMtb: ACCESS MakeVariable@SetPopupMenu@ROUND is invisible (UI)
WdgMtb: ACCESS MakeConstant@SetPopupMenu@ROUND is invisible (UI)
WdgMtb: ACCESS ModeSwitch@ROUND is AVAILABLE (CB)
WdgMtb: ACCESS ThruCurve@ROUND is AVAILABLE (CB)
WdgMtb: ACCESS AutoCont@ROUND is AVAILABLE (CB)
WdgMtb: ACCESS Chordal@ROUND is AVAILABLE (CB)
WdgMtb: ACCESS Full@ROUND is unavailable (CB)
WdgMtb: ACCESS AddSet@SetPopupMenu@ROUND is AVAILABLE (CB)
WdgMtb: ACCESS DeleteSet@SetPopupMenu@ROUND is AVAILABLE (CB)
WdgMtb: ACCESS MakeVariable@SetPopupMenu@ROUND is AVAILABLE (CB)
WdgMtb: ACCESS MakeConstant@SetPopupMenu@ROUND is invisible (UI)
